74.7052 34.6049
75.5614 41.1684
63.6746 39.9567
66.3531 38.8048
64.3595 48.2888
61.5133 55.7133
58.0271 49.8722
56.4425 55.5455
56.7924 58.5367
60.505 60.0216
61.9872 66.4881
64.5864 78.0329
67.9866 84.915
69.7497 78.5782
63.3872 79.8019
68.9078 79.3012
60.1085 82.5904
49.2789 88.5231
48.5041 89.5539
43.537 86.9807
53.4761 75.5206
52.9797 73.1615
55.0104 73.923
55.3036 84.9457
65.862 97.2474
70.9581 98.445
71.5521 91.2938
66.4045 95.7794
69.2378 94.5343
72.4267 89.1005
75.4263 82.4801
80.0103 80.2502
85.9886 75.0692
84.4782 70.6082
90.3576 60.3709
95.2552 65.108
101.258 71.7835
105.419 77.4814
105.04 78.4254
107.093 75.3859
104.271 74.9652
107.242 76.3082
98.9375 71.22
100.129 70.1236
104.956 65.5688
112.526 60.6686
117.043 55.5668
118.495 54.8869
114.582 49.1912
112.49 48.0463
111.357 49.1644
108.925 47.1405
111.647 43.5877
108.51 46.8199
101.856 49.8415
97.215 42.9474
93.6597 45.1423
98.2508 46.4286
99.4617 48.3532
91.0702 48.139
85.591 45.52
89.169 44.699
96.577 45.0242
98.737 57.5483
109.567 65.1474
117.13 70.6714
121.969 75.2406
126.005 70.4125
127.821 65.264
122.766 63.5013
119.076 67.999
117.108 68.9028
124.148 79.0245
128.707 83.33
135.509 86.9869
136.881 86.2759
139.305 83.3525
133.479 82.7428
129.803 90.9307
130.759 97.0207
140.287 94.265
138.914 90.4161
138.685 78.0448
140.149 70.5196
136.03 71.4773
130.445 77.2623
136.035 76.1238
145.031 68.9465
142.219 59.7036
142.614 60.0483
146.524 60.519
148.267 54.9187
147.311 53.2915
141.556 61.4634
138.074 64.1956
139.09 66.1031
132.103 63.2653
131.579 56.2829
133.621 56.3796
136.618 60.0699
140.119 52.3012
144.849 55.036
140.476 51.0049
136.542 52.951
131.947 48.5263
120.907 48.6846
122.066 49.0611
125.238 45.5779
134.763 40.1739
143.411 44.8173
147.167 44.1245
143.662 45.1627
144.166 37.9822
141.467 42.3753
148.217 42.2078
155.118 40.8593
154.213 33.5897
156.1 30.7398
161.381 24.9667
159.646 21.3591
160.161 13.1325
154.837 16.5486
151.068 25.784
155.597 27.9766
157.692 24.1056
156.096 17.4365
151.044 15.5881
149.433 18.9324
147.539 19.1858
140.51 26.8814
143.489 24.6365
137.394 22.7371
137.213 25.6923
137.447 30.3115
143.943 34.4621
146.322 25.4585
156.297 21.0429
152.564 28.0497
148.213 27.8818
139.689 38.0463
132.36 43.408
132.231 49.5584
131.691 50.1126
126.989 56.6194
129.321 55.9892
124.179 45.0948
120.32 37.0557
121.152 38.7929
122.539 39.037
124.642 39.9881
133.722 43.2815
142.5 36.727
153.805 28.1331
158.456 23.5144
155.621 19.7358
155.391 23.3417
154.85 23.3985
165.525 23.6086
162.709 13.6208
160.577 10.6353
154.059 15.37
148.025 8.11027
146.673 10.9341
150.007 5.86843
153.237 7.18221
143.204 5.02502
142.403 5.91163
148.544 4.64043
151.724 -7.43597
152.244 -18.0702
156.47 -25.831
157.665 -29.9189
163.518 -27.3313
154.376 -22.4272
146.524 -22.1602
145.81 -20.3942
152.119 -23.1612
149.693 -20.5222
152.685 -15.8316
152.419 -16.3318
152.092 -14.8032
158.19 -15.6351
148.76 -24.507
151.023 -31.6049
148.287 -32.9902
143.854 -27.1625
145.137 -29.2067
147.438 -34.24
149.531 -28.1667
153.025 -26.5142
153.825 -25.6227
153.97 -20.1563
155.435 -24.4116
159.629 -26.9375
162.606 -26.8739
162.71 -28.2833
161.006 -22.9923
152.339 -24.7739
152.024 -31.8678
150.52 -30.3158
155.093 -28.0066
156.029 -30.5467
153.359 -39.4785
156.921 -30.2626
154.101 -28.593
158.968 -23.5865
163.621 -18.1781
161.992 -16.1377
164.869 -20.7225
160.668 -16.57
164.43 -17.9444
164.582 -9.64193
155.457 -8.54672
149.349 -7.52007
145.382 -10.4833
152.665 -7.49716
144.777 -8.66667
142.711 -6.56313
145.359 5.7145
152.669 16.1724
158.513 26.7682
149.891 30.2356
142.874 26.0266
140.949 29.1439
134.803 24.8691
128.036 26.9102
132.526 27.971
130.896 33.1809
126.065 35.5482
118.573 34.3585
111.352 40.3134
112.695 44.8295
112.62 53.1368
109.769 53.2409
108.247 44.0027
112.032 46.3475
115.519 52.5122
109.933 52.5979
98.664 49.4903
101.048 43.9041
109.271 42.9014
110.747 38.5928
117.431 34.5402
116.228 32.5172
112.995 24.3334
114.051 23.5834
121.439 23.7113
123.274 26.1132
125.762 19.7274
119.818 13.8709
116.809 13.7626
112.301 17.7724
105.999 17.3859
110.884 12.3534
113.671 7.13729
115.314 9.21497
111.558 15.5744
107.779 16.2866
105.954 10.9817
108.086 9.42567
105.737 18.1199
107.571 27.308
105.857 24.5767
100.519 24.4594
90.6182 19.9974
92.6174 20.4311
103.157 12.5676
105.553 11.1355
104.901 14.605
101.667 13.0404
99.4946 4.06929
97.9908 -1.47611
98.3606 -5.31871
94.917 4.97001
94.094 10.5898
95.2399 13.7518
94.9502 16.8954
102.252 15.8957
101.965 15.4767
107.827 14.7956
104.823 15.7347
102.56 17.8995
110.266 18.1545
105.124 18.8799
104.661 18.9742
115.24 22.7521
118.158 21.7946
113.868 28.7263
111.446 27.9193
108.021 37.3484
104.895 39.0241
107.402 42.0913
98.6132 42.7493
93.0555 42.2738
96.3277 49.7062
98.4757 42.1667
98.2899 32.5306
96.8234 29.3392
99.6574 30.142
101.031 25.0535
99.4518 31.1003
91.7116 38.5726
84.6106 42.5248
82.431 49.5694
87.6078 54.9907
96.019 53.2907
98.6107 49.3343
99.0476 46.6184
103.9 53.0014
107.845 58.1556
100.4 56.8701
91.7207 63.8118
90.2479 62.4604
98.7086 56.0612
115.14 56.5427
119.537 55.7068
121.085 52.1515
124.452 51.3108
124.04 49.1338
118.63 47.6518
120.017 44.0703
127.061 46.3863
119.065 50.457
120.142 45.3633
122.28 44.6273
123.818 48.037
128.228 47.1215
121.972 47.6004
121.91 49.7997
117.355 46.6925
118.829 41.201
125.35 34.7561
133.057 29.9703
134.984 22.9791
137.855 24.3283
137.241 25.8148
135.141 24.8517
129.068 20.928
126.376 19.6177
122.192 22.3596
119.033 16.2014
118.932 10.7697
121.834 5.94072
120.72 9.79003
120.203 5.90948
126.088 4.35328
124.584 1.13281
122.74 2.57762
115.124 7.78656
119.812 11.6334
117.16 10.012
105.585 8.21669
102.247 6.11077
102.443 0.531252
104.89 -7.76937
97.7853 -11.1452
97.8756 -7.74565
98.3212 -18.522
97.8671 -18.1417
96.339 -17.6967
99.2869 -18.4813
96.0252 -21.0289
92.7976 -24.3835
94.1423 -19.2456
93.1605 -15.5676
88.5841 -14.5026
86.4632 -13.3652
94.9817 -9.01366
95.2452 -12.8441
96.186 -12.995
95.6775 -11.795
101.2 -14.517
112.013 -19.2362
114.332 -11.9317
112.655 -14.2336
116.522 -16.9269
113.722 -16.9864
113.26 -19.0373
116.454 -22.0123
111.061 -21.4864
110.57 -14.4514
111.475 -17.1701
115.349 -21.5
115.367 -21.3214
113.357 -17.2104
113.461 -19.6445
107.454 -20.2545
108.375 -16.5779
108.458 -20.4802
111.967 -21.407
117.12 -19.4209
126.188 -22.6235
131.527 -23.9228
130.726 -26.2278
139.999 -12.3954
149.876 -4.92568
146.891 -4.42533
151.683 -6.03713
152.415 -9.03218
157.486 -8.7891
151.093 -6.1464
154.026 -5.67296
153.171 2.33485
154.724 -0.866973
156.164 -12.9483
155.935 -21.9589
149.008 -28.6498
153.999 -29.3211
151.387 -33.1738
156.331 -31.4167
157.249 -34.5678
159.517 -36.574
156.497 -38.3675
155.709 -43.3666
145.584 -46.3641
144.351 -48.9872
140.124 -48.2021
135.381 -45.4809
131.792 -55.025
132.158 -63.8537
132.751 -59.9736
125.461 -55.2091
122.067 -55.5895
126.243 -56.5328
130.439 -54.159
124.773 -51.6774
124.502 -53.1442
119.463 -48.7809
122.893 -42.2129
127.806 -42.8179
124.41 -43.4632
125.658 -40.9747
127.05 -41.4647
135.079 -41.9875
138.613 -41.1472
139.757 -40.5928
151.47 -38.6594
165.744 -35.2545
174.484 -36.9814
171.461 -39.1434
177.819 -30.7213
177.14 -21.5667
168.206 -23.6331
163.74 -29.806
159.973 -34.5685
156.188 -33.3054
162.022 -31.9847
165.033 -31.7751
162.726 -26.8639
159.642 -30.1678
156.481 -38.455
156.333 -42.9226
154.79 -37.0893
155.331 -37.0189
162.513 -35.8306
164.234 -33.6727
168.251 -33.7562
169.024 -32.978
170.22 -40.9064
178.374 -42.1398
173.372 -37.0355
167.022 -37.0321
170.824 -42.1971
170.538 -35.4592
168.998 -36.3639
165.144 -35.074
156.318 -39.4718
151.488 -43.1435
143.637 -36.2557
145.687 -28.5111
146.488 -27.7312
153.569 -38.6934
143.137 -43.8702
138.968 -51.7646
139.347 -56.8258
144.952 -56.4825
141.724 -58.6908
143.291 -60.9966
150.03 -66.0646
154.107 -68.8245
156.137 -66.4439
162.136 -70.2005
171.326 -64.4757
175.98 -56.878
171.188 -48.7606
171.327 -41.0191
171.226 -35.8444
178.498 -34.8146
177.503 -37.5624
166.822 -39.0035
161.926 -39.6168
162.84 -43.596
161.009 -48.6408
156.256 -48.5729
150.321 -40.9697
146.572 -33.57
136.037 -30.6564
132.509 -24.1353
138.553 -19.77
138.802 -12.1655
134.794 -18.811
138.244 -20.5414
131.88 -9.73701
137.703 -1.65399
133.577 -2.05844
132.534 0.00551079
130.376 -5.28637
123.24 -7.42091
124.039 1.50336
124.86 0.923914
122.226 -3.7453
116.284 -3.01827
105.888 2.0779
97.657 -3.40214
91.9448 -5.08015
94.0496 -5.70282
97.8646 -11.3874
94.045 -17.216
89.0549 -14.4768
87.6243 -10.8644
91.4599 -3.70069
96.7873 -5.60643
103.292 -2.91807
96.8179 6.68225
96.3448 12.4996
91.8284 9.2184
93.6458 8.59272
95.2016 14.3161
91.6917 11.4045
85.2308 5.42556
77.3902 4.05072
70.926 6.98042
64.4597 17.1807
65.3013 27.8808
67.0232 30.5049
63.8042 27.7567
53.835 29.2891
55.2503 28.9834
57.5194 34.1198
58.5257 38.8925
61.6867 38.5689
60.6772 42.4634
60.5661 43.0736
53.0311 48.8711
49.716 44.7585
48.9197 47.8495
46.7804 47.4157
48.8322 47.5865
48.2133 52.252
48.6286 49.4468
48.6683 44.5471
50.9668 45.8604
56.0813 45.1433
50.7677 48.8322
49.6409 44.801
46.9759 43.8199
41.9739 38.9024
39.6015 30.3118
40.9001 25.3039
37.8369 29.9672
37.2402 33.1255
36.759 38.7555
36.7577 36.7956
37.8648 46.6483
33.8093 50.4916
39.2314 54.7723
34.7008 60.0658
39.214 56.1873
31.7488 51.5051
36.6895 51.1369
40.0368 52.4496
44.4384 54.7082
46.1926 58.2636
52.256 60.0735
52.9669 57.1865
51.4496 66.0299
48.7708 69.42
49.3749 70.9968
51.1526 67.9708
50.5365 70.5406
57.958 73.6366
55.4206 75.7745
56.5356 76.7679
61.8221 76.3757
57.1975 79.3475
48.2675 79.57
54.1417 86.7739
52.0356 90.6812
42.1151 86.579
48.4255 86.5935
45.8549 90.0378
48.7657 96.9243
40.9145 98.9114
44.1967 93.063
51.3529 97.6876
47.4534 92.3553
48.2359 84.5345
47.8129 80.3369
45.7913 80.2542
37.0261 74.0354
28.7005 69.3029
29.9624 62.0603
29.8645 55.0635
27.4867 57.1553
30.9342 55.4298
27.4249 56.5643
26.1468 61.4516
27.5583 61.008
15.9401 55.1504
14.3093 43.0346
15.3562 38.5988
9.62734 46.274
14.3233 44.7897
10.0998 41.1958
12.2814 43.5171
16.9704 41.1721
21.9921 38.088
25.8123 46.5877
24.802 42.4743
25.1823 38.1217
30.7948 32.591
32.1334 41.0608
25.1081 41.6795
23.2421 40.2048
16.5177 30.6146
14.2482 28.5667
17.1643 28.2168
18.044 35.5144
18.9745 37.2055
19.8277 37.015
13.0251 37.3131
14.0905 33.4758
13.3513 32.0636
13.7204 35.0091
18.6622 38.7912
17.9536 39.0517
18.8754 39.4335
25.519 32.4217
35.5866 30.2725
39.6418 29.7903
37.3581 36.0699
37.7833 44.8248
38.2183 50.6235
34.1948 53.5549
34.9844 51.8409
42.8478 56.4872
48.4823 49.7245
57.1795 46.6349
64.5678 45.2205
59.5801 41.1852
51.7902 47.6737
49.2402 51.2524
47.1858 55.3104
48.0906 59.9688
48.6668 67.2723
45.0709 70.9685
34.373 73.3034
34.3702 68.1456
39.6992 67.8623
44.5138 70.4912
49.0343 68.5053
42.9405 78.3654
44.1052 75.5445
46.5861 73.7285
41.9555 82.1589
45.9763 91.2099
49.7349 92.7173
55.942 101.368
63.5956 104.521
57.317 110.307
54.6853 116.561
51.6845 105.823
50.8646 102.802
56.9867 101.369
48.716 104.161
41.0701 105.213
46.0751 108.478
45.2221 112.595
40.8367 115.99
40.7067 119.53
40.6313 117.991
44.9983 116.951
40.5291 107.059
30.6148 102.601
28.0308 94.0467
30.8917 92.9553
38.8023 99.1483
46.2975 103.028
40.4404 113.002
35.7016 119.926
32.8149 118.897
36.8023 116.052
44.2153 129.831
47.874 131.734
48.9225 134.73
48.5445 135.74
45.808 136.542
42.8849 131.028
41.4825 133.154
39.972 130.858
45.4313 130.81
51.053 124.582
52.6181 123.964
51.2862 115.526
46.3287 112.18
38.9692 99.1543
38.7423 98.8156
42.3158 98.0876
51.4262 96.7364
50.3449 100.142
49.6668 100.09
48.6257 95.9811
64.0734 98.281
69.6468 98.5749
71.401 101.72
75.7578 101.291
80.8963 100.811
81.5934 99.3532
81.8122 96.0051
76.4431 90.9587
75.8057 86.0584
74.2076 91.004
72.6391 95.1718
65.2231 92.874
60.5002 95.9946
64.2165 102.326
61.8696 98.0891
57.6866 101.188
52.9676 99.4141
55.6127 94.1911
58.2983 91.5816
54.9337 102.491
55.6109 115.29
61.6449 112.626
68.8482 105.634
69.8364 104.348
69.1924 103.37
69.4315 103.61
70.7606 110.573
68.4706 112.218
64.4903 119.954
58.482 115.675
62.2628 109.44
68.204 112.881
71.0059 113.107
67.0961 115.305
59.1739 104.052
55.0881 103.706
55.1408 96.7765
62.6237 95.7882
59.0358 88.7021
53.2382 92.7709
51.7763 97.6771
48.2653 98.8484
47.1461 96.3056
41.8609 94.5274
30.8397 90.0659
25.2253 86.0817
24.2177 79.2575
28.1379 74.0934
33.3838 70.6349
33.3 66.7201
34.8103 69.6135
34.4635 65.6296
43.4621 61.6353
44.0452 59.3947
43.9225 54.3224
39.2435 60.4243
39.6579 64.1697
36.625 68.5337
40.8993 59.6353
37.6761 58.5126
30.2076 57.7181
26.2354 54.3489
28.9436 52.6439
35.5094 43.258
36.191 43.3312
37.6291 41.2478
42.1652 38.1858
46.9675 43.5214
44.137 44.8618
40.6171 41.6732
37.7234 35.2543
38.4067 36.7234
32.6554 33.2999
35.7792 28.7831
37.7185 31.1432
41.6033 27.6978
44.0542 25.5241
44.1274 24.858
51.1916 22.8314
46.8666 21.8805
42.1021 19.8379
38.1118 14.9134
30.4132 15.0868
24.2411 13.7755
23.6547 17.3662
16.0743 15.2931
12.0592 18.4522
9.95918 16.3062
12.6929 7.34488
15.886 1.59958
16.09 3.85066
8.02095 6.77575
7.75113 12.4255
6.5843 9.34234
3.3969 10.6222
3.53742 4.12002
0.181104 1.43219
11.0455 -2.34155
16.8989 -8.54221
23.9095 -14.0153
24.0958 -15.3635
14.2153 -17.9397
15.2963 -21.0566
22.3819 -16.9416
21.2598 -14.9465
23.2364 -16.7153
25.5425 -18.3301
29.0982 -19.1148
26.5002 -22.1428
16.9692 -18.4292
12.1543 -22.1638
8.12267 -24.8691
10.1214 -23.8435
16.5274 -24.3432
17.5824 -33.2137
16.6502 -29.8838
15.6655 -29.6167
11.0696 -33.892
9.09207 -40.588
14.2759 -36.5711
12.3303 -33.7966
12.3662 -38.5093
14.6464 -38.0589
7.02734 -43.1424
12.2263 -41.9327
14.6647 -40.6861
13.342 -39.7569
12.121 -47.7582
9.80188 -53.7457
17.5077 -61.38
18.9789 -66.0878
24.6991 -67.5873
22.8687 -61.8227
24.8472 -53.1669
25.9294 -53.5743
18.3023 -60.987
18.0097 -60.1359
18.8482 -57.917
27.7952 -50.7779
27.8814 -47.8048
21.9579 -44.3127
17.0923 -47.3166
21.4862 -50.7539
20.8136 -51.2358
22.0289 -47.3144
22.3682 -44.8619
26.2799 -42.8157
26.5941 -47.2159
22.3534 -43.4778
17.1374 -38.7962
17.7814 -33.1966
11.918 -27.4532
17.8015 -26.5269
17.9872 -14.531
17.2129 -17.457
20.0105 -15.3579
17.642 -15.7016
15.616 -14.2374
3.41079 -6.64972
5.27861 -3.78956
3.97295 -1.9565
-0.0457742 -5.19349
-5.79946 -4.86893
-1.10217 -10.7225
5.04459 -18.6768
14.2418 -14.5806
23.5692 -18.937
27.9331 -21.9818
27.8789 -19.3212
25.592 -24.1528
26.668 -26.7942
32.9246 -27.119
34.5002 -33.3041
35.2515 -33.8689
29.6919 -35.0279
32.1019 -44.0838
30.2825 -52.5472
31.285 -58.177
36.3411 -66.8634
31.65 -67.3416
39.6369 -60.1337
44.9451 -56.8629
41.22 -66.3014
36.0793 -75.5764
32.7935 -77.0805
34.3101 -68.6654
36.5266 -67.8809
39.0075 -62.5994
43.0469 -62.5128
46.2208 -60.2951
50.9007 -66.6188
59.2926 -60.1071
61.7666 -53.434
64.2674 -54.4277
57.8017 -43.7325
64.4805 -39.2838
66.2123 -34.8874
68.4899 -30.9616
77.7021 -29.8167
80.3149 -34.2243
76.2645 -42.8495
68.5065 -46.486
72.0158 -54.3577
77.434 -52.321
79.9215 -53.322
76.7628 -57.1613
75.318 -51.7362
79.5225 -50.1296
76.2122 -42.6276
68.7706 -45.9822
66.5534 -48.5082
60.3879 -50.5673
64.3641 -51.4664
68.398 -55.6461
63.1308 -66.4373
61.2685 -61.5758
68.955 -61.659
68.8203 -66.2762
70.2085 -63.2778
72.5398 -65.8568
63.6493 -67.1103
62.1525 -76.4105
64.8552 -81.1422
69.9643 -78.8092
76.426 -84.6224
77.4298 -89.512
78.1728 -84.2697
76.1519 -86.9826
74.3024 -82.7929
74.5404 -77.0694
72.3132 -81.0838
78.5733 -85.6861
72.5184 -84.7425
74.9796 -88.9256
79.8975 -92.9026
83.3612 -90.6268
84.5496 -97.3203
83.718 -99.8894
89.0066 -96.9299
87.7734 -97.8707
83.731 -96.6813
89.9827 -99.5095
92.8035 -102.783
92.914 -107.133
96.1602 -114.474
92.0993 -124.252
88.0685 -125.639
83.8041 -126.685
90.5589 -128.13
99.3214 -124.318
105.175 -120.818
101.011 -121.337
96.2191 -123.189
92.0634 -131.758
99.1097 -135.625
96.425 -129.814
93.8759 -122.522
93.8007 -113.634
96.9239 -105.474
95.3005 -99.7848
90.5203 -98.5701
93.0816 -94.7899
92.5903 -87.7008
95.8023 -79.6864
99.401 -87.4569
101.1 -91.2852
101.126 -99.8906
100.483 -98.3068
98.6934 -88.6393
96.182 -90.1017
93.1926 -88.0328
96.1692 -84.6423
97.8681 -91.7565
98.1773 -88.9331
101.484 -86.9688
106.809 -81.9101
119.984 -80.4387
129.451 -87.1692
127.535 -92.4348
131.615 -86.3821
127.055 -90.8494
123.789 -98.2784
126.43 -104.692
135.971 -101.695
141.82 -99.3989
137.715 -92.6809
134.092 -83.1075
129.968 -84.5771
126.154 -83.2434
127.76 -82.5648
126.33 -89.995
124.366 -97.2706
122.61 -97.9725
124.978 -89.3824
120.567 -94.8641
127.814 -93.3376
132.633 -94.4282
131.758 -97.6062
125.768 -99.4539
123.623 -100.416
127.978 -102.862
130.482 -106.133
130.423 -106.893
130.323 -108.071
128.064 -108.349
131.292 -108.885
131.059 -108.438
123.73 -104.962
122.957 -103.325
125.194 -98.0343
133.635 -104.54
141.794 -107.913
