76.3994 33.7388
76.5707 35.0515
74.1933 34.8092
74.729 34.5788
74.3303 36.4756
73.761 37.9605
73.0638 36.7923
72.7469 37.9269
72.8168 38.5252
73.5594 38.8221
73.8558 40.1154
74.3756 42.4244
75.0557 43.8008
75.4083 42.5335
74.1358 42.7782
75.2399 42.6781
73.4801 43.3359
71.3141 44.5224
71.1592 44.7286
70.1658 44.214
72.1536 41.9219
72.0543 41.4501
72.4604 41.6024
72.5191 43.807
74.6308 46.2673
75.65 46.5068
75.7688 45.0766
74.7393 45.9737
75.3059 45.7247
75.9437 44.6379
76.5436 43.3138
77.4604 42.8679
78.6561 41.8317
78.354 40.9395
79.5299 38.892
80.5094 39.8394
81.71 41.1745
82.5421 42.3141
82.4663 42.5029
82.8769 41.895
82.3126 41.8109
82.9068 42.0795
81.2459 41.0618
81.4842 40.8425
82.4495 39.9316
83.9636 38.9515
84.867 37.9312
85.1573 37.7952
84.3748 36.6561
83.9564 36.4271
83.7298 36.6507
83.2433 36.2459
83.7878 35.5354
83.1604 36.1818
81.8296 36.7861
80.9014 35.4073
80.1903 35.8463
81.1085 36.1035
81.3507 36.4885
79.6724 36.4456
78.5766 35.9218
79.2922 35.7576
80.7738 35.8227
81.2058 38.3275
83.3717 39.8473
84.8843 40.9521
85.8521 41.8659
86.6593 40.9003
87.0227 39.8706
86.0115 39.5181
85.2736 40.4176
84.8799 40.5984
86.2879 42.6227
87.1997 43.4838
88.5602 44.2152
88.8345 44.073
89.3194 43.4883
88.1541 43.3664
87.419 45.004
87.6102 46.222
89.5158 45.6708
89.2412 44.901
89.1954 42.4268
89.4882 40.9217
88.6643 41.1133
87.5473 42.2703
88.6654 42.0426
90.4646 40.6071
89.9021 38.7585
89.9813 38.8275
90.7631 38.9216
91.1117 37.8016
90.9205 37.4761
89.7696 39.1105
89.0732 39.6569
89.2765 40.0384
87.8789 39.4709
87.7741 38.0744
88.1826 38.0937
88.782 38.8318
89.4822 37.2781
90.4283 37.825
89.5537 37.0188
88.7668 37.408
87.8478 36.5231
85.6399 36.5547
85.8715 36.63
86.506 35.9334
88.4111 34.8526
90.1405 35.7813
90.8918 35.6427
90.1909 35.8504
90.2916 34.4143
89.7518 35.2929
91.1017 35.2594
92.482 34.9897
92.3011 33.5358
92.6785 32.9658
93.7346 31.8112
93.3875 31.0896
93.4905 29.4443
92.4258 30.1275
91.6719 31.9746
92.5778 32.4131
92.9968 31.6389
92.6776 30.3051
91.6671 29.9354
91.345 30.6043
90.9662 30.655
89.5603 32.1941
90.1561 31.7451
88.9372 31.3652
88.901 31.9563
88.9478 32.8801
90.247 33.7102
90.7229 31.9095
92.7178 31.0264
91.9711 32.4278
91.1009 32.3942
89.3962 34.4271
87.9303 35.4994
87.9045 36.7295
87.7965 36.8403
86.8563 38.1417
87.3227 38.0157
86.2942 35.8368
85.5224 34.229
85.6887 34.5764
85.9662 34.6252
86.3867 34.8154
88.2028 35.4741
89.9584 34.1632
92.2194 32.4444
93.1495 31.5207
92.5826 30.765
92.5366 31.4862
92.4284 31.4975
94.5634 31.5395
94.0001 29.542
93.5737 28.9449
92.2702 29.8918
91.0633 28.4399
90.793 29.0046
91.4597 27.9915
92.1058 28.2543
90.0991 27.8228
89.939 28.0001
91.1671 27.7459
91.8032 25.3306
91.9071 23.2038
92.7523 21.6516
92.9913 20.834
94.1619 21.3516
92.3336 22.3324
90.7632 22.3858
90.6204 22.739
91.8821 22.1856
91.397 22.7134
91.9954 23.6515
91.9421 23.5515
91.8768 23.8572
93.0963 23.6908
91.2103 21.9164
91.6629 20.4968
91.1158 20.2198
90.2291 21.3853
90.4858 20.9765
90.9459 19.9698
91.3646 21.1845
92.0634 21.515
92.2233 21.6933
92.2524 22.7866
92.5454 21.9355
93.3842 21.4303
93.9796 21.443
94.0003 21.1612
93.6595 22.2194
91.9263 21.863
91.8633 20.4443
91.5623 20.7547
92.4769 21.2165
92.6642 20.7085
92.1302 18.9221
92.8425 20.7653
92.2785 21.0992
93.252 22.1005
94.1827 23.1822
93.8569 23.5903
94.4322 22.6733
93.592 23.5038
94.3444 23.2289
94.3748 24.8894
92.5498 25.1085
91.3282 25.3138
90.5348 24.7212
91.9914 25.3184
90.4139 25.0845
90.0005 25.5052
90.5301 27.9607
91.9921 30.0523
93.161 32.1715
91.4365 32.8649
90.0331 32.0231
89.6482 32.6466
88.4189 31.7916
87.0656 32.1999
87.9636 32.412
87.6377 33.454
86.6713 33.9275
85.1731 33.6895
83.7287 34.8805
83.9974 35.7837
83.9823 37.4452
83.4122 37.466
83.1079 35.6184
83.8647 36.0873
84.5622 37.3203
83.4449 37.3374
81.1912 36.7159
81.668 35.5986
83.3126 35.3981
83.6078 34.5364
84.9445 33.7259
84.7039 33.3213
84.0573 31.6845
84.2686 31.5345
85.7461 31.5601
86.1131 32.0405
86.6108 30.7633
85.422 29.592
84.8201 29.5703
83.9185 30.3723
82.6582 30.295
83.6351 29.2885
84.1926 28.2453
84.5212 28.6608
83.77 29.9327
83.0141 30.0751
82.6492 29.0142
83.0756 28.703
82.6057 30.4418
82.9725 32.2794
82.6298 31.7332
81.5622 31.7097
79.582 30.8173
79.9819 30.904
82.0899 29.3314
82.5689 29.0449
82.4386 29.7388
81.7917 29.4259
81.3573 27.6317
81.0565 26.5226
81.1305 25.7541
80.4418 27.8118
80.2772 28.9358
80.5063 29.5682
80.4484 30.1969
81.9087 29.997
81.8514 29.9132
83.0238 29.7769
82.4229 29.9648
81.9703 30.3977
83.5115 30.4487
82.4832 30.5938
82.3906 30.6127
84.5063 31.3682
85.09 31.1767
84.232 32.5631
83.7476 32.4017
83.0626 34.2875
82.4373 34.6226
82.9389 35.2361
81.181 35.3677
80.0695 35.2726
80.7239 36.7591
81.1535 35.2512
81.1164 33.3239
80.823 32.6857
81.3899 32.8462
81.6645 31.8285
81.3487 33.0379
79.8007 34.5324
78.3805 35.3228
77.9446 36.7317
78.9799 37.816
80.6622 37.476
81.1805 36.6847
81.2679 36.1415
82.2383 37.4181
83.0273 38.4489
81.5384 38.1919
79.8025 39.5802
79.5079 39.3099
81.2001 38.0301
84.4863 38.1264
85.3658 37.9592
85.6753 37.2481
86.3488 37.08
86.2663 36.6446
85.1844 36.3482
85.4617 35.6319
86.8705 36.0951
85.2713 36.9092
85.4868 35.8905
85.9143 35.7433
86.222 36.4252
87.104 36.2421
85.8527 36.3379
85.8403 36.7778
84.9294 36.1563
85.2242 35.058
86.5284 33.769
88.0698 32.8119
88.4552 31.4136
89.0293 31.6835
88.9065 31.9808
88.4865 31.7882
87.2719 31.0034
86.7335 30.7414
85.8969 31.2897
85.265 30.0581
85.2448 28.9718
85.8251 28.006
85.6023 28.7758
85.499 27.9997
86.676 27.6885
86.3751 27.0444
86.0063 27.3333
84.4832 28.3751
85.4208 29.1445
84.8904 28.8202
82.5753 28.4612
81.9077 28.04
81.9469 26.9241
82.4365 25.2639
81.0154 24.5888
81.0335 25.2687
81.1226 23.1134
81.0318 23.1895
80.7262 23.2785
81.3158 23.1216
80.6634 22.612
80.0179 21.9411
80.2868 22.9687
80.0905 23.7043
79.1752 23.9173
78.751 24.1448
80.4547 25.0151
80.5074 24.249
80.6956 24.2188
80.5939 24.4588
81.6984 23.9144
83.8609 22.9706
84.3248 24.4315
83.9894 23.9711
84.7627 23.4324
84.2028 23.4205
84.1103 23.0104
84.7492 22.4154
83.6707 22.5205
83.5724 23.9275
83.7535 23.3838
84.5281 22.5178
84.5317 22.5535
84.1297 23.3757
84.1507 22.8889
82.9491 22.7669
83.1334 23.5022
83.1499 22.7218
83.8517 22.5364
84.8823 22.9336
86.696 22.2931
87.7638 22.0333
87.6035 21.5723
89.4581 24.3387
91.4335 25.8327
90.8367 25.9328
91.7949 25.6104
91.9413 25.0114
92.9557 25.06
91.6769 25.5885
92.2637 25.6832
92.0925 27.2848
92.4032 26.6444
92.6912 24.2282
92.6455 22.426
91.2599 21.0879
92.2581 20.9536
91.7357 20.1831
92.7246 20.5345
92.9081 19.9043
93.3618 19.503
92.7578 19.1443
92.6001 18.1445
90.5751 17.545
90.3285 17.0204
89.4832 17.1774
88.5345 17.7216
87.8168 15.8128
87.8901 14.0471
88.0085 14.8231
86.5505 15.776
85.8717 15.6999
86.707 15.5113
87.5462 15.986
86.413 16.4823
86.3588 16.189
85.3509 17.0616
86.037 18.3752
87.0195 18.2543
86.3404 18.1252
86.59 18.6229
86.8683 18.5249
88.4742 18.4203
89.181 18.5884
89.4098 18.6993
91.7524 19.0859
94.6073 19.7669
96.3552 19.4215
95.7505 18.9891
97.0222 20.6736
96.8863 22.5045
95.0996 22.0912
94.2064 20.8566
93.453 19.9041
92.696 20.1567
93.8628 20.4209
94.465 20.4628
94.0036 21.445
93.3868 20.7843
92.7545 19.1268
92.725 18.2333
92.4163 19.4
92.5245 19.414
93.9609 19.6517
94.3053 20.0833
95.1085 20.0666
95.2631 20.2222
95.5025 18.6365
97.1331 18.3899
96.1328 19.4107
94.8627 19.4114
95.6232 18.3784
95.5659 19.726
95.258 19.545
94.4871 19.803
92.722 18.9235
91.756 18.1891
90.1857 19.5667
90.5958 21.1156
90.756 21.2716
92.1722 19.0791
90.0857 18.0438
89.252 16.4649
89.3277 15.4527
90.4488 15.5213
89.8031 15.0797
90.1166 14.6185
91.4643 13.6049
92.2797 13.0529
92.6858 13.529
93.8855 12.7777
95.7235 13.9227
96.6543 15.4422
95.6961 17.0657
95.7237 18.614
95.7035 19.6489
97.1579 19.8549
96.9589 19.3053
94.8228 19.0171
93.8436 18.8945
94.0264 18.0986
93.6602 17.0897
92.7096 17.1032
91.5226 18.6239
90.7727 20.1038
88.6658 20.6865
87.9602 21.9908
89.1691 22.8638
89.2188 24.3847
88.4172 23.0556
89.1071 22.7095
87.8344 24.8704
88.9989 26.487
88.1738 26.4061
87.9652 26.8189
87.5336 25.7605
86.1064 25.3336
86.2661 27.1185
86.4303 27.0026
85.9035 26.0688
84.7151 26.2142
82.6359 27.2334
80.9898 26.1374
79.8473 25.8018
80.2683 25.6773
81.0313 24.5403
80.2674 23.3746
79.2694 23.9225
78.9832 24.6449
79.7503 26.0777
80.8158 25.6965
82.1168 26.2342
80.822 28.1543
80.7273 29.3177
79.8241 28.6615
80.1875 28.5364
80.4987 29.681
79.7967 29.0987
78.5045 27.9029
76.9364 27.628
75.6436 28.2139
74.3503 30.254
74.5186 32.394
74.863 32.9188
74.2192 32.3692
72.2254 32.6756
72.5084 32.6145
72.9623 33.6418
73.1635 34.5963
73.7957 34.5316
73.5938 35.3105
73.5716 35.4325
72.0646 36.592
71.4016 35.7695
71.2423 36.3877
70.8144 36.301
71.2248 36.3351
71.101 37.2682
71.1841 36.7072
71.192 35.7272
71.6517 35.9899
72.6746 35.8465
71.6119 36.5843
71.3865 35.778
70.8536 35.5818
69.8531 34.5983
69.3787 32.8802
69.6384 31.8786
69.0257 32.8113
68.9064 33.4429
68.8102 34.5689
68.8099 34.1769
69.0313 36.1475
68.2202 36.9161
69.3047 37.7723
68.3985 38.831
69.3012 38.0553
67.8081 37.1188
68.7963 37.0452
69.4657 37.3077
70.346 37.7595
70.6969 38.4705
71.9096 38.8325
72.0518 38.2551
71.7483 40.0238
71.2125 40.7018
71.3334 41.0172
71.6889 40.412
71.5657 40.9259
73.05 41.5451
72.5425 41.9727
72.7655 42.1714
73.8228 42.093
72.8979 42.6873
71.1119 42.7318
72.2867 44.1726
71.8655 44.9541
69.8814 44.1336
71.1435 44.1365
70.6294 44.8254
71.2115 46.2027
69.6413 46.6001
70.2977 45.4304
71.7289 46.3553
70.949 45.2889
71.1055 43.7247
71.0209 42.8852
70.6166 42.8687
68.8636 41.6249
67.1985 40.6784
67.4509 39.2299
67.4313 37.8305
66.9557 38.2489
67.6452 37.9038
66.9433 38.1307
66.6877 39.1081
66.97 39.0194
64.6464 37.8479
64.3202 35.4247
64.5296 34.5376
63.3838 36.0726
64.323 35.7758
63.4783 35.057
63.9147 35.5212
64.8525 35.0522
65.8568 34.4354
66.6208 36.1354
66.4188 35.3127
66.4948 34.4422
67.6173 33.336
67.885 35.03
66.48 35.1537
66.1068 34.8588
64.7619 32.9407
64.308 32.5312
64.8912 32.4612
65.0672 33.9207
65.2533 34.2589
65.4239 34.2208
64.0634 34.2804
64.2765 33.513
64.1286 33.2305
64.2024 33.8196
65.1908 34.5761
65.0491 34.6282
65.2334 34.7045
66.5622 33.3022
68.5757 32.8723
69.3867 32.7759
68.93 34.0318
69.015 35.7828
69.102 36.9425
68.2973 37.5288
68.4553 37.186
70.0279 38.1153
71.1548 36.7627
72.8943 36.1448
74.3719 35.8619
73.3744 35.0549
71.8164 36.3526
71.3064 37.0683
70.8955 37.8799
71.0765 38.8116
71.1917 40.2723
70.4726 41.0115
68.333 41.4785
68.3324 40.4469
69.3982 40.3903
70.3611 40.9161
71.2652 40.5189
70.0465 42.4909
70.2794 41.9267
70.7756 41.5635
69.8495 43.2496
70.6536 45.0598
71.4053 45.3613
72.6468 47.0915
74.1775 47.7219
72.9218 48.8791
72.3954 50.13
71.7953 47.9824
71.6313 47.3782
72.8557 47.0916
71.2016 47.65
69.6724 47.8603
70.6734 48.5134
70.5028 49.3367
69.6257 50.0159
69.5997 50.7237
69.5846 50.416
70.458 50.208
69.5642 48.2297
67.5813 47.338
67.0645 45.6272
67.6367 45.4089
69.2188 46.6475
70.7179 47.4234
69.5465 49.4182
68.5987 50.803
68.0213 50.5973
68.8188 50.0282
70.3014 52.7841
71.0332 53.1647
71.2429 53.7637
71.1673 53.9659
70.62 54.1262
70.0353 53.0235
69.7549 53.4487
69.4528 52.9894
70.5446 52.9798
71.669 51.7343
71.982 51.6106
71.7156 49.9231
70.7241 49.2539
69.2522 46.6487
69.2068 46.5809
69.9215 46.4353
71.7436 46.1651
71.5274 46.8462
71.3917 46.8358
71.1835 46.014
74.273 46.474
75.3877 46.5328
75.7386 47.1618
76.6099 47.076
77.6376 46.9801
77.777 46.6885
77.8208 46.0188
76.747 45.0096
76.6195 44.0295
76.2999 45.0186
75.9862 45.8522
74.503 45.3926
73.5584 46.0167
74.3017 47.2831
73.8323 46.4356
72.9957 47.0555
72.0519 46.7006
72.5809 45.656
73.118 45.1341
72.4451 47.3161
72.5806 49.8759
73.7874 49.3429
75.228 47.9446
75.4257 47.6875
75.2968 47.4918
75.3447 47.5398
75.6105 48.9325
75.1525 49.2614
74.3564 50.8087
73.1548 49.9528
73.9109 48.7057
75.0992 49.3941
75.6595 49.4392
74.8776 49.8788
73.2932 47.6282
72.476 47.5589
72.4865 46.1731
73.9831 45.9755
73.2655 44.5582
72.106 45.372
71.8136 46.3532
71.1114 46.5875
70.8876 46.0789
69.8306 45.7233
67.6263 44.831
66.5034 44.0342
66.3019 42.6693
67.0859 41.6365
68.1351 40.9448
68.1184 40.1618
68.4204 40.7405
68.3511 39.9437
70.1508 39.1449
70.2674 38.6968
70.2429 37.6823
69.3071 38.9027
69.3899 39.6518
68.7834 40.5246
69.6382 38.7449
68.9936 38.5203
67.4999 38.3614
66.7054 37.6876
67.2471 37.3466
68.5602 35.4694
68.6966 35.4841
68.9842 35.0674
69.8914 34.455
70.8519 35.5221
70.2858 35.7902
69.5818 35.1525
69.0031 33.8687
69.1397 34.1625
67.9894 33.4778
68.6142 32.5744
69.0021 33.0465
69.779 32.3574
70.2692 31.9226
70.2838 31.7894
71.6967 31.3841
70.8317 31.1939
69.8788 30.7854
69.0807 29.8005
67.541 29.8352
66.3066 29.5729
66.1893 30.2911
64.6732 29.8764
63.8702 30.5083
63.4502 30.0791
63.9969 28.2868
64.6356 27.1377
64.6764 27.588
63.0626 28.173
63.0086 29.3029
62.7752 28.6863
62.1377 28.9423
62.1659 27.6418
61.4946 27.1043
63.6675 26.3495
64.8381 25.1094
66.2403 24.0148
66.2775 23.7451
64.3014 23.2299
64.5176 22.6065
65.9348 23.4295
65.7103 23.8285
66.1057 23.4748
66.5669 23.1518
67.278 22.9949
66.7584 22.3893
64.8522 23.132
63.8892 22.3851
63.0829 21.844
63.4826 22.0491
64.7638 21.9492
64.9749 20.1751
64.7884 20.8411
64.5915 20.8945
63.6723 20.0394
63.2768 18.7002
64.3136 19.5036
63.9244 20.0585
63.9316 19.116
64.3876 19.206
62.8638 18.1893
63.9036 18.4313
64.3913 18.6806
64.1268 18.8664
63.8826 17.2662
63.4187 16.0687
64.9599 14.5418
65.2541 13.6003
66.3982 13.3004
66.0321 14.4533
66.4278 16.1844
66.6443 16.103
65.1188 14.6204
65.0603 14.7906
65.228 15.2344
67.0174 16.6622
67.0346 17.2569
65.85 17.9553
64.8768 17.3545
65.7556 16.667
65.6211 16.5707
65.8641 17.3549
65.932 17.8454
66.7143 18.2547
66.7772 17.3746
65.9291 18.1223
64.8858 19.0586
65.0146 20.1785
63.842 21.3272
65.0187 21.5124
65.0558 23.9116
64.9009 23.3264
65.4605 23.7462
64.9868 23.6775
64.5816 23.9703
62.1405 25.4879
62.5141 26.0599
62.253 26.4265
61.4492 25.7791
60.2985 25.844
61.2379 24.6733
62.4673 23.0825
64.3067 23.9017
66.1722 23.0304
67.045 22.4215
67.0342 22.9536
66.5768 21.9873
66.792 21.459
68.0433 21.394
68.3584 20.157
68.5087 20.044
67.3968 19.8122
67.8787 18.0011
67.5149 16.3084
67.7154 15.1824
68.7266 13.4451
67.7884 13.3495
69.3857 14.7911
70.4474 15.4453
69.7024 13.5575
68.6742 11.7025
68.0171 11.4017
68.3204 13.0847
68.7637 13.2416
69.2599 14.2979
70.0677 14.3153
70.7025 14.7588
71.6385 13.4941
73.3169 14.7964
73.8117 16.131
74.3119 15.9323
73.0187 18.0713
74.3545 18.9611
74.7008 19.8403
75.1564 20.6255
76.9988 20.8545
77.5214 19.973
76.7113 18.2479
75.1597 17.5206
75.8615 15.9463
76.9452 16.3536
77.4427 16.1534
76.8109 15.3856
76.522 16.4706
77.3629 16.7919
76.7008 18.2923
75.2125 17.6214
74.769 17.1162
73.5359 16.7044
74.3312 16.5245
75.138 15.6886
74.0845 13.5304
73.7121 14.5027
75.2494 14.486
75.2224 13.5626
75.5001 14.1623
75.9663 13.6465
74.1882 13.3958
73.8889 11.5357
74.4294 10.5894
75.4512 11.056
76.7436 9.89333
76.9443 8.91543
77.0929 9.96388
76.6887 9.42129
76.3188 10.2592
76.3664 11.4039
75.921 10.6011
77.173 9.68059
75.962 9.86932
76.4543 9.03269
77.4379 8.2373
78.1306 8.69247
78.3683 7.35375
78.202 6.83994
79.2597 7.43184
79.013 7.24367
78.2046 7.48156
79.4549 6.91592
80.0191 6.26128
80.0412 5.39124
80.6904 3.92299
79.8782 1.96735
79.0721 1.68994
78.2192 1.48075
79.5701 1.1918
81.3226 1.9542
82.4933 2.65416
81.6606 2.55049
80.7022 2.18011
79.871 0.466131
81.2803 -0.307216
80.7434 0.854959
80.2335 2.31336
80.2185 4.09094
80.8432 5.723
80.5185 6.86086
79.5624 7.10381
80.0747 7.85984
79.9764 9.27766
80.6188 10.8805
81.3386 9.32645
81.6783 8.56079
81.6835 6.8397
81.555 7.15647
81.197 9.08996
80.6948 8.79749
80.0969 9.21126
80.6922 9.88937
81.032 8.46652
81.0938 9.0312
81.7551 9.42407
82.8202 10.4358
85.4553 10.7301
87.3487 9.38398
86.9654 8.33085
87.7813 9.5414
86.8694 8.64794
86.2162 7.16214
86.7443 5.87951
88.6526 6.47873
89.8224 6.93804
89.0013 8.28163
88.2769 10.1963
87.4519 9.90239
86.6892 10.1691
87.0105 10.3049
86.7243 8.81882
86.3315 7.3637
85.9803 7.22332
86.4541 8.94134
85.5717 7.845
87.0212 8.1503
87.985 7.93217
87.8099 7.29657
86.612 6.92704
86.183 6.73468
87.054 6.24533
87.5548 5.59116
87.5431 5.43929
87.523 5.20371
87.0711 5.14795
87.7167 5.04078
87.6702 5.13028
86.2044 5.82549
86.0497 6.15284
86.4971 7.21097
88.1853 5.90988
89.8171 5.23525
89.1471 6.32684
87.7104 6.2191
88.1378 5.74744
88.2842 4.53694
89.482 3.47909
90.1832 3.20834
88.7931 3.70898
88.7628 3.34135
88.4903 3.80457
87.4375 5.72766
86.4752 6.79905
85.968 7.46731
86.2984 7.41544
85.763 8.15705
85.1428 8.92973
85.8141 8.76567
86.2873 9.92763
86.741 9.69854
87.7344 9.92289
88.5138 11.5326
88.5053 11.1847
88.7761 9.68494
89.0995 8.58488
87.8026 9.55803
87.5758 10.7511
88.4284 10.7569
89.4514 10.8856
91.8533 9.97977
92.255 7.96816
90.8424 6.84007
91.0258 5.94003
89.9932 5.03335
89.1159 7.33058
87.3442 7.75426
85.7234 6.87969
84.7144 5.85362
85.3315 6.14837
87.1066 7.26899
87.0758 7.75135
87.5754 8.33404
87.5305 8.36752
84.629 8.45572
83.4399 9.42024
83.3255 7.64593
83.2956 6.46965
83.8169 6.89799
84.9572 6.12128
84.5035 4.83935
82.3352 5.06042
81.7584 4.9919
81.9648 4.49863
80.6811 4.84294
81.9817 4.31892
84.7636 3.07783
84.5927 1.59243
84.7621 0.928223
85.3344 0.951295
85.8941 0.462995
84.59 -1.10624
82.7751 -1.06794
82.9512 -1.58121
83.1504 -2.33144
82.4798 -3.31572
82.2918 -3.35771
80.7453 -2.95405
80.037 -2.71728
79.0725 -1.53183
78.5914 -0.930522
76.8665 -0.676589
76.4538 0.303396
76.7993 0.541117
76.2873 1.33476
77.4059 1.17486
77.8485 0.987191
78.2746 1.40082
77.7666 1.89068
78.0285 2.79386
78.2304 3.52533
76.3727 2.13994
77.4756 1.71491
77.9376 2.03308
77.111 0.920305
77.3017 1.43028
75.3082 2.20062
75.2404 2.67373
75.3828 1.30741
77.5136 -0.475322
76.9967 0.187968
76.3901 0.410219
74.923 -0.0113656
74.0351 -1.46399
73.2622 -1.38949
73.643 -1.32602
74.3148 -2.46941
73.2437 -2.68432
73.3587 -4.19701
73.2164 -3.50241
73.4365 -2.94816
72.7536 -2.98867
72.2263 -3.1664
72.6437 -2.63577
72.8087 -3.63971
74.189 -4.12108
73.7644 -4.40105
73.5359 -3.44008
75.2627 -3.57453
76.0839 -3.96323
76.3461 -2.56576
76.6051 -1.43505
76.8261 -2.53025
77.3805 -2.30949
75.4338 -4.31893
74.8598 -4.14174
74.7105 -4.42315
74.8658 -4.48261
74.85 -4.80914
75.4705 -5.61016
74.7468 -5.943
74.3275 -4.65397
74.1197 -3.48534
74.179 -3.64754
74.638 -4.39437
74.1909 -5.40127
75.8378 -5.75896
76.4961 -5.38241
75.715 -4.04693
74.214 -4.80938
74.9468 -4.12982
75.4361 -5.06638
74.7094 -5.59321
74.8934 -7.08018
75.1766 -5.69607
74.1092 -3.0423
74.0112 -3.47243
72.787 -3.02437
73.5337 -1.7368
75.7471 -0.363379
75.078 -0.955747
74.9706 -0.808224
74.2993 -0.411194
74.9028 1.21519
74.4554 1.91049
75.2159 3.90502
76.3685 4.4329
75.92 4.18721
75.4923 3.40987
74.3308 3.13112
72.7529 3.7196
73.5254 4.52812
71.409 3.82658
71.845 4.0087
71.5269 3.29005
72.5553 2.05424
71.7212 1.49633
70.2467 -0.359692
69.0763 0.419128
68.2156 -0.635954
67.8708 -2.23471
67.5905 -1.82412
65.8416 -1.33304
65.9049 -0.814823
66.7494 -1.6742
68.2635 0.0569929
68.5239 0.235535
68.5236 0.937654
68.2544 0.253921
68.9238 0.029876
68.7703 -1.43825
67.0367 -2.19821
65.2147 -2.71765
63.3817 -3.77918
61.702 -3.32909
61.0424 -3.73837
61.6171 -3.49859
60.3155 -3.45615
58.7937 -3.60187
59.2157 -2.63591
59.6529 -2.90289
61.4051 -3.52656
60.5133 -2.30792
59.1281 -2.98416
59.7121 -4.04618
58.9811 -4.28192
58.9168 -4.85025
58.2876 -5.04672
57.9054 -5.16956
58.2533 -5.02102
59.4536 -6.8396
60.0013 -6.49348
60.2206 -7.23727
60.9439 -6.49694
60.1713 -8.31997
60.4836 -7.27311
61.3516 -7.38196
61.2171 -7.43269
62.0623 -7.3587
60.8432 -6.95248
61.407 -7.57731
61.8457 -7.58026
61.2438 -7.74498
62.1622 -7.26348
62.8352 -6.84718
62.2987 -6.06768
62.569 -5.65131
61.7815 -6.44168
63.3035 -7.10969
62.976 -5.05917
61.9226 -5.34098
59.9174 -4.33576
59.862 -4.29912
60.2452 -4.40323
59.1198 -5.18314
59.5949 -5.66959
59.3167 -7.89023
61.0315 -9.25815
62.2402 -8.99659
61.2261 -7.78015
61.5167 -8.28353
59.1773 -8.02164
59.1238 -8.92246
59.7275 -9.74563
59.0762 -9.84199
58.6173 -10.4762
59.3707 -10.0522
60.1072 -10.5007
59.5599 -9.2162
59.5367 -8.19646
57.608 -6.99647
57.7939 -6.77849
57.902 -6.02037
58.0044 -6.34731
56.1026 -7.39135
55.8923 -7.61701
55.8578 -8.73554
55.6856 -8.18157
54.188 -9.36794
53.2244 -10.1331
51.1143 -8.41437
49.5911 -7.15128
49.7936 -6.76347
49.8023 -8.26896
49.6826 -9.16796
50.6127 -10.8637
50.9098 -10.9073
51.6506 -10.453
51.8 -10.57
51.8092 -11.4661
52.5368 -11.3845
53.8821 -11.4981
53.2137 -12.2909
52.2492 -11.7096
52.5525 -10.593
49.6736 -9.58105
50.1519 -9.18319
50.2687 -11.2479
50.6582 -11.1604
49.4614 -11.5968
46.9987 -11.867
46.4489 -11.7214
46.4373 -12.5622
45.4558 -12.8093
45.2588 -14.4397
47.4328 -14.138
49.1018 -14.5324
49.6099 -13.6422
49.5781 -14.0156
49.6646 -14.3858
49.5924 -14.9044
49.7832 -14.9048
48.8851 -14.6495
48.6216 -13.6421
48.4989 -14.0296
48.3114 -13.5258
49.2457 -12.63
47.6766 -12.1127
47.0892 -12.8495
46.8558 -12.1613
46.5275 -12.497
45.9222 -11.4682
45.4822 -11.4657
45.1677 -11.6422
44.9362 -10.5119
44.8235 -10.8576
45.6346 -10.8327
45.6298 -8.94659
44.8747 -7.63591
44.5192 -8.27035
45.2744 -8.51653
46.3307 -8.77133
47.5221 -9.35079
46.9003 -8.66073
46.4116 -8.56148
45.5944 -7.68876
45.1929 -5.68395
45.1057 -4.4688
44.6906 -4.50723
47.3414 -2.4547
48.6184 -3.30016
47.7359 -3.66201
48.3296 -3.66741
49.1251 -4.46755
49.4565 -3.27481
49.3282 -3.15251
50.1995 -2.38562
50.8155 -2.49022
49.1943 -3.6098
47.428 -4.12063
47.3799 -2.94315
46.224 -2.8448
45.2392 -1.9121
45.5518 -2.81647
45.8318 -1.01964
44.8913 0.861414
45.6504 1.50549
45.5208 1.35267
45.192 0.930221
45.2595 0.442829
45.8529 0.217343
45.1823 2.0171
45.714 1.62899
45.9951 1.23993
45.3334 1.35913
44.6886 2.23714
44.0192 2.37376
44.7332 3.31813
46.3766 2.46024
47.7959 2.84608
47.8893 3.39566
49.3928 3.3865
48.6033 1.97856
48.0684 1.02169
50.0372 0.590639
52.3046 1.7194
49.8981 3.06358
48.218 2.1471
48.2496 2.15206
46.4597 1.08691
44.0758 -0.282357
43.6955 0.103376
42.6609 -0.709074
42.9269 -1.08247
43.2587 -1.09343
43.6263 -0.579526
43.1758 0.0562743
44.7843 0.239545
45.9412 0.815311
46.3769 0.910091
45.7501 1.4462
45.0551 0.954997
45.7861 1.81546
46.7237 3.17077
46.2376 1.89578
46.6257 2.68795
44.7324 1.60163
45.7689 1.83697
44.9826 2.23795
44.1925 1.29108
44.2373 -0.40582
45.3749 -0.822538
46.5209 -0.485267
46.6321 -0.157781
47.8935 0.954108
47.2763 0.370597
46.1945 0.456904
46.8502 1.2174
46.445 3.13943
45.3537 4.40315
45.2396 5.01452
44.5741 5.96662
44.8232 7.22572
44.4867 7.86018
45.7061 6.06682
47.2944 6.5305
47.7552 5.72252
47.4755 4.82502
47.7162 5.6497
47.0228 4.45462
46.3406 3.10236
45.9949 3.03062
44.902 4.91386
45.5681 5.40379
45.9829 5.72354
44.4191 5.93377
44.4876 6.76016
45.9628 7.21725
45.949 7.58473
45.5485 7.85907
45.187 8.01914
45.7941 6.72503
46.3973 3.98228
47.2715 3.48303
47.162 3.16763
46.3251 5.53544
47.325 4.64537
46.8018 4.67639
46.2659 4.69497
47.4781 4.20781
47.1559 4.41602
48.4816 5.80503
48.6918 7.23233
48.376 8.23113
49.4066 7.32853
50.3989 6.15471
50.3706 5.37946
49.1081 5.90638
48.9211 5.58692
49.7173 5.81489
51.1727 6.27092
51.9143 4.72319
53.3796 3.28817
53.2165 2.7508
53.36 3.59148
53.2445 2.59801
53.1677 1.81722
54.6616 2.75228
56.1298 3.08835
57.011 3.29643
55.9686 1.23141
54.641 -0.543686
54.9604 0.621822
54.833 1.5674
54.291 0.943439
52.3939 0.975461
51.7013 0.595359
51.3097 0.458345
52.2098 -0.180514
53.3948 -0.80044
53.5878 -0.343037
53.3969 -0.613021
52.2127 -1.30525
50.5598 -0.611102
48.8986 0.764439
46.7004 2.47269
47.8734 4.35045
47.998 4.47654
47.1328 5.76617
47.3338 4.67933
45.6408 3.05551
43.6319 3.45979
44.0969 4.6099
43.352 5.81873
41.7784 4.88897
43.1231 3.37655
45.043 3.93791
44.6956 3.05202
44.443 3.38477
43.4186 2.91871
43.4125 3.13916
42.7196 3.38717
41.3959 2.77281
39.394 1.96601
37.3685 1.27801
37.1893 0.841369
36.9202 0.115019
36.7132 0.0566554
38.0886 1.61199
36.4165 2.58757
35.8036 1.93827
36.8555 2.33681
36.6115 1.56349
35.9968 1.09146
37.2198 1.50586
38.1323 1.08513
38.1009 1.01429
38.382 0.347622
37.985 1.45173
37.0833 1.48003
36.6291 0.814305
36.4402 -0.146097
35.2862 0.401194
35.9774 0.800967
35.7688 0.699628
34.3645 0.738061
34.5611 1.3517
34.0462 1.82227
33.5739 0.833082
34.4576 0.128842
33.7127 0.00978474
33.0157 -0.0619144
33.0431 -1.01434
33.4198 -1.27091
31.5315 -1.40245
31.6307 -0.420405
32.3627 0.310589
31.4833 -1.34776
30.8258 -1.03074
30.5994 -0.748615
31.3157 -0.83024
31.3819 -1.60305
32.766 -1.51773
34.1826 -0.815158
34.3219 -1.91004
34.6983 -2.13755
33.9413 -0.429157
34.1982 -0.735948
33.3279 0.0454842
32.9396 0.835374
33.1539 0.105472
32.9279 -0.434932
32.5846 -1.20503
32.903 -2.42607
32.9798 -2.65933
32.8125 -2.6504
32.5937 -2.74644
33.3953 -4.08326
32.1351 -5.4414
31.5746 -5.42281
30.1741 -4.92991
31.5698 -5.13059
32.2006 -6.27029
31.5276 -5.41204
31.4395 -6.46262
30.7064 -4.81488
30.4224 -4.66386
29.1874 -4.87201
29.5682 -4.7153
31.0104 -5.63134
31.1434 -4.87198
29.3354 -4.80967
28.7136 -6.73391
28.8754 -7.90979
29.3723 -7.9899
27.845 -8.14619
26.8614 -7.36797
28.0251 -8.27751
27.3217 -7.33736
26.7472 -6.29346
27.6558 -6.91359
27.3332 -6.51133
26.0347 -6.69338
25.3997 -6.02858
25.0295 -5.79019
23.6833 -6.20537
21.8394 -7.0048
22.4791 -6.80784
23.3045 -5.70017
23.5474 -7.03893
23.2019 -5.80246
23.4912 -5.50317
22.5239 -5.76439
21.7007 -5.91385
21.3028 -5.87101
20.8004 -4.42031
19.5125 -5.46253
21.0683 -5.48489
22.269 -3.53021
22.6432 -3.10948
23.2308 -2.65079
22.6725 -2.61327
21.5265 -2.12418
21.4396 -1.93229
23.0931 -2.30362
24.3122 -3.18659
24.3509 -3.14359
26.5775 -2.86933
27.3754 -2.94105
26.9694 -5.19687
27.5668 -5.83888
27.8625 -6.00183
27.4165 -5.6746
27.7801 -4.43816
27.1275 -5.66474
27.067 -6.63732
25.6367 -5.69303
25.737 -3.91211
27.0849 -3.61154
28.3297 -3.02309
28.312 -2.04702
27.6398 -0.989049
26.5511 -0.915422
26.4959 1.02975
28.0109 2.48074
28.0536 4.60713
27.2668 3.88577
26.3318 4.35961
25.3146 3.88466
24.6186 4.11476
25.2804 5.26739
23.8813 3.99936
21.8057 3.5232
21.0694 4.23745
20.4583 4.54073
18.6227 4.42528
18.4329 3.82742
19.7761 5.39096
20.1284 6.64675
19.362 5.60575
20.7199 5.47373
21.3674 6.29972
22.6038 6.28588
22.387 6.84416
22.0667 4.99501
22.5514 5.79271
24.0032 5.39002
25.7783 5.83184
27.2461 5.65848
28.1707 5.57297
27.185 4.23019
26.6014 3.10366
25.5275 2.81701
24.8877 3.52826
24.7305 4.21941
24.3226 4.52385
24.3914 4.82544
24.2254 4.96721
24.8367 4.65023
24.8943 3.76141
23.913 2.79414
22.673 2.01555
21.9126 2.66023
21.9126 3.07162
22.1538 2.51784
22.662 2.35581
22.476 1.78819
22.2978 0.872512
22.0339 -1.11668
21.6885 -1.08003
20.4791 -0.121457
21.4625 -0.400237
21.7119 -2.15979
19.9212 -2.3513
18.3239 -2.18433
18.5475 -2.08092
16.9236 -3.55115
17.2233 -4.14541
16.6526 -3.65254
16.2426 -3.28207
16.708 -2.62041
17.5737 -3.71363
17.9093 -3.72125
16.4184 -3.21782
16.6043 -2.50543
17.1631 -1.79512
16.8775 -1.37505
16.6502 -0.611863
18.3427 -0.423287
18.6562 0.733713
20.0299 2.7084
20.8423 0.79143
19.8754 -0.323671
21.0561 -0.923161
20.4543 0.0168745
22.1977 0.904013
23.0568 0.0866569
22.3692 -2.09601
21.4091 -3.04149
23.2363 -3.80957
23.7458 -4.84714
25.1246 -3.79761
24.9265 -5.25755
24.7076 -5.01778
23.86 -4.05286
23.8043 -4.4865
22.628 -5.48491
22.4753 -6.00759
22.3117 -4.22562
20.9377 -4.43265
20.4371 -5.24477
19.7299 -5.04373
19.0585 -4.41761
18.8912 -5.0766
19.8859 -4.56235
20.8573 -5.07301
21.8458 -4.84846
20.6829 -3.61113
21.5137 -3.20864
21.2647 -2.34304
21.6301 -1.82168
24.2441 -0.588235
25.6913 0.937668
26.8811 1.38993
27.8796 2.41485
27.9282 2.81607
28.8247 3.83646
29.5544 5.38481
29.6655 5.7545
28.9773 4.45631
28.3091 5.62045
27.7331 4.283
28.3783 3.79644
28.9808 3.69214
30.2894 3.48893
29.8776 3.40442
29.9107 3.97385
31.536 4.66016
32.2243 5.7467
32.9506 6.75001
33.6546 5.66951
34.5466 5.16388
36.1115 4.91544
37.0068 6.03083
35.8858 7.5178
34.7548 5.92757
34.676 5.19112
35.9994 4.1696
37.4293 2.32469
35.987 2.83952
36.2331 2.76866
36.0731 3.18988
35.2893 3.12998
34.4281 3.92854
33.8475 5.44651
34.6499 5.99767
32.6824 5.87494
31.7004 3.23247
31.6105 2.98757
32.0027 3.99418
31.9457 3.90169
32.8214 5.44941
33.3467 5.76395
35.0021 5.96923
36.2948 5.10736
36.0851 5.11568
35.6461 5.33564
35.9169 5.65198
36.2197 5.06604
37.2061 6.31291
37.1836 5.8471
38.0347 3.49616
38.117 3.45661
38.4308 2.81985
38.7237 2.95164
40.1878 4.62725
40.7652 5.09731
40.9794 5.72819
43.1303 7.10601
44.1444 8.01132
45.4434 7.46029
46.1308 8.30506
47.2911 7.13993
48.8638 7.58438
49.642 8.39464
50.0819 9.83614
51.3078 9.48715
51.9994 9.11896
50.9904 9.06464
50.8416 8.60807
50.096 6.80475
50.3737 5.75482
50.4572 5.55011
51.3925 4.94002
52.1798 5.0292
52.4143 4.99639
53.939 3.46333
53.2472 3.88037
51.0298 3.75001
49.3897 4.03196
50.0978 3.99867
51.0665 3.02308
50.98 2.32039
49.8105 2.53047
48.4459 3.67433
48.5573 3.88259
47.2663 3.73037
47.6657 2.69439
49.7563 2.43053
49.4665 2.02128
48.4077 1.38234
49.4313 0.0154268
48.9778 -0.271908
47.9753 1.29602
47.3515 3.6181
46.4891 3.79465
46.6876 2.63907
44.9626 2.36419
44.745 2.84333
45.8405 3.47426
44.4115 3.4929
43.203 4.31271
42.6582 5.00353
43.5852 6.40234
43.0073 7.48975
41.4167 6.57537
41.7325 6.05413
40.6472 6.97291
40.8391 8.22791
42.4655 7.99586
42.6399 6.65656
42.8241 8.05295
42.9467 8.69612
43.0441 9.36083
42.9083 10.6943
44.4395 9.9574
45.1231 9.72073
45.2295 9.89725
44.4425 11.3827
43.6225 10.7672
45.2942 10.5516
45.1249 9.68676
46.9111 8.92659
48.9302 9.66816
48.9258 9.19686
47.602 7.05029
46.5208 7.00859
46.6672 7.56796
48.3045 7.27255
47.7 6.83024
47.6898 6.16707
49.3923 6.9178
48.3994 6.6449
49.1074 5.93244
49.6486 6.26365
50.4856 6.61861
51.6018 6.12843
49.9813 6.39279
48.7256 7.29185
48.5439 6.33722
47.7657 5.39472
47.0161 5.95769
45.65 5.47947
46.0299 5.44012
47.0069 6.74115
47.5962 8.12391
47.6038 9.34859
46.877 8.42413
45.2963 7.04056
44.933 7.54117
46.2409 7.41781
47.5993 8.47703
46.4641 8.90133
45.5118 9.93848
45.4637 10.9532
46.624 10.4649
47.8836 8.20257
48.2928 8.02486
47.7022 7.77767
46.3078 9.15032
46.8319 9.77328
46.3125 8.78134
45.957 9.49927
46.7117 10.8636
46.6082 10.1992
46.7415 9.92912
48.0396 8.7962
47.1807 8.10658
46.4131 8.05701
45.3111 8.61046
47.271 8.16049
48.6503 7.3401
49.8272 6.6559
50.6165 4.86212
51.8537 4.75829
52.2145 5.55011
52.7816 6.33107
52.897 7.16551
52.8768 7.80703
51.5235 8.40393
50.1708 9.21195
48.9046 9.4112
49.9666 8.74834
50.0602 7.93682
48.7322 8.76049
47.7681 9.22929
46.8318 9.51806
46.4241 9.11622
45.4259 10.3321
44.1398 11.226
44.4171 10.6163
44.5495 10.3789
44.6483 9.13103
45.8912 9.27802
45.6505 9.2652
46.3305 8.23848
44.5595 7.46921
44.5527 8.22127
44.2734 8.2384
43.1201 7.38226
43.1494 7.6468
41.915 7.26462
41.7065 7.96519
42.06 8.0409
40.6062 8.44083
39.1685 9.43475
37.7016 11.2342
36.4037 11.3855
35.9644 10.8782
35.3554 11.5971
36.0535 13.1023
35.4241 12.5088
34.807 12.4275
35.2813 11.66
34.8719 9.46195
32.3843 7.9281
30.7813 8.23807
30.8924 6.52379
29.87 6.13116
30.0763 6.21779
30.3994 5.57865
31.2793 4.07218
29.5507 4.46918
27.174 4.48476
26.7425 5.80967
26.9044 6.56089
26.0646 7.1846
25.9615 7.2311
25.4087 8.24872
24.9488 7.46456
24.7297 8.77739
23.3534 9.47467
22.6648 8.80525
22.1795 8.32999
22.2489 8.39951
21.5754 6.27048
22.2543 4.31675
22.0983 3.8894
22.1544 6.28215
21.042 7.40334
21.9958 8.4057
21.9729 7.91816
21.046 7.28518
20.8982 8.2233
22.7527 8.63993
23.5226 8.17337
24.199 6.75539
23.4625 5.91004
23.8361 6.91738
23.2488 6.01475
23.4584 5.80978
24.0874 6.48491
22.4965 6.51917
22.2874 5.53134
22.9481 4.45525
25.1835 4.61323
26.3776 3.1874
25.2412 2.07331
25.2022 2.29857
24.2182 2.84772
24.5547 3.53548
24.3844 3.9545
23.3692 4.14107
23.0808 4.3212
23.95 4.155
23.9147 4.37287
22.7833 3.48689
20.4874 3.09737
20.0532 1.9056
18.6519 2.54518
18.3433 4.8158
18.0313 4.68049
17.9097 3.89075
18.5064 2.68137
19.081 4.39357
18.929 5.90605
21.7376 6.51976
22.2727 4.87498
22.1795 1.86479
22.1623 2.4965
21.6495 3.71636
22.5326 3.52795
23.8873 4.40662
25.3028 6.8217
25.4464 5.94432
26.3174 3.9541
26.0476 4.85388
24.6693 3.16222
23.7206 3.18191
24.3214 1.99283
24.8387 0.755311
23.03 -0.700347
20.7364 -0.917597
20.5089 -0.354666
20.4263 0.944852
20.6691 -0.0771522
21.0481 -0.610545
22.0034 -1.93341
20.2661 -1.70125
19.3573 -0.0851831
18.4536 0.198711
18.2019 -1.44077
17.0349 -0.974607
17.5014 -1.14836
17.8391 -0.0341668
18.001 0.878604
17.8116 0.481996
17.6849 1.96926
18.1683 1.92701
17.6192 3.04393
17.2013 3.4652
15.9111 2.52023
16.9211 2.54257
16.7169 2.13957
16.9253 3.33048
15.6298 4.02006
16.6559 4.13248
17.9642 5.20665
18.5283 4.44172
18.9832 5.91659
19.3495 6.38623
17.613 6.47506
18.2629 5.91646
18.3423 5.25769
17.1189 5.91148
18.0713 4.23161
18.4388 3.17596
17.323 1.77018
16.2256 1.3297
15.128 -0.586566
15.3028 -1.14481
14.0846 -0.606568
13.9329 0.889463
14.8043 1.82616
15.8863 1.03648
15.8423 0.320329
16.5615 1.18844
15.8373 0.0845031
15.7147 -2.56472
17.1195 -4.24739
17.388 -4.15686
16.6192 -4.79696
15.9033 -4.22562
14.8553 -4.48083
16.4186 -5.67159
17.5678 -6.32502
18.1685 -7.06456
18.3071 -8.10004
17.2079 -9.06483
17.2462 -9.50066
19.2372 -10.0018
20.079 -11.4292
18.6267 -11.1561
17.722 -10.6603
18.9244 -10.2901
19.3335 -8.84851
18.2546 -7.6001
18.9703 -8.38972
18.287 -8.1269
20.0665 -8.60505
21.535 -10.4955
21.1114 -11.3095
20.5208 -10.4915
20.2095 -10.3923
21.7235 -10.4658
22.5677 -11.0899
21.8515 -11.6506
22.9088 -12.1066
24.9381 -12.4069
26.0087 -13.8569
25.5526 -14.391
24.7111 -15.793
23.9328 -14.4175
22.7256 -14.9571
22.4502 -15.1095
21.7519 -15.1216
21.9246 -14.3369
21.4779 -15.2199
21.0626 -13.7336
19.4294 -13.8385
17.4408 -13.4187
16.5492 -11.931
16.4471 -10.5976
14.866 -9.52397
13.8502 -10.4396
13.5476 -10.6926
14.6335 -12.1046
13.431 -13.7712
11.6337 -14.5109
11.3223 -15.3805
9.73149 -16.3322
9.20952 -15.6387
8.04695 -15.002
8.43247 -14.4377
7.999 -14.4333
9.05957 -13.3574
7.95712 -11.6777
8.79399 -9.82057
8.62448 -10.9878
8.88934 -11.8784
9.58883 -12.1722
10.4323 -11.6286
9.32034 -11.1874
8.71579 -11.7062
6.64336 -12.9293
5.97648 -13.6692
6.90405 -13.5866
6.02486 -13.3207
5.36486 -14.6638
5.6681 -14.628
5.63609 -16.0148
6.86231 -16.3842
6.33679 -15.935
5.71972 -14.7519
7.56905 -13.8896
7.67359 -13.9186
9.01326 -12.4498
9.58104 -11.9079
8.40198 -11.8619
8.07817 -12.9072
8.30149 -11.4954
8.9879 -11.1535
8.7072 -10.3322
8.11946 -10.5457
6.92641 -10.0867
6.8099 -9.6185
6.47743 -9.54781
5.22774 -9.48372
3.82681 -10.6246
4.13233 -10.8777
4.47685 -10.9697
5.39233 -10.9585
6.72051 -10.9479
7.41287 -10.9666
7.22924 -11.4657
6.02604 -11.2419
5.82012 -10.5908
5.06433 -9.69486
6.18595 -8.62352
6.52893 -7.73928
6.48018 -7.43259
6.2753 -8.52126
4.75875 -7.49235
4.01228 -6.89638
2.90267 -6.4095
2.546 -6.82249
2.07556 -5.86589
1.98874 -5.17026
1.35937 -6.61859
0.349963 -6.90003
-0.262047 -6.10474
-0.471238 -4.81077
-0.428165 -5.44117
1.03344 -4.58507
1.05449 -3.22904
0.53112 -1.73494
1.45274 -0.727106
2.91788 -0.515068
1.59681 -0.197619
1.84253 1.98672
1.68418 3.10182
1.20756 2.30014
1.395 0.312594
1.28184 0.107943
0.897715 0.241918
-0.0355935 -0.286905
-1.17321 -2.66852
0.00255556 -2.79126
2.24863 -3.95217
3.08303 -5.86219
2.85155 -5.94187
5.29382 -5.81386
5.69007 -5.16568
6.11774 -5.92577
3.76359 -6.32712
4.93666 -6.62262
6.32534 -4.54565
6.20472 -4.27841
7.68316 -4.60249
7.89594 -4.42819
8.67953 -4.53422
9.39622 -5.28372
9.18234 -6.35045
9.35552 -8.14207
10.0106 -8.54701
10.1985 -9.76348
9.95054 -11.0857
8.24699 -10.609
5.67138 -10.3021
4.13757 -10.1014
4.99282 -9.3747
5.28241 -9.05506
5.322 -8.05353
5.79514 -8.58687
6.07186 -7.8576
5.30458 -7.33229
5.58543 -5.835
6.8498 -6.20928
6.5787 -6.27015
8.35064 -4.80809
8.76958 -5.899
7.99798 -6.73216
9.22459 -6.83154
7.95605 -5.2012
5.64184 -5.21887
4.39962 -5.47545
4.37446 -4.48935
5.50487 -5.49895
3.94207 -7.18605
4.39475 -8.13287
5.28632 -7.05544
5.04232 -7.96161
5.39886 -8.64011
5.29578 -9.13229
5.08135 -8.28137
7.76111 -8.82014
7.95426 -7.59763
8.50583 -6.92325
7.97083 -6.20161
9.03413 -4.35191
8.68686 -5.30059
8.20698 -5.63093
7.30983 -6.52907
6.94385 -8.41545
5.76013 -7.50723
5.52748 -7.83776
4.3768 -8.20765
2.95217 -8.05176
4.03404 -7.82047
5.40993 -8.53381
6.48734 -8.38975
7.40041 -7.44564
8.74782 -8.22615
8.6799 -8.80595
9.13242 -9.01962
8.55359 -9.97977
7.63459 -11.7057
8.0073 -11.6686
9.96106 -12.5468
10.0968 -14.3024
9.66843 -14.3276
10.208 -13.6671
8.55522 -14.1275
9.03237 -16.1023
9.3651 -16.6386
8.75388 -16.5384
8.36772 -15.761
7.97789 -16.6776
8.78183 -17.4647
10.9763 -19.7977
11.7986 -19.9861
10.507 -19.5959
10.487 -18.138
10.2344 -17.8403
11.5054 -19.3922
10.2131 -19.7779
9.02571 -20.001
8.35709 -21.1233
8.24227 -21.7864
7.80691 -22.116
8.3564 -20.5259
7.04764 -18.9208
6.85307 -20.5087
6.6485 -19.8866
6.4191 -19.5258
6.38694 -17.0472
7.32927 -15.7242
9.48575 -17.6193
10.569 -17.7728
10.3472 -17.7557
8.79488 -19.0655
7.92591 -19.8624
7.70015 -19.9395
8.60671 -18.5917
8.50094 -17.8538
6.65888 -18.9218
6.86581 -18.0634
5.49181 -18.4068
5.28145 -19.5724
6.58683 -20.3122
6.56802 -20.8957
7.33571 -20.4039
7.60794 -20.1471
9.20367 -21.6076
10.0197 -23.0358
10.2676 -23.7855
8.98653 -24.2741
9.5567 -24.8886
10.6023 -24.1401
10.7956 -23.3819
10.4753 -24.0184
12.434 -25.4666
13.2554 -25.5099
12.9926 -26.8877
13.1721 -25.7024
13.1899 -23.4676
13.9526 -23.5531
14.6081 -22.3234
15.2787 -21.4105
14.85 -20.3028
13.8197 -20.3402
13.6434 -18.2577
14.0696 -18.8646
11.9915 -19.2222
12.1419 -19.3715
13.2488 -18.9767
11.8742 -20.3962
12.8581 -22.0599
11.8729 -24.1813
9.88606 -24.8151
10.0641 -23.4201
8.13581 -22.8788
9.2644 -22.7876
11.5386 -24.0616
11.833 -23.8859
14.838 -24.7328
14.7781 -24.6224
15.1089 -25.606
15.5466 -26.8759
15.6922 -26.9657
15.6421 -26.3222
15.3801 -26.8957
15.4992 -27.7903
17.716 -25.87
17.7319 -25.3455
19.5976 -24.2695
19.2053 -25.114
19.5338 -25.3725
19.3885 -25.8965
19.2014 -26.1734
20.3724 -25.9146
20.1019 -24.9477
19.9596 -24.5804
20.0203 -23.1917
20.8359 -22.0338
19.3234 -20.972
19.3829 -20.2828
18.8992 -20.0075
18.5498 -19.3032
17.72 -18.9123
17.8429 -19.9234
16.5045 -21.3126
14.7582 -22.041
13.3717 -20.8529
11.9392 -20.7079
11.6818 -21.3375
12.7815 -22.1866
10.3125 -21.9931
9.98016 -22.7011
11.1913 -24.1221
11.4548 -24.166
13.1644 -24.3583
13.8369 -25.0131
13.0052 -25.7384
12.2935 -25.6695
11.513 -25.7693
11.4558 -26.5243
12.5424 -27.4705
12.2718 -26.5583
11.351 -27.1729
11.2372 -26.8104
9.87145 -25.5091
11.1428 -24.553
10.6431 -22.8207
10.3928 -22.3569
8.89746 -22.4372
7.74676 -21.7737
9.26343 -22.0011
10.3986 -23.8709
8.33692 -24.8143
6.96284 -24.4014
6.71737 -22.9563
6.60163 -22.7989
5.44725 -23.4381
5.45891 -22.06
5.44054 -20.5332
5.95067 -20.7525
7.25046 -21.1204
7.93409 -21.6948
8.33503 -22.5075
9.00721 -21.2778
9.67617 -21.4098
9.76541 -20.3158
10.5119 -20.2791
9.13929 -21.706
7.0068 -21.3497
6.92197 -21.5508
6.61423 -21.2478
5.41531 -21.6846
4.16029 -21.8158
3.82859 -21.7813
4.37222 -23.7588
4.65917 -23.5627
4.68042 -22.8115
4.68382 -22.5066
6.15273 -22.9281
6.75442 -24.1947
5.72431 -25.0834
4.46411 -25.8889
3.89528 -25.681
1.72879 -25.4197
3.25824 -24.6747
5.37236 -25.7045
6.15975 -26.5103
5.73095 -25.9928
5.94986 -26.9513
6.18783 -25.4276
6.57748 -25.1254
6.00207 -24.9663
3.77932 -24.5664
1.87241 -25.4224
2.4559 -24.0441
0.839978 -22.9307
0.135215 -22.8108
-1.04236 -21.9759
0.401548 -21.172
0.289117 -20.6624
0.708088 -21.4345
2.07464 -21.5652
1.66003 -21.4875
0.71714 -21.5302
0.284238 -21.7048
0.327747 -20.6121
-0.205753 -21.1468
-0.147502 -20.6129
0.372316 -20.8392
1.0807 -19.0324
-0.626969 -20.4167
-3.55482 -21.0095
-4.20156 -19.2103
-3.796 -20.448
-3.93257 -20.7043
-5.96329 -22.2598
-4.9792 -22.069
-4.74581 -22.3409
-4.4427 -22.9497
-5.72384 -22.7113
-6.34727 -23.4124
-6.29042 -23.255
-5.36883 -23.4637
-3.58644 -24.173
-3.13963 -25.7535
-3.60191 -27.7073
-2.60086 -26.8279
-3.63984 -25.4492
-4.6958 -25.6394
-4.7392 -26.8042
-4.10288 -27.3997
-4.26036 -28.2227
-4.68652 -28.69
-5.01623 -27.2157
-4.14723 -25.8421
-4.27751 -24.389
-5.35314 -23.8343
-6.33202 -24.6341
-6.42215 -24.087
-7.01181 -24.1108
-7.55957 -25.1374
-7.43229 -25.46
-7.47177 -27.1566
-8.19749 -27.166
-8.00736 -28.5719
-7.74521 -30.0267
-8.67563 -31.0565
-6.75562 -31.757
-6.54248 -31.9256
-7.82891 -32.6025
-7.10539 -31.8916
-7.31554 -30.1728
-8.46692 -29.2434
-9.47587 -29.1464
-10.19 -28.4179
-10.8716 -29.563
-13.1146 -31.5707
-13.5892 -32.9209
-13.8897 -32.4059
-13.6115 -31.664
-12.323 -30.3072
-12.8257 -27.9758
-12.6749 -27.3062
-12.0856 -26.5184
-12.836 -25.8518
-13.0837 -27.32
-12.9478 -27.3432
-13.8775 -28.2219
-14.6535 -26.8739
-16.4777 -26.891
-16.8683 -27.1449
-18.3337 -28.226
-18.2054 -28.1152
-17.5347 -26.1206
-17.3524 -25.6023
-16.4168 -25.5389
-16.9786 -26.4883
-15.6962 -28.0908
-14.4445 -28.7746
-14.3439 -28.6097
-13.5006 -27.8243
-13.3565 -26.305
-14.1287 -26.584
-14.1263 -27.0742
-15.1216 -27.0259
-15.3844 -27.3268
-15.7523 -26.6448
-15.5142 -24.0927
-15.5242 -23.179
-14.5375 -25.038
-13.5025 -24.203
-12.1268 -23.1099
-12.6848 -23.3328
-13.0101 -23.5315
-13.5902 -24.5463
-12.6768 -23.9196
-12.1454 -24.637
-11.2305 -25.3403
-10.6169 -25.3379
-11.4211 -26.9002
-10.9811 -25.281
-10.7171 -23.8162
-9.73915 -23.585
-10.0661 -23.3635
-10.1515 -24.4555
-10.8643 -24.4435
-11.4018 -25.7273
-11.377 -25.6212
-11.3909 -25.8234
-12.6204 -25.038
-13.029 -24.5483
-13.9222 -22.3911
-15.68 -21.1033
-15.8111 -21.0457
-15.5234 -22.9388
-16.1315 -22.3186
-15.2964 -21.8872
-14.8 -22.6146
-13.5585 -22.0942
-14.6006 -21.8074
-15.0468 -20.3091
-15.0256 -20.5869
-14.6893 -21.1975
-16.391 -21.6855
-16.8561 -21.3334
-15.4241 -21.5651
-15.3709 -22.2306
-15.609 -21.058
-15.6787 -21.7159
-13.7887 -21.3498
-15.7944 -20.943
-16.7934 -21.6821
-16.0511 -22.5115
-16.7325 -23.9607
-17.274 -25.1658
-15.4836 -26.3168
-14.524 -24.6178
-15.4095 -24.5267
-14.3643 -23.9517
-14.7649 -23.8243
-15.643 -24.6986
-15.9895 -26.6364
-15.7554 -27.5222
-14.3088 -29.7648
-13.0306 -31.3977
-13.6493 -31.9971
-14.7581 -32.919
-16.1353 -33.8868
-18.3221 -32.7061
-19.2196 -32.001
-20.0147 -32.9127
-22.6338 -34.76
-23.9684 -35.3008
-23.7825 -36.1796
-22.8125 -36.5092
-23.1589 -36.6297
-24.2054 -37.31
-23.3433 -37.5062
-23.977 -37.8881
-24.5184 -37.6369
-24.0088 -39.09
-24.0135 -39.139
-23.5722 -41.2236
-23.137 -41.8656
-24.4618 -39.6724
-26.3469 -38.7995
-26.5343 -39.1258
-28.1458 -40.0898
-28.599 -41.2285
-28.311 -40.3558
-28.9603 -39.5369
-28.7745 -39.0615
-26.7454 -40.5699
-26.2533 -40.4735
-25.1343 -40.2391
-23.825 -41.359
-21.7239 -42.0371
-19.8018 -42.656
-20.5273 -41.5042
-21.1727 -39.8551
-21.403 -39.7442
-22.4519 -39.9048
-23.4266 -39.7038
-23.736 -38.9641
-22.7128 -38.7876
-23.0612 -39.415
-22.0978 -40.4174
-21.2694 -39.3155
-20.605 -39.1744
-21.4168 -39.2362
-21.0984 -39.2479
-19.5243 -39.4818
-18.9888 -38.8587
-18.613 -39.6295
-18.3579 -40.0859
-19.2785 -41.4271
-19.8513 -41.8461
-20.4514 -41.2922
-20.6963 -41.2478
-19.392 -40.2087
-18.2888 -39.6854
-16.6059 -37.6979
-17.1991 -38.2103
-17.0743 -37.2388
-16.8102 -35.8641
-18.0875 -36.2681
-18.3302 -35.6671
-18.5278 -34.0448
-20.1351 -34.4331
-20.9018 -34.66
-20.9334 -33.4736
-20.2929 -33.7272
-21.1728 -33.5111
-21.7632 -32.483
-22.7415 -32.0399
-24.0091 -32.0659
-23.0569 -32.8582
-21.9227 -34.6875
-21.0209 -33.7746
-21.6217 -32.7044
-22.1317 -34.1509
-22.0044 -35.8568
-24.3744 -35.129
-25.3216 -34.8408
-25.8503 -34.1589
-26.0738 -33.4106
-25.7857 -33.2091
-25.2131 -33.2821
-24.8175 -33.1839
-24.1973 -31.9848
-23.9255 -33.1795
-22.5167 -33.3908
-20.9095 -33.374
-20.4785 -33.9423
-22.8978 -33.7159
-23.6866 -34.0779
-23.2295 -35.0344
-22.8104 -35.5855
-23.4495 -34.6608
-23.0035 -32.6042
-22.5764 -34.3144
-23.4733 -35.509
-22.7362 -35.4012
-21.6237 -34.9863
-22.0317 -34.6234
-21.8895 -33.9404
-21.2016 -33.6876
-21.327 -33.2673
-20.3703 -33.9409
-18.9378 -33.8989
-19.4149 -33.9217
-21.1155 -33.6385
-20.4059 -32.6179
-19.4622 -32.0528
-19.1941 -31.2631
-18.9684 -31.7618
-19.1209 -31.5181
-20.4111 -32.0675
-21.5906 -31.4741
-23.3581 -32.0264
-25.314 -32.8486
-25.3034 -33.4154
-25.7291 -34.4394
-26.0502 -35.203
-26.1046 -33.8875
-26.6228 -34.0097
-26.2472 -33.506
-24.5954 -31.9267
-22.8369 -30.3867
-21.5978 -30.229
-21.8479 -31.6543
-22.7305 -31.8888
-23.5901 -30.5704
-22.3118 -30.7548
-20.6891 -29.9711
-21.7291 -31.3854
-21.7494 -31.6493
-22.5789 -31.054
-21.5564 -31.214
-21.8371 -30.0266
-20.8025 -29.2395
-21.641 -28.7425
-22.2124 -28.793
-20.6389 -28.672
-18.4123 -27.9336
-18.0435 -28.208
-16.2523 -27.2426
-15.9675 -27.3579
-17.1313 -27.854
-18.8055 -27.476
-20.6281 -25.8874
-21.1811 -24.5863
-20.2774 -25.845
-18.4165 -26.4719
-18.1379 -26.995
-17.5917 -26.1853
-15.7709 -25.1296
-15.9814 -24.4926
-17.4325 -23.5643
-17.918 -22.7325
-18.5179 -23.0029
-16.6568 -22.1843
-16.2813 -21.2538
-17.3478 -19.8208
-16.4072 -19.8498
-16.634 -19.0171
-17.1656 -18.3869
-16.7597 -19.2592
-14.7018 -17.782
-13.9806 -16.2289
-14.3788 -16.8681
-14.8342 -16.3587
-16.0733 -15.83
-15.3042 -16.5633
-15.6474 -14.4807
-15.4648 -13.8282
-14.346 -12.4878
-13.2915 -10.674
-12.1041 -11.3671
-10.9647 -11.7084
-11.7495 -11.0461
-10.8576 -11.2635
-11.6206 -11.7382
-12.4688 -12.9168
-11.8069 -11.7448
-11.744 -11.831
-11.807 -12.0442
-11.8076 -12.2163
-11.535 -11.9258
-11.9031 -11.1178
-11.5074 -9.7626
-12.4729 -8.82336
-12.8467 -9.37045
-11.5392 -9.95589
-12.3484 -10.6658
-13.7075 -10.1809
-13.0097 -10.8528
-13.1207 -12.4028
-12.4841 -13.9764
-13.0422 -13.9184
-11.7715 -12.5652
-11.2807 -12.1695
-12.8934 -11.2163
-13.6587 -11.9824
-14.4815 -13.5749
-14.307 -13.7239
-14.3855 -14.4166
-13.6527 -14.1184
-13.9507 -14.2159
-12.5739 -16.4113
-12.1987 -16.8087
-12.6909 -16.4746
-11.6876 -16.7411
-11.8131 -18.4279
-11.4977 -17.5601
-11.4702 -16.5648
-12.5922 -15.5977
-13.9542 -15.4995
-14.6858 -16.6083
-16.3958 -16.9621
-17.1741 -16.1926
-17.9966 -14.4636
-18.5786 -14.3053
-18.2573 -12.9225
-19.3733 -12.336
-20.8566 -12.3743
-21.2514 -11.0855
-21.3446 -12.1553
-21.5804 -12.1346
-21.5015 -12.0293
-24.1964 -13.646
-24.7493 -14.1947
-25.4675 -12.3674
-24.7654 -12.9805
-23.8173 -12.3531
-22.3345 -12.3257
-21.0036 -11.9973
-20.5409 -12.6079
-22.6201 -14.056
-22.6658 -13.3166
-23.6542 -13.8427
-23.617 -12.8973
-22.6121 -12.7461
-23.9918 -14.4132
-21.9294 -14.127
-21.4555 -14.1239
-21.9481 -16.0271
-22.9115 -16.134
-23.2266 -15.5889
-22.4431 -14.5364
-20.7137 -15.2868
-19.7012 -15.0199
-18.5329 -15.8259
-18.421 -14.7765
-17.9734 -15.3382
-15.7828 -14.4046
-15.9862 -12.7284
-16.6808 -12.2018
-15.9376 -10.6852
-15.5402 -10.7492
-15.1698 -9.60316
-16.008 -8.28145
-16.8984 -8.15016
-17.4202 -7.98196
-17.1482 -7.52355
-17.0342 -6.94757
-15.7028 -6.66646
-13.5252 -8.80057
-11.8964 -8.68929
-13.0012 -7.56937
-13.3515 -7.39831
-12.9883 -7.30559
-11.2068 -8.7488
-9.99431 -9.78785
-11.1451 -11.5256
-11.8259 -13.7404
-12.6725 -13.6516
-11.0865 -13.5153
-10.2139 -11.6686
-9.8478 -10.9361
-9.31004 -11.4552
-8.86086 -10.416
-8.01241 -11.7953
-7.37058 -13.0066
-4.94176 -13.541
-4.29515 -14.7073
-4.75573 -15.7343
-3.54752 -15.5363
-3.13326 -16.3204
-3.46376 -16.9089
-3.40595 -14.6145
-2.28873 -14.655
-1.98346 -16.7079
-0.636542 -16.8432
-0.195889 -17.6859
-1.82455 -17.7413
-1.58274 -18.124
-1.65179 -17.1894
-2.87109 -18.8543
-2.6738 -19.8463
-2.55666 -19.8081
-1.5755 -18.162
-0.436924 -17.9022
0.0296188 -18.5007
0.0793023 -17.6177
-0.51694 -17.5123
-1.70071 -15.8815
-2.86256 -15.9019
-4.34076 -16.4556
-3.85082 -17.1209
-3.71568 -17.2415
-3.66148 -18.1361
-3.06338 -18.8553
-3.64945 -20.1643
-5.26949 -20.6158
-6.82891 -20.8719
-6.73948 -21.7039
-8.34268 -21.7396
-10.3155 -21.7621
-11.1806 -23.2118
-9.62383 -22.3917
-7.54629 -21.4603
-6.13134 -22.0322
-5.66578 -22.1132
-5.33687 -21.6373
-5.77177 -21.8448
-5.74729 -21.3449
-5.47491 -19.5627
-5.52105 -17.9496
-5.47621 -17.0309
-3.77683 -16.7387
-3.81382 -16.0381
-3.75806 -16.6895
-5.95432 -15.788
-7.3218 -15.0465
-7.21104 -14.3522
-8.34916 -12.2551
-9.33803 -12.2257
-8.13346 -11.3986
-8.96255 -11.7471
-9.30636 -11.7511
-9.67871 -11.2221
-10.7106 -11.4422
-11.7234 -11.2516
-11.9913 -11.5834
-11.4938 -12.4
-12.3229 -11.8904
-12.5811 -12.3002
-13.2496 -11.8585
-12.7159 -11.975
-12.6229 -10.8267
-11.305 -11.071
-11.0332 -11.4729
-10.8088 -12.4858
-8.66996 -11.6686
-7.54112 -10.9564
-8.73413 -9.80925
-8.16093 -9.73157
-6.68828 -10.3223
-6.15123 -9.9353
-5.24629 -7.54548
-6.2728 -7.72915
-5.36336 -8.43478
-4.63418 -8.87254
-4.11515 -9.4863
-5.5758 -11.2494
-6.73516 -10.3318
-5.73151 -8.47995
-6.80329 -8.31355
-6.02722 -7.5504
-4.21412 -8.05241
-4.13618 -8.67651
-4.15451 -8.12242
-2.86919 -6.38265
-2.32911 -5.52792
-2.37006 -5.83869
-3.53915 -6.55931
-3.14229 -4.88345
-1.86112 -2.8816
-2.01187 -2.64303
-1.58848 -2.44592
-1.34875 -0.952413
-1.58314 0.000764321
-0.260634 0.816411
-0.407468 1.27107
0.00591324 0.512682
0.390693 -0.889746
-0.277397 -1.11314
-0.796619 -2.33052
-0.103409 -2.85705
1.97781 -2.26588
3.00267 -0.657232
2.69081 0.579305
1.53668 2.03503
0.177357 1.36366
-1.16395 3.28202
-0.624793 4.80587
-0.759891 3.99443
0.602605 5.6026
2.83526 6.70301
3.87848 8.17422
4.34515 9.84889
3.32776 9.0592
3.4797 10.1273
2.33327 10.2939
3.25969 9.82276
3.66961 9.03916
3.22212 9.04472
2.36078 9.38552
-0.1557 9.99651
-1.57936 11.7959
-0.727009 12.5349
-1.63931 11.492
-2.60032 10.3452
-2.24621 11.0704
-1.60921 12.0208
-1.50584 13.1517
0.511848 14.8444
1.25467 16.4984
2.91855 16.902
2.78446 15.0134
2.05598 15.4838
3.75473 16.3436
2.94303 15.8205
4.29886 16.3802
5.29477 15.8298
4.70401 16.5904
5.06445 16.9085
5.48722 17.0611
4.41206 17.9615
4.54567 19.0173
4.92519 19.4018
5.59978 19.8123
5.70333 18.4969
6.60089 16.7512
8.26816 17.26
9.67649 17.5767
8.44572 18.4111
8.28949 17.7993
8.84562 17.7915
9.50049 18.1417
10.1321 16.6166
11.5691 17.4089
10.9838 18.6081
9.10895 20.1037
7.24882 19.8986
6.65479 20.0786
7.68905 19.2025
7.40967 18.3333
6.55249 17.5032
6.98467 16.1595
7.18512 16.6334
8.17695 17.3403
8.71761 17.2033
7.82563 17.6527
6.43346 19.8748
6.58899 20.034
6.53779 18.6262
6.89612 18.8197
6.49445 19.7557
6.12196 20.3747
5.87263 18.9977
6.89508 18.1956
8.21608 15.7227
7.44559 14.219
7.57687 13.5246
7.42141 11.8526
6.74055 10.2977
7.72219 10.0156
8.33512 11.7573
7.2374 12.6686
8.42523 12.5576
8.91772 12.8055
8.69336 13.4024
7.92495 14.9507
8.15194 14.2453
8.65057 13.6949
10.1042 12.8326
9.47236 13.2198
10.349 13.5801
10.8093 13.8681
10.8327 13.4941
10.6414 12.7894
11.1128 12.3292
11.1084 12.6847
10.3919 15.1465
8.60387 17.663
8.3558 17.7064
8.08494 18.9743
7.67215 18.9548
6.67018 17.3433
7.25553 16.2496
7.49179 18.2194
7.68633 19.0283
6.89033 20.4274
7.93556 21.2397
8.35106 19.0532
6.70918 18.3995
6.62267 17.7506
5.26267 19.4942
5.77083 21.1105
5.92585 20.182
5.88623 20.5349
4.86462 20.3812
4.1597 19.2692
4.07391 18.9255
3.77782 18.779
2.78642 19.2252
2.68109 18.4089
2.20231 17.0206
2.99591 15.7097
2.1983 15.8923
1.39029 16.0206
2.62071 16.6203
3.62356 18.5313
3.9698 20.1549
5.04282 20.9499
3.34366 21.8317
2.45186 22.221
2.3422 22.5631
1.19147 22.9516
0.0800054 22.6958
1.37454 23.0311
1.1866 23.7125
-1.06408 24.0971
-1.56516 26.0577
-0.583057 26.3725
-0.147296 26.4638
0.891579 27.5678
2.12216 27.642
2.72468 26.9066
3.17986 24.0863
3.6663 23.2358
2.25354 21.2365
1.52144 20.5348
2.46344 22.9028
3.24653 22.8546
4.03216 22.9535
5.70178 22.1969
5.96878 22.1706
4.29286 23.0072
3.83728 23.2084
4.52689 22.3822
3.52361 22.2487
2.47185 22.8363
0.365875 23.2942
-0.219503 21.0769
0.578956 19.7612
0.067663 20.2131
-0.183654 20.0365
0.813071 19.0725
2.29067 17.5837
3.14627 17.4154
2.49189 17.4596
1.29863 16.8147
-0.527949 16.6594
-1.77901 15.5691
-4.0915 16.3354
-3.16024 16.5937
-3.65592 16.1987
-3.07973 16.1597
-2.9285 16.1328
-2.73183 15.7836
-2.86108 16.1741
-3.47579 15.481
-3.07584 14
-2.86137 14.4899
-1.98887 14.3972
-0.998209 14.101
-3.49151 16.1578
-5.09187 18.047
-7.48506 18.3482
-8.54543 18.2098
-10.3052 18.2906
-11.4777 18.846
-11.8493 20.4617
-12.5326 21.7088
-11.4892 21.0509
-11.2067 20.0205
-10.3422 18.2197
-9.46735 17.5883
-9.46602 19.0963
-9.16402 17.7919
-8.01071 17.8546
-6.60991 18.2708
-6.75492 19.2854
-7.81159 18.9479
-7.47702 18.6697
-8.7042 19.1307
-8.19658 19.9143
-7.67358 19.1658
-7.39243 18.1527
-7.45842 18.7295
-6.78491 18.3875
-5.59782 18.4295
-6.02033 17.8806
-5.83599 18.3827
-7.67266 19.6462
-8.1809 20.551
-9.06487 20.9438
-11.0315 21.4425
-11.9976 19.7038
-13.5201 19.4197
-14.3561 17.959
-14.9219 15.7472
-16.1406 15.7016
-17.4796 14.1929
-18.4175 13.2686
-19.1889 13.0341
-18.7459 14.2398
-18.4998 13.6919
-19.0322 14.2178
-20.3605 16.5253
-20.2927 16.1092
-18.6566 15.4925
-19.6024 15.3105
-20.1491 15.508
-18.6875 15.7057
-18.9286 16.6842
-19.8333 17.6828
-21.3391 17.2514
-20.806 16.7784
-20.7339 18.3398
-21.2629 18.5612
-22.7254 19.1211
-24.9509 19.2212
-25.1139 20.2553
-25.4077 21.1186
-26.5422 18.9218
-25.1969 17.9539
-24.3219 19.6036
-24.0286 20.0553
-22.9233 19.9036
-20.8184 20.8873
-20.3862 20.7647
-20.4942 19.2376
-19.425 19.8935
-17.4235 21.4725
-17.2431 22.5794
-17.0019 21.8939
-16.9853 22.3269
-17.0377 22.6519
-18.6268 23.6156
-18.4275 24.601
-19.1084 24.7074
-18.0965 26.2078
-17.2982 26.4528
-16.2423 24.9457
-18.2329 24.8181
-18.0426 24.9568
-18.1377 24.8406
-18.3394 25.7682
-18.7905 25.1112
-18.9204 25.0017
-18.1082 23.9189
-18.327 23.1075
-17.4105 22.3839
-17.3184 20.7746
-17.0647 19.8619
-17.7018 19.5574
-17.6395 19.2218
-16.9414 18.8914
-16.656 20.4373
-18.2269 20.2199
-19.1093 20.738
-19.2906 20.7805
-20.5559 21.6016
-21.0723 21.4503
-20.4892 22.8342
-21.6017 22.8069
-22.0189 22.7137
-22.7815 22.0163
-22.5711 21.8782
-22.3071 22.6503
-22.5235 22.8229
-21.846 23.4494
-22.1873 22.8044
-20.913 22.987
-21.5828 24.1656
-21.2392 24.1938
-21.1122 25.0604
-21.1203 25.0801
-21.566 25.2086
-22.4483 25.3236
-23.1363 26.0994
-21.6455 25.3743
-20.9945 26.4492
-22.2278 27.1206
-23.3009 26.5754
-22.5924 28.293
-21.757 29.6698
-22.012 29.1762
-21.9408 27.0769
-21.0376 25.5754
-20.695 23.9977
-20.8126 24.6127
-21.5185 22.3335
-21.8067 21.9061
-20.8968 23.0659
-19.8634 24.8149
-18.5603 24.6818
-19.2519 23.6542
-19.2635 23.134
-19.5928 25.0345
-19.9622 25.849
-21.975 27.115
-22.0622 28.2075
-20.612 28.6461
-21.0496 28.8609
-21.237 30.0372
-21.1636 31.6348
-21.1495 32.9058
-21.685 31.9985
-22.3437 30.0733
-22.8967 29.3791
-21.6361 29.1015
-21.3826 30.6564
-22.7661 31.3601
-22.476 32.3784
-24.9674 32.5567
-25.5033 32.6048
-26.9696 30.8616
-29.2714 28.5428
-29.8238 28.0658
-29.9016 28.4306
-28.8194 27.0271
-29.2361 26.5845
-29.5577 26.0678
-28.7526 25.6551
-28.1465 27.1986
-29.9161 28.7361
-31.3263 27.6286
-31.2502 26.6469
-30.8408 26.9488
-31.4298 26.913
-31.4437 25.8697
-32.0906 26.464
-32.295 28.4958
-32.2215 29.2337
-32.3699 30.1464
-32.6823 30.475
-33.1538 31.7177
-33.052 32.8876
-31.7645 30.7752
-31.4041 30.392
-31.8271 29.5812
-33.3318 29.5057
-31.6045 29.6955
-30.2312 28.3887
-28.476 27.5928
-29.1636 28.645
-30.4124 29.9646
-32.0152 29.7847
-31.7462 28.8469
-30.2806 29.2552
-29.8887 28.059
-30.3201 28.9131
-30.8992 29.9586
-31.1809 28.4664
-33.6188 28.5687
-32.9068 28.8734
-32.8914 29.679
-32.2947 29.8593
-32.2618 30.4485
-30.9115 29.1258
-29.9967 27.6789
-30.7811 27.5653
-30.1272 26.7906
-29.9132 25.841
-29.6276 26.0012
-31.2716 24.5835
-32.3266 23.84
-34.1139 23.3116
-34.5617 23.8635
-34.8955 23.5872
-32.5657 23.1033
-31.6528 21.602
-30.3907 20.6263
-30.8178 21.8378
-32.5999 21.347
-33.7333 21.3974
-32.6216 22.2883
-34.4431 22.8703
-35.1994 23.6858
-34.464 22.724
-33.5655 22.0486
-34.532 22.8298
-34.7052 23.5466
-34.1555 22.9143
-35.1793 22.2839
-36.0341 21.9556
-36.3264 22.3294
-37.3784 22.7092
-37.9861 22.2185
-38.3009 22.9584
-37.3274 24.8567
-37.6529 24.2605
-37.7969 22.7495
-37.9567 23.6765
-38.1242 24.7342
-39.0678 26.2218
-41.1325 24.5556
-43.0384 24.2371
-43.1258 25.217
-44.1408 24.7418
-44.8339 25.6709
-45.1825 24.0313
-45.2706 24.0064
-46.061 22.411
-47.3455 21.8427
-47.0444 23.6557
-46.5336 24.1926
-46.1948 24.4103
-47.0635 23.2372
-47.2175 21.643
-46.4513 21.0921
-45.8572 20.6237
-44.6901 20.9724
-45.8034 21.5608
-45.2877 21.2771
-45.265 21.8374
-44.3137 20.8487
-44.2196 21.2281
-42.5156 22.7957
-42.473 24.0641
-43.0102 22.5771
-43.4151 21.6181
-43.827 19.4818
-42.0457 19.5455
-42.6902 18.675
-43.3823 17.6867
-44.0344 17.2855
-44.9751 18.1996
-46.8259 18.1853
-46.3411 18.1016
-45.7757 19.006
-45.337 20.1213
-45.7647 19.4146
-47.6352 19.6974
-49.8253 20.9178
-50.148 22.1212
-50.6687 22.9958
-50.8131 23.261
-52.5671 23.6727
-52.5038 23.726
-52.5697 23.1292
-51.3432 23.1159
-50.5752 23.1842
-50.098 23.5399
-49.6342 22.9393
-49.0369 23.6476
-48.6066 23.2648
-48.2839 22.9599
-47.7148 23.4178
-46.5753 24.9189
-45.815 25.0303
-46.1177 24.5844
-46.9341 24.9169
-46.6936 24.6098
-48.4379 26.1586
-47.6663 27.5329
-45.9599 27.5438
-45.3135 26.5244
-43.7736 25.5012
-44.9489 27.5414
-44.6887 26.7855
-43.744 26.3808
-43.3619 27.0464
-43.2658 27.5494
-41.9478 26.2712
-41.8284 24.9571
-42.0117 26.0059
-41.4175 26.7449
-42.3533 28.1269
-41.1616 28.2082
-42.0497 29.0138
-42.9555 27.1425
-43.8768 26.8268
-44.1292 28.5683
-42.9029 30.0789
-42.7236 29.0309
-41.1341 28.0019
-42.1702 27.8279
-42.266 28.146
-42.6034 28.7435
-43.2483 28.9943
-43.3893 27.7361
-44.1805 27.9113
-42.5432 30.2351
-42.394 31.8389
-42.7198 32.6045
-43.3641 33.263
-44.4725 32.4127
-45.161 32.1303
-43.0156 33.176
-40.8744 32.7853
-40.6114 33.4359
-40.5633 34.2644
-40.9553 33.4204
-39.5238 33.1599
-40.0789 34.0054
-40.8148 34.0966
-38.7143 35.0782
-38.9631 35.2163
-41.0962 33.8632
-42.8514 34.5523
-42.2247 34.3077
-41.5946 34.8177
-41.1053 35.438
-41.2084 34.1755
-40.8762 32.413
-40.2604 31.6533
-40.2783 31.1397
-41.9783 30.8312
-41.8549 31.463
-43.2969 31.5976
-44.2644 31.4543
-44.5641 31.3937
-44.8386 32.6627
-44.6897 33.48
-44.8348 34.8377
-44.9552 36.7329
-44.5816 38.1884
-45.2699 37.579
-46.025 36.7721
-45.6185 36.9857
-44.7914 36.2734
-42.6436 34.9526
-40.6111 33.7511
-38.2964 34.1476
-38.287 34.1241
-38.8002 33.2782
-38.3032 33.5656
-39.5363 33.2005
-39.3992 32.7228
-38.2021 31.8931
-37.1804 31.8016
-38.3496 31.751
-38.6162 32.4619
-38.076 32.7116
-38.809 30.6594
-38.3305 30.3319
-38.9043 30.2853
-39.5944 31.058
-40.599 31.7732
-41.8907 33.0491
-42.2905 32.4381
-42.2893 31.9979
-43.2216 30.4724
-43.5901 29.3184
-42.6817 29.9559
-42.3183 30.6257
-42.3138 30.941
-41.5308 30.9849
-41.4281 29.8702
-40.8124 28.2059
-39.9006 27.836
-40.2381 29.6465
-39.3584 30.1727
-40.3393 30.8168
-40.7554 28.9572
-42.3246 29.0835
-42.9541 28.5158
-42.6198 29.1721
-41.7046 30.1344
-41.7327 29.8772
-42.4955 29.0394
-42.6085 27.0467
-40.6576 27.0828
-41.4475 27.3496
-41.7457 28.4046
-40.5893 27.9068
-40.6919 27.4142
-40.4033 26.4935
-39.1115 26.3243
-38.9936 27.7444
-39.7754 27.77
-39.6055 27.6296
-37.9091 29.1139
-38.2733 30.0016
-39.3707 30.055
-37.6237 29.538
-37.9273 30.735
-38.5054 30.0756
-38.8906 28.9226
-37.5509 29.5978
-36.2977 29.5526
-36.0631 28.7328
-35.4473 26.8757
-36.0845 27.0318
-37.3686 28.2456
-37.3425 27.2929
-36.3324 26.5319
-36.0631 26.9087
-35.4756 25.4869
-35.2539 25.8197
-35.1731 26.0709
-34.7273 25.9075
-33.5869 27.4039
-31.223 26.1361
-31.072 25.1302
-31.2764 23.8947
-30.2496 25.1912
-28.9714 26.212
-29.9479 26.8809
-28.9471 27.0694
-27.4179 27.3953
-25.8633 27.1986
-25.1855 28.3325
-24.4584 29.4913
-23.1396 28.6264
-23.0105 26.969
-23.1312 27.7301
-23.408 27.5489
-24.6084 28.3623
-23.1042 29.7528
-23.2949 29.4729
-24.0909 29.0815
-23.6192 28.5487
-22.4956 28.1578
-22.9018 27.1974
-22.5818 26.7062
-21.824 25.9132
-22.0861 25.9215
-19.9484 25.8587
-19.1993 26.6942
-17.7648 25.9992
-17.9664 28.2609
-17.1007 29.2712
-17.0142 29.8154
-16.238 29.1827
-14.4573 30.6311
-14.6545 29.3289
-14.8707 27.2981
-14.659 28.1403
-15.4023 29.1016
-15.284 30.235
-14.6516 31.0849
-13.8357 30.8009
-14.2742 29.9026
-16.3498 29.3845
-16.6904 29.5509
-17.8346 31.5858
-16.7806 32.6614
-16.415 34.0857
-16.2059 34.7239
-15.6642 35.1621
-15.4137 34.5477
-15.7521 35.5443
-16.1802 35.0799
-17.8394 36.0775
-18.3194 34.2739
-16.8745 35.3437
-16.0593 35.6738
-14.6529 36.8763
-13.4761 37.4181
-12.8358 39.1153
-12.8537 39.2594
-12.06 39.3522
-12.9787 38.4862
-14.7143 36.4119
-13.8629 37.0948
-13.2073 38.9961
-13.387 39.3357
-12.8615 38.1941
-12.733 39.6317
-12.6468 40.3004
-10.9439 41.443
-10.5154 41.1359
-11.5435 40.3692
-12.2352 41.3818
-11.0118 41.4206
-11.3499 40.5258
-10.1734 40.2623
-10.4491 41.8931
-10.2238 41.7605
-9.98423 41.1637
-11.3818 42.2378
-11.0339 42.7486
-11.3769 45.1434
-10.3458 44.9341
-10.1332 44.4526
-9.22186 43.5716
-10.1899 42.3588
-10.8485 43.3371
-11.1053 42.3316
-12.15 41.537
-11.9171 42.0248
-13.6727 41.9435
-14.0434 42.9616
-13.9102 42.2074
-14.8196 43.4934
-15.2339 44.3802
-15.3679 44.8614
-16.1159 44.5653
-16.9617 44.5056
-18.5399 45.6658
-19.5208 43.9351
-20.1918 44.9236
-19.9128 43.9826
-19.5326 44.9841
-18.71 44.8414
-16.7646 45.9378
-15.2257 47.4679
-14.5445 47.5763
-13.4061 46.8415
-14.1015 46.7209
-14.2892 45.775
-13.5003 45.4861
-11.8209 46.0038
-10.2578 46.042
-8.97958 45.3942
-9.38121 43.9567
-8.65581 43.9292
-7.99143 43.6814
-7.67644 42.9936
-7.92058 41.9355
-7.33848 41.8814
-6.77816 42.4811
-5.62727 42.5384
-5.7907 43.0753
-6.71726 43.7627
-7.19288 43.366
-7.75232 43.5554
-8.62361 43.4923
-8.16845 42.4631
-6.89964 40.5621
-7.73939 39.309
-8.99058 38.8805
-9.77324 39.615
-9.9226 40.1546
-11.4925 39.0243
-10.8412 39.0031
-9.91196 39.5331
-9.78388 39.9109
-10.6934 42.1352
-12.2185 42.0815
-11.9578 41.78
-12.6822 40.9198
-12.5949 41.5072
-11.7227 42.2998
-11.6227 42.2829
-11.4818 41.1386
-11.574 41.3148
-11.2372 42.1228
-12.6829 43.0934
-12.3289 42.6779
-12.5856 43.754
-12.4243 44.5615
-12.4922 44.9379
-10.9481 44.5687
-10.1917 43.634
-9.77759 43.7852
-9.27069 42.879
-8.1749 42.791
-8.30151 43.8127
-9.59088 43.1348
-9.93637 42.4515
-9.57259 42.3034
-12.6448 41.3338
-12.6257 42.2673
-13.317 43.5397
-14.303 43.1791
-13.9238 45.2118
-13.8625 45.605
-13.9385 44.6661
-16.0466 43.4458
-17.8952 43.886
-18.7558 45.2364
-18.8057 46.7392
-19.716 48.0612
-20.7803 47.7638
-20.3267 47.5812
-18.993 46.537
-16.4302 43.8581
-15.9281 42.9269
-14.722 43.0786
-16.3034 43.478
-18.3405 43.5909
-17.4696 43.8789
-17.4137 43.6285
-18.1494 42.8888
-17.182 42.2028
-18.2173 41.3622
-17.7694 39.682
-17.9961 39.2882
-17.7211 38.4735
-16.9598 39.3813
-17.6474 38.4839
-18.0359 38.2837
-17.7457 37.0918
-17.0332 36.5389
-14.9897 36.6255
-14.4944 35.7377
-13.9106 35.4567
-12.8251 36.118
-11.8109 38.1446
-11.3464 39.2295
-10.3615 40.5777
-11.0972 41.8778
-13.1959 40.1943
-14.9538 40.5091
-15.1018 41.4941
-15.9822 42.5022
-15.4352 43.4391
-14.8717 44.6032
-14.9009 44.8876
-14.6237 44.0174
-13.5271 42.3688
-12.8904 41.8347
-12.5881 43.5173
-11.5659 44.2179
-10.8819 44.1313
-12.2413 44.3868
-11.9072 44.8828
-11.0948 45.2861
-11.5982 45.0636
-10.6912 43.796
-9.49509 45.0344
-9.07351 45.8225
-10.331 47.1036
-10.443 47.0766
-9.42809 46.5701
-9.19132 44.4331
-7.74225 43.1593
-7.71607 44.4009
-8.69124 46.423
-8.9024 48.9839
-8.38479 51.4364
-7.86219 53.1471
-8.54047 54.6192
-8.70602 55.4349
-9.26266 54.7357
-10.3588 55.9476
-11.1676 55.6639
-9.22612 54.2435
-8.79643 52.4408
-7.64094 51.202
-5.5716 51.828
-4.95549 53.099
-5.34302 54.262
-5.12476 54.4998
-4.06946 55.1303
-3.69564 56.8726
-3.86268 57.317
-5.55456 57.4476
-4.23586 56.2261
-4.07075 55.4648
-5.49438 55.3302
-5.48103 54.7458
-4.00052 54.8568
-2.58463 54.5025
-2.10532 55.2496
-2.76032 54.0514
-2.74435 54.3311
-3.1356 54.1011
-4.12516 53.1735
-3.88603 53.1734
-4.4394 52.7469
-6.45028 52.7206
-7.60552 51.7351
-6.93459 50.7239
-6.6998 49.6912
-6.44378 49.1397
-7.14453 50.2678
-7.55034 50.6436
-7.54045 51.002
-7.63199 51.4224
-7.37363 51.0293
-7.30046 51.603
-7.03321 51.0284
-8.41853 51.2229
-9.69355 51.3024
-8.45156 50.6028
-7.18366 49.9097
-8.30007 49.78
-7.46057 48.7119
-7.76588 49.6387
-6.27386 49.4035
-4.76605 48.9485
-3.99703 47.8084
-5.84297 47.2205
-7.845 47.3713
-9.1082 48.2065
-10.7467 48.1536
-9.8126 49.0711
-8.44951 48.2739
-8.72442 48.0139
-7.91779 48.163
-7.21687 49.2245
-6.25716 49.8253
-6.2812 50.4841
-7.68037 51.0235
-8.00324 50.5373
-9.52692 52.9133
-9.79777 52.7092
-9.63235 51.0874
-10.1207 49.9747
-10.0352 50.0723
-8.85039 50.6632
-7.25534 50.5644
-6.48551 48.9462
-5.68216 47.9243
-5.43132 47.4372
-5.26522 46.6579
-4.70969 46.8264
-4.55401 45.5248
-3.02379 45.5834
-1.37593 44.5818
-2.67723 45.1118
-3.28032 47.5112
-4.26131 46.4527
-3.97139 45.3395
-4.04951 46.4036
-3.21102 46.2825
-3.49021 46.6914
-2.57052 46.565
-1.86447 45.706
-1.67583 46.7489
-2.39113 48.8359
-3.77899 50.7637
-4.30944 50.1457
-3.89392 49.7876
-5.01239 48.7008
-5.32151 49.6181
-4.23293 49.3991
-4.35787 49.9683
-5.35702 51.4509
-6.65205 53.5088
-7.13732 55.4401
-8.27394 56.9846
-9.66394 56.7035
-9.40414 57.6927
-7.64408 57.7036
-6.95608 58.1001
-5.8694 56.8385
-7.09851 55.3057
-7.48584 55.9433
-6.64454 56.4251
-6.16402 56.4138
-6.86249 57.759
-8.95829 57.393
-9.4127 55.3368
-10.1395 54.6978
-11.5863 55.3177
-12.7045 55.855
-13.6302 55.5209
-13.8958 54.0347
-14.9239 55.5558
-16.0516 57.1809
-16.394 57.3427
-17.3632 56.9415
-17.7162 57.7443
-18.661 57.9218
-19.3958 57.6533
-21.5304 55.9223
-21.6682 55.4421
-21.9663 55.9356
-22.7777 55.5687
-23.7765 54.8168
-25.4367 54.713
-26.2636 53.3236
-25.9388 54.1182
-25.7809 54.1891
-25.5221 52.9934
-27.0967 53.2887
-28.2428 53.732
-27.646 54.5651
-27.7306 54.8034
-28.4998 54.7869
-27.8351 54.3529
-27.8157 55.3581
-29.1829 56.1613
-28.2118 54.7972
-28.429 53.9856
-28.8551 52.2254
-28.2732 50.8784
-29.0201 51.8554
-28.7954 53.5278
-28.6405 54.1308
-28.7606 53.1398
-28.7094 53.3973
-28.4149 52.9707
-26.7 51.3265
-27.2025 52.1711
-27.33 53.6633
-25.8197 54.9666
-25.1687 57.041
-25.0372 57.2203
-25.8584 57.9556
-26.0366 58.1021
-27.639 57.6957
-28.437 56.4006
-27.1192 55.897
-27.9073 56.2506
-29.3733 56.3233
-29.6124 55.8122
-30.6591 57.3984
-30.254 58.2767
-30.9178 58.9679
-31.735 58.9908
-32.7657 59.5134
-33.6812 59.0147
-34.7729 58.5381
-35.9881 57.8621
-36.1677 58.4612
-36.8847 58.8957
-36.3124 58.5773
-34.6096 57.4214
-34.3196 57.8053
-35.1548 60.083
-36.3279 60.1746
-38.6058 59.6663
-40.5521 61.3496
-40.2217 62.5139
-39.359 62.7579
-39.4618 62.3475
-38.744 61.4678
-39.8793 61.0727
-39.9194 61.29
-39.7514 60.9241
-39.9789 61.1971
-41.6459 62.8061
-42.106 62.3263
-41.6792 61.1085
-42.4717 61.1084
-42.7615 59.6394
-41.0231 59.826
-40.0023 59.6236
-39.5189 59.9384
-38.8485 59.4804
-36.6806 59.9541
-34.944 61.0092
-34.2784 61.5381
-34.231 62.4072
-33.9772 61.0486
-34.7032 59.4365
-34.9802 58.0045
-34.4173 56.097
-34.0417 55.1938
-32.862 55.2527
-32.0566 55.0614
-31.3669 53.9891
-30.8604 53.2703
-30.5346 55.0851
-29.7318 54.5072
-30.5685 54.3561
-31.8275 53.7127
-31.0131 53.9508
-30.5081 54.4109
-30.4485 54.9152
-32.0447 55.5861
-32.7205 54.5907
-32.6851 54.0222
-31.3309 54.2967
-30.5565 54.3393
-31.3226 53.6207
-31.7906 53.1513
-33.8028 52.5472
-33.6839 52.835
-33.7534 51.0448
-34.2367 51.3471
-35.4484 52.0319
-36.8128 52.8126
-36.2745 52.7885
-35.6457 52.496
-34.9532 52.9565
-34.435 52.9182
-33.4589 53.8739
-33.3832 55.1665
-32.7195 55.4058
-32.9776 54.9183
-34.2706 54.4559
-35.1342 52.9122
-34.6745 53.7878
-34.951 54.1623
-34.6231 55.8145
-33.944 55.6864
-34.07 54.1434
-32.7755 53.0008
-31.7704 53.0759
-30.9741 54.2785
-30.0397 54.7076
-29.6499 55.8293
-28.758 55.5515
-28.441 55.0343
-27.7401 54.7321
-26.1273 52.9894
-27.2348 52.5374
-27.9287 53.3504
-28.1407 53.5087
-28.3542 53.304
-27.3894 52.287
-26.1975 51.3908
-25.9995 51.2889
-26.0659 49.7483
-25.6816 48.4027
-28.0032 47.5838
-29.0407 45.9388
-30.2055 44.1169
-29.9678 43.6375
-30.3298 43.6355
-29.9739 44.1792
-29.7775 43.2812
-29.7383 43.1751
-31.0504 42.2294
-30.3816 40.4193
-28.7433 40.2287
-29.9294 40.1688
-28.9653 39.6696
-29.9319 38.3604
-31.3966 36.187
-31.021 35.4194
-31.1418 35.3113
-31.8948 35.9935
-30.9117 37.022
-30.6417 37.5377
-31.0811 36.6819
-32.3212 35.2571
-31.5317 34.6753
-32.2808 34.6135
-32.9803 34.3101
-31.8767 35.1796
-32.645 34.1746
-33.4402 33.7256
-33.6991 33.1686
-34.3726 33.4202
-33.9173 32.9707
-34.4687 31.7636
-35.7127 32.9363
-35.818 34.1485
-35.4773 34.8898
-34.7041 34.9031
-33.6241 37.1857
-34.3003 36.2646
-35.0218 36.2025
-35.9613 35.9508
-37.1878 37.2292
-36.4978 39.0293
-35.7255 38.6658
-34.4392 37.8496
-33.0609 36.4728
-34.0933 36.1647
-33.7046 34.6184
-33.15 35.0662
-32.6291 34.8913
-32.761 34.0542
-32.6218 34.7359
