76.3994 33.7388
76.5707 35.0515
74.1933 34.8092
74.729 34.5788
74.3303 36.4756
73.761 37.9605
73.0638 36.7923
72.7469 37.9269
72.8168 38.5252
73.5594 38.8221
73.8558 40.1154
74.3756 42.4244
75.0557 43.8008
75.4083 42.5335
74.1358 42.7782
75.2399 42.6781
73.4801 43.3359
71.3141 44.5224
71.1592 44.7286
70.1658 44.214
72.1536 41.9219
72.0543 41.4501
72.4604 41.6024
72.5191 43.807
74.6308 46.2673
75.65 46.5068
75.7688 45.0766
74.7393 45.9737
75.3059 45.7247
75.9437 44.6379
76.5436 43.3138
77.4604 42.8679
78.6561 41.8317
78.354 40.9395
79.5299 38.892
80.5094 39.8394
81.71 41.1745
82.5421 42.3141
82.4663 42.5029
82.8769 41.895
82.3126 41.8109
82.9068 42.0795
81.2459 41.0618
81.4842 40.8425
82.4495 39.9316
83.9636 38.9515
84.867 37.9312
85.1573 37.7952
84.3748 36.6561
83.9564 36.4271
83.7298 36.6507
83.2433 36.2459
83.7878 35.5354
83.1604 36.1818
81.8296 36.7861
80.9014 35.4073
80.1903 35.8463
81.1085 36.1035
81.3507 36.4885
79.6724 36.4456
78.5766 35.9218
79.2922 35.7576
80.7738 35.8227
81.2058 38.3275
83.3717 39.8473
84.8843 40.9521
85.8521 41.8659
86.6593 40.9003
87.0227 39.8706
86.0115 39.5181
85.2736 40.4176
84.8799 40.5984
86.2879 42.6227
87.1997 43.4838
88.5602 44.2152
88.8345 44.073
89.3194 43.4883
88.1541 43.3664
87.419 45.004
87.6102 46.222
89.5158 45.6708
89.2412 44.901
89.1954 42.4268
89.4882 40.9217
88.6643 41.1133
87.5473 42.2703
88.6654 42.0426
90.4646 40.6071
89.9021 38.7585
89.9813 38.8275
90.7631 38.9216
91.1117 37.8016
90.9205 37.4761
89.7696 39.1105
89.0732 39.6569
89.2765 40.0384
87.8789 39.4709
87.7741 38.0744
88.1826 38.0937
88.782 38.8318
89.4822 37.2781
90.4283 37.825
89.5537 37.0188
88.7668 37.408
87.8478 36.5231
85.6399 36.5547
85.8715 36.63
86.506 35.9334
88.4111 34.8526
90.1405 35.7813
90.8918 35.6427
90.1909 35.8504
90.2916 34.4143
89.7518 35.2929
91.1017 35.2594
92.482 34.9897
92.3011 33.5358
92.6785 32.9658
93.7346 31.8112
93.3875 31.0896
93.4905 29.4443
92.4258 30.1275
91.6719 31.9746
92.5778 32.4131
92.9968 31.6389
92.6776 30.3051
91.6671 29.9354
91.345 30.6043
90.9662 30.655
89.5603 32.1941
90.1561 31.7451
88.9372 31.3652
88.901 31.9563
88.9478 32.8801
90.247 33.7102
90.7229 31.9095
92.7178 31.0264
91.9711 32.4278
91.1009 32.3942
89.3962 34.4271
87.9303 35.4994
87.9045 36.7295
87.7965 36.8403
86.8563 38.1417
87.3227 38.0157
86.2942 35.8368
85.5224 34.229
85.6887 34.5764
85.9662 34.6252
86.3867 34.8154
88.2028 35.4741
89.9584 34.1632
92.2194 32.4444
93.1495 31.5207
92.5826 30.765
92.5366 31.4862
92.4284 31.4975
94.5634 31.5395
94.0001 29.542
93.5737 28.9449
92.2702 29.8918
91.0633 28.4399
90.793 29.0046
91.4597 27.9915
92.1058 28.2543
90.0991 27.8228
89.939 28.0001
91.1671 27.7459
91.8032 25.3306
91.9071 23.2038
92.7523 21.6516
92.9913 20.834
94.1619 21.3516
92.3336 22.3324
90.7632 22.3858
90.6204 22.739
91.8821 22.1856
91.397 22.7134
91.9954 23.6515
91.9421 23.5515
91.8768 23.8572
93.0963 23.6908
91.2103 21.9164
91.6629 20.4968
91.1158 20.2198
90.2291 21.3853
90.4858 20.9765
90.9459 19.9698
91.3646 21.1845
92.0634 21.515
92.2233 21.6933
92.2524 22.7866
92.5454 21.9355
93.3842 21.4303
93.9796 21.443
94.0003 21.1612
93.6595 22.2194
91.9263 21.863
91.8633 20.4443
91.5623 20.7547
92.4769 21.2165
92.6642 20.7085
92.1302 18.9221
92.8425 20.7653
92.2785 21.0992
93.252 22.1005
94.1827 23.1822
93.8569 23.5903
94.4322 22.6733
93.592 23.5038
94.3444 23.2289
94.3748 24.8894
92.5498 25.1085
91.3282 25.3138
90.5348 24.7212
91.9914 25.3184
90.4139 25.0845
90.0005 25.5052
90.5301 27.9607
91.9921 30.0523
93.161 32.1715
91.4365 32.8649
90.0331 32.0231
89.6482 32.6466
88.4189 31.7916
87.0656 32.1999
87.9636 32.412
87.6377 33.454
86.6713 33.9275
85.1731 33.6895
83.7287 34.8805
83.9974 35.7837
83.9823 37.4452
83.4122 37.466
83.1079 35.6184
83.8647 36.0873
84.5622 37.3203
83.4449 37.3374
81.1912 36.7159
81.668 35.5986
83.3126 35.3981
83.6078 34.5364
84.9445 33.7259
84.7039 33.3213
84.0573 31.6845
84.2686 31.5345
85.7461 31.5601
86.1131 32.0405
86.6108 30.7633
85.422 29.592
84.8201 29.5703
83.9185 30.3723
82.6582 30.295
83.6351 29.2885
84.1926 28.2453
84.5212 28.6608
83.77 29.9327
83.0141 30.0751
82.6492 29.0142
83.0756 28.703
82.6057 30.4418
82.9725 32.2794
82.6298 31.7332
81.5622 31.7097
79.582 30.8173
79.9819 30.904
82.0899 29.3314
82.5689 29.0449
82.4386 29.7388
81.7917 29.4259
81.3573 27.6317
81.0565 26.5226
81.1305 25.7541
80.4418 27.8118
80.2772 28.9358
80.5063 29.5682
80.4484 30.1969
81.9087 29.997
81.8514 29.9132
83.0238 29.7769
82.4229 29.9648
81.9703 30.3977
83.5115 30.4487
82.4832 30.5938
82.3906 30.6127
84.5063 31.3682
85.09 31.1767
84.232 32.5631
83.7476 32.4017
83.0626 34.2875
82.4373 34.6226
82.9389 35.2361
81.181 35.3677
80.0695 35.2726
80.7239 36.7591
81.1535 35.2512
81.1164 33.3239
80.823 32.6857
81.3899 32.8462
81.6645 31.8285
81.3487 33.0379
79.8007 34.5324
78.3805 35.3228
77.9446 36.7317
78.9799 37.816
80.6622 37.476
81.1805 36.6847
81.2679 36.1415
82.2383 37.4181
83.0273 38.4489
81.5384 38.1919
79.8025 39.5802
79.5079 39.3099
81.2001 38.0301
84.4863 38.1264
85.3658 37.9592
85.6753 37.2481
86.3488 37.08
86.2663 36.6446
85.1844 36.3482
85.4617 35.6319
86.8705 36.0951
85.2713 36.9092
85.4868 35.8905
85.9143 35.7433
86.222 36.4252
87.104 36.2421
85.8527 36.3379
85.8403 36.7778
84.9294 36.1563
85.2242 35.058
86.5284 33.769
88.0698 32.8119
88.4552 31.4136
89.0293 31.6835
88.9065 31.9808
88.4865 31.7882
87.2719 31.0034
86.7335 30.7414
85.8969 31.2897
85.265 30.0581
85.2448 28.9718
85.8251 28.006
85.6023 28.7758
85.499 27.9997
86.676 27.6885
86.3751 27.0444
86.0063 27.3333
84.4832 28.3751
85.4208 29.1445
84.8904 28.8202
82.5753 28.4612
81.9077 28.04
81.9469 26.9241
82.4365 25.2639
81.0154 24.5888
81.0335 25.2687
81.1226 23.1134
81.0318 23.1895
80.7262 23.2785
81.3158 23.1216
80.6634 22.612
80.0179 21.9411
80.2868 22.9687
80.0905 23.7043
79.1752 23.9173
78.751 24.1448
80.4547 25.0151
80.5074 24.249
80.6956 24.2188
80.5939 24.4588
81.6984 23.9144
83.8609 22.9706
84.3248 24.4315
83.9894 23.9711
84.7627 23.4324
84.2028 23.4205
84.1103 23.0104
84.7492 22.4154
83.6707 22.5205
83.5724 23.9275
83.7535 23.3838
84.5281 22.5178
84.5317 22.5535
84.1297 23.3757
84.1507 22.8889
82.9491 22.7669
83.1334 23.5022
83.1499 22.7218
83.8517 22.5364
84.8823 22.9336
86.696 22.2931
87.7638 22.0333
87.6035 21.5723
89.4581 24.3387
91.4335 25.8327
90.8367 25.9328
91.7949 25.6104
91.9413 25.0114
92.9557 25.06
91.6769 25.5885
92.2637 25.6832
92.0925 27.2848
92.4032 26.6444
92.6912 24.2282
92.6455 22.426
91.2599 21.0879
92.2581 20.9536
91.7357 20.1831
92.7246 20.5345
92.9081 19.9043
93.3618 19.503
92.7578 19.1443
92.6001 18.1445
90.5751 17.545
90.3285 17.0204
89.4832 17.1774
88.5345 17.7216
87.8168 15.8128
87.8901 14.0471
88.0085 14.8231
86.5505 15.776
85.8717 15.6999
86.707 15.5113
87.5462 15.986
86.413 16.4823
86.3588 16.189
85.3509 17.0616
86.037 18.3752
87.0195 18.2543
86.3404 18.1252
86.59 18.6229
86.8683 18.5249
88.4742 18.4203
89.181 18.5884
89.4098 18.6993
91.7524 19.0859
94.6073 19.7669
96.3552 19.4215
95.7505 18.9891
97.0222 20.6736
96.8863 22.5045
95.0996 22.0912
94.2064 20.8566
93.453 19.9041
92.696 20.1567
93.8628 20.4209
94.465 20.4628
94.0036 21.445
93.3868 20.7843
92.7545 19.1268
92.725 18.2333
92.4163 19.4
92.5245 19.414
93.9609 19.6517
94.3053 20.0833
95.1085 20.0666
95.2631 20.2222
95.5025 18.6365
97.1331 18.3899
96.1328 19.4107
94.8627 19.4114
95.6232 18.3784
95.5659 19.726
95.258 19.545
94.4871 19.803
92.722 18.9235
91.756 18.1891
90.1857 19.5667
90.5958 21.1156
90.756 21.2716
92.1722 19.0791
90.0857 18.0438
89.252 16.4649
89.3277 15.4527
90.4488 15.5213
89.8031 15.0797
90.1166 14.6185
91.4643 13.6049
92.2797 13.0529
92.6858 13.529
93.8855 12.7777
95.7235 13.9227
96.6543 15.4422
95.6961 17.0657
95.7237 18.614
95.7035 19.6489
97.1579 19.8549
96.9589 19.3053
94.8228 19.0171
93.8436 18.8945
94.0264 18.0986
93.6602 17.0897
92.7096 17.1032
91.5226 18.6239
90.7727 20.1038
88.6658 20.6865
87.9602 21.9908
89.1691 22.8638
89.2188 24.3847
88.4172 23.0556
89.1071 22.7095
87.8344 24.8704
88.9989 26.487
88.1738 26.4061
87.9652 26.8189
87.5336 25.7605
86.1064 25.3336
86.2661 27.1185
86.4303 27.0026
85.9035 26.0688
84.7151 26.2142
82.6359 27.2334
80.9898 26.1374
79.8473 25.8018
80.2683 25.6773
81.0313 24.5403
80.2674 23.3746
79.2694 23.9225
78.9832 24.6449
79.7503 26.0777
80.8158 25.6965
82.1168 26.2342
80.822 28.1543
80.7273 29.3177
79.8241 28.6615
80.1875 28.5364
80.4987 29.681
79.7967 29.0987
78.5045 27.9029
76.9364 27.628
75.6436 28.2139
74.3503 30.254
74.5186 32.394
74.863 32.9188
74.2192 32.3692
72.2254 32.6756
72.5084 32.6145
72.9623 33.6418
73.1635 34.5963
73.7957 34.5316
73.5938 35.3105
73.5716 35.4325
72.0646 36.592
71.4016 35.7695
71.2423 36.3877
70.8144 36.301
71.2248 36.3351
71.101 37.2682
71.1841 36.7072
71.192 35.7272
71.6517 35.9899
72.6746 35.8465
71.6119 36.5843
71.3865 35.778
70.8536 35.5818
69.8531 34.5983
69.3787 32.8802
69.6384 31.8786
69.0257 32.8113
68.9064 33.4429
68.8102 34.5689
68.8099 34.1769
69.0313 36.1475
68.2202 36.9161
69.3047 37.7723
68.3985 38.831
69.3012 38.0553
67.8081 37.1188
68.7963 37.0452
69.4657 37.3077
70.346 37.7595
70.6969 38.4705
71.9096 38.8325
72.0518 38.2551
71.7483 40.0238
71.2125 40.7018
71.3334 41.0172
71.6889 40.412
71.5657 40.9259
73.05 41.5451
72.5425 41.9727
72.7655 42.1714
73.8228 42.093
72.8979 42.6873
71.1119 42.7318
72.2867 44.1726
71.8655 44.9541
69.8814 44.1336
71.1435 44.1365
70.6294 44.8254
71.2115 46.2027
69.6413 46.6001
70.2977 45.4304
71.7289 46.3553
70.949 45.2889
71.1055 43.7247
71.0209 42.8852
70.6166 42.8687
68.8636 41.6249
67.1985 40.6784
67.4509 39.2299
67.4313 37.8305
66.9557 38.2489
67.6452 37.9038
66.9433 38.1307
66.6877 39.1081
66.97 39.0194
64.6464 37.8479
64.3202 35.4247
64.5296 34.5376
63.3838 36.0726
64.323 35.7758
63.4783 35.057
63.9147 35.5212
64.8525 35.0522
65.8568 34.4354
66.6208 36.1354
66.4188 35.3127
66.4948 34.4422
67.6173 33.336
67.885 35.03
66.48 35.1537
66.1068 34.8588
64.7619 32.9407
64.308 32.5312
64.8912 32.4612
65.0672 33.9207
65.2533 34.2589
65.4239 34.2208
64.0634 34.2804
64.2765 33.513
64.1286 33.2305
64.2024 33.8196
65.1908 34.5761
65.0491 34.6282
65.2334 34.7045
66.5622 33.3022
68.5757 32.8723
69.3867 32.7759
68.93 34.0318
69.015 35.7828
69.102 36.9425
68.2973 37.5288
68.4553 37.186
70.0279 38.1153
71.1548 36.7627
72.8943 36.1448
74.3719 35.8619
73.3744 35.0549
71.8164 36.3526
71.3064 37.0683
70.8955 37.8799
71.0765 38.8116
71.1917 40.2723
70.4726 41.0115
68.333 41.4785
68.3324 40.4469
69.3982 40.3903
70.3611 40.9161
71.2652 40.5189
70.0465 42.4909
70.2794 41.9267
70.7756 41.5635
69.8495 43.2496
70.6536 45.0598
71.4053 45.3613
72.6468 47.0915
74.1775 47.7219
72.9218 48.8791
72.3954 50.13
71.7953 47.9824
71.6313 47.3782
72.8557 47.0916
71.2016 47.65
69.6724 47.8603
70.6734 48.5134
70.5028 49.3367
69.6257 50.0159
69.5997 50.7237
69.5846 50.416
70.458 50.208
69.5642 48.2297
67.5813 47.338
67.0645 45.6272
67.6367 45.4089
69.2188 46.6475
70.7179 47.4234
69.5465 49.4182
68.5987 50.803
68.0213 50.5973
68.8188 50.0282
70.3014 52.7841
71.0332 53.1647
71.2429 53.7637
71.1673 53.9659
70.62 54.1262
70.0353 53.0235
69.7549 53.4487
69.4528 52.9894
70.5446 52.9798
71.669 51.7343
71.982 51.6106
71.7156 49.9231
70.7241 49.2539
69.2522 46.6487
69.2068 46.5809
69.9215 46.4353
71.7436 46.1651
71.5274 46.8462
71.3917 46.8358
71.1835 46.014
74.273 46.474
75.3877 46.5328
75.7386 47.1618
76.6099 47.076
77.6376 46.9801
77.777 46.6885
77.8208 46.0188
76.747 45.0096
76.6195 44.0295
76.2999 45.0186
75.9862 45.8522
74.503 45.3926
73.5584 46.0167
74.3017 47.2831
73.8323 46.4356
72.9957 47.0555
72.0519 46.7006
72.5809 45.656
73.118 45.1341
72.4451 47.3161
72.5806 49.8759
73.7874 49.3429
75.228 47.9446
75.4257 47.6875
75.2968 47.4918
75.3447 47.5398
75.6105 48.9325
75.1525 49.2614
74.3564 50.8087
73.1548 49.9528
73.9109 48.7057
75.0992 49.3941
75.6595 49.4392
74.8776 49.8788
73.2932 47.6282
72.476 47.5589
72.4865 46.1731
73.9831 45.9755
73.2655 44.5582
72.106 45.372
71.8136 46.3532
71.1114 46.5875
70.8876 46.0789
69.8306 45.7233
67.6263 44.831
66.5034 44.0342
66.3019 42.6693
67.0859 41.6365
68.1351 40.9448
68.1184 40.1618
68.4204 40.7405
68.3511 39.9437
70.1508 39.1449
70.2674 38.6968
70.2429 37.6823
69.3071 38.9027
69.3899 39.6518
68.7834 40.5246
69.6382 38.7449
68.9936 38.5203
67.4999 38.3614
66.7054 37.6876
67.2471 37.3466
68.5602 35.4694
68.6966 35.4841
68.9842 35.0674
69.8914 34.455
70.8519 35.5221
70.2858 35.7902
69.5818 35.1525
69.0031 33.8687
69.1397 34.1625
67.9894 33.4778
68.6142 32.5744
69.0021 33.0465
69.779 32.3574
70.2692 31.9226
70.2838 31.7894
71.6967 31.3841
70.8317 31.1939
69.8788 30.7854
69.0807 29.8005
67.541 29.8352
66.3066 29.5729
66.1893 30.2911
64.6732 29.8764
63.8702 30.5083
63.4502 30.0791
63.9969 28.2868
64.6356 27.1377
64.6764 27.588
63.0626 28.173
63.0086 29.3029
62.7752 28.6863
62.1377 28.9423
62.1659 27.6418
61.4946 27.1043
63.6675 26.3495
64.8381 25.1094
66.2403 24.0148
66.2775 23.7451
64.3014 23.2299
64.5176 22.6065
65.9348 23.4295
65.7103 23.8285
66.1057 23.4748
66.5669 23.1518
67.278 22.9949
66.7584 22.3893
64.8522 23.132
63.8892 22.3851
63.0829 21.844
63.4826 22.0491
64.7638 21.9492
64.9749 20.1751
64.7884 20.8411
64.5915 20.8945
63.6723 20.0394
63.2768 18.7002
64.3136 19.5036
63.9244 20.0585
63.9316 19.116
64.3876 19.206
62.8638 18.1893
63.9036 18.4313
64.3913 18.6806
64.1268 18.8664
63.8826 17.2662
63.4187 16.0687
64.9599 14.5418
65.2541 13.6003
66.3982 13.3004
66.0321 14.4533
66.4278 16.1844
66.6443 16.103
65.1188 14.6204
65.0603 14.7906
65.228 15.2344
67.0174 16.6622
67.0346 17.2569
65.85 17.9553
64.8768 17.3545
65.7556 16.667
65.6211 16.5707
65.8641 17.3549
65.932 17.8454
66.7143 18.2547
66.7772 17.3746
65.9291 18.1223
64.8858 19.0586
65.0146 20.1785
63.842 21.3272
65.0187 21.5124
65.0558 23.9116
64.9009 23.3264
65.4605 23.7462
64.9868 23.6775
64.5816 23.9703
62.1405 25.4879
62.5141 26.0599
62.253 26.4265
61.4492 25.7791
60.2985 25.844
61.2379 24.6733
62.4673 23.0825
64.3067 23.9017
66.1722 23.0304
67.045 22.4215
67.0342 22.9536
66.5768 21.9873
66.792 21.459
68.0433 21.394
68.3584 20.157
68.5087 20.044
67.3968 19.8122
67.8787 18.0011
67.5149 16.3084
67.7154 15.1824
68.7266 13.4451
67.7884 13.3495
69.3857 14.7911
70.4474 15.4453
69.7024 13.5575
68.6742 11.7025
68.0171 11.4017
68.3204 13.0847
68.7637 13.2416
69.2599 14.2979
70.0677 14.3153
70.7025 14.7588
71.6385 13.4941
73.3169 14.7964
73.8117 16.131
74.3119 15.9323
73.0187 18.0713
74.3545 18.9611
74.7008 19.8403
75.1564 20.6255
76.9988 20.8545
77.5214 19.973
76.7113 18.2479
75.1597 17.5206
75.8615 15.9463
76.9452 16.3536
77.4427 16.1534
76.8109 15.3856
76.522 16.4706
77.3629 16.7919
76.7008 18.2923
75.2125 17.6214
74.769 17.1162
73.5359 16.7044
74.3312 16.5245
75.138 15.6886
74.0845 13.5304
73.7121 14.5027
75.2494 14.486
75.2224 13.5626
75.5001 14.1623
75.9663 13.6465
74.1882 13.3958
73.8889 11.5357
74.4294 10.5894
75.4512 11.056
76.7436 9.89333
76.9443 8.91543
77.0929 9.96388
76.6887 9.42129
76.3188 10.2592
76.3664 11.4039
75.921 10.6011
77.173 9.68059
75.962 9.86932
76.4543 9.03269
77.4379 8.2373
78.1306 8.69247
78.3683 7.35375
78.202 6.83994
79.2597 7.43184
79.013 7.24367
78.2046 7.48156
79.4549 6.91592
80.0191 6.26128
80.0412 5.39124
80.6904 3.92299
79.8782 1.96735
79.0721 1.68994
78.2192 1.48075
79.5701 1.1918
81.3226 1.9542
82.4933 2.65416
81.6606 2.55049
80.7022 2.18011
79.871 0.466131
81.2803 -0.307216
80.7434 0.854959
80.2335 2.31336
80.2185 4.09094
80.8432 5.723
80.5185 6.86086
79.5624 7.10381
80.0747 7.85984
79.9764 9.27766
80.6188 10.8805
81.3386 9.32645
81.6783 8.56079
81.6835 6.8397
81.555 7.15647
81.197 9.08996
80.6948 8.79749
80.0969 9.21126
80.6922 9.88937
81.032 8.46652
81.0938 9.0312
81.7551 9.42407
82.8202 10.4358
85.4553 10.7301
87.3487 9.38398
86.9654 8.33085
87.7813 9.5414
86.8694 8.64794
86.2162 7.16214
86.7443 5.87951
88.6526 6.47873
89.8224 6.93804
89.0013 8.28163
88.2769 10.1963
87.4519 9.90239
86.6892 10.1691
87.0105 10.3049
86.7243 8.81882
86.3315 7.3637
85.9803 7.22332
86.4541 8.94134
85.5717 7.845
87.0212 8.1503
87.985 7.93217
87.8099 7.29657
86.612 6.92704
86.183 6.73468
87.054 6.24533
87.5548 5.59116
87.5431 5.43929
87.523 5.20371
87.0711 5.14795
87.7167 5.04078
87.6702 5.13028
86.2044 5.82549
86.0497 6.15284
86.4971 7.21097
88.1853 5.90988
89.8171 5.23525
