76.3993 33.7383
76.5705 35.0509
74.1932 34.8088
74.7288 34.5779
74.3303 36.4757
73.7607 37.9589
73.0636 36.7913
72.7469 37.9271
72.8167 38.5245
73.5593 38.822
73.8557 40.1149
74.3755 42.424
75.0556 43.8004
75.4082 42.5333
74.1357 42.7779
75.2398 42.6774
73.4799 43.3353
71.3141 44.5224
71.159 44.7276
70.1656 44.2129
72.1535 41.9215
72.0543 41.4503
72.4605 41.6026
72.5189 43.8061
74.6307 46.2672
75.6498 46.5059
75.7687 45.0762
74.7391 45.9731
75.3058 45.7243
75.9436 44.6374
76.5435 43.3133
77.4604 42.8677
78.6559 41.831
78.3541 40.94
79.5298 38.8916
80.5094 39.8398
81.7098 41.1736
82.542 42.3134
82.4662 42.5027
82.8768 41.8945
82.3126 41.8113
82.9068 42.0793
81.2457 41.0612
81.4842 40.8423
82.4494 39.9314
83.9635 38.9513
84.8669 37.9309
85.1573 37.7951
84.3749 36.6565
83.9564 36.4272
83.7298 36.6507
83.2432 36.2459
83.7877 35.5348
83.1604 36.1819
81.8295 36.7856
80.9013 35.4069
80.1903 35.8465
81.1084 36.1031
81.3506 36.4878
79.6724 36.4456
78.5764 35.921
79.2922 35.7578
80.7736 35.8217
81.2057 38.3271
83.3715 39.8464
84.8842 40.9514
85.8522 41.8664
86.6592 40.8997
87.0226 39.8703
86.0115 39.5185
85.2735 40.4178
84.8797 40.5977
86.2878 42.6223
87.1997 43.4837
88.5602 44.2155
88.8345 44.0731
89.3194 43.4886
88.1541 43.3665
87.419 45.0039
87.6101 46.2216
89.5158 45.671
89.241 44.9005
89.1953 42.4266
89.4882 40.9215
88.6642 41.1132
87.5473 42.2702
88.6652 42.0413
90.4645 40.6064
89.902 38.758
89.9813 38.8275
90.7632 38.9225
91.1117 37.8015
90.9204 37.476
89.7697 39.111
89.0731 39.657
89.2765 40.0385
87.8787 39.4701
87.774 38.0741
88.1826 38.0938
88.7819 38.8319
89.4822 37.2779
90.4282 37.8249
89.5537 37.0194
88.7667 37.4078
87.8477 36.5228
85.6398 36.5542
85.8713 36.6289
86.5059 35.9331
88.4109 34.852
90.1403 35.7803
90.8916 35.6423
90.191 35.851
90.2915 34.4144
89.7517 35.2926
91.1017 35.2595
92.4817 34.9889
92.301 33.5357
92.6783 32.9652
93.7344 31.8101
93.3873 31.0886
93.4903 29.4436
92.4256 30.1269
91.6718 31.9745
92.5774 32.4117
92.9966 31.6384
92.6774 30.3046
91.6669 29.9347
91.345 30.6041
90.9661 30.655
89.56 32.1927
90.1561 31.7451
88.937 31.3647
88.9009 31.9563
88.9477 32.8794
90.247 33.7104
90.7228 31.9091
92.7177 31.0261
91.971 32.4274
91.1006 32.3934
89.3962 34.4272
87.9304 35.5
87.9044 36.7291
87.7965 36.8404
86.8561 38.1411
87.3226 38.0153
86.2941 35.836
85.5223 34.2285
85.6886 34.5762
85.9661 34.6248
86.3867 34.8153
88.2025 35.4729
89.9584 34.163
92.2195 32.4451
93.1495 31.5208
92.5826 30.765
92.5365 31.4857
92.4282 31.4971
94.5633 31.5392
94.0001 29.542
93.5736 28.9443
92.2702 29.8921
91.0632 28.4395
90.7928 29.0037
91.4597 27.9917
92.1056 28.2535
90.099 27.8228
89.9388 27.9994
91.1671 27.7459
91.8031 25.3305
91.9068 23.2023
92.7525 21.6532
92.9912 20.8335
94.1617 21.3504
92.3335 22.3315
90.7631 22.3857
90.6202 22.7382
91.8824 22.1881
91.3968 22.7126
91.9953 23.6509
91.942 23.5509
91.8767 23.857
93.0962 23.6909
91.2101 21.9156
91.6625 20.4946
91.1158 20.2206
90.229 21.3846
90.4857 20.9762
90.9458 19.9691
91.3646 21.1856
92.0629 21.5116
92.2226 21.6889
92.2527 22.7887
92.5455 21.9362
93.3849 21.4352
93.9792 21.4408
93.9999 21.1584
93.6591 22.2169
91.9265 21.8652
91.8638 20.4483
91.5626 20.7572
92.477 21.2172
92.6638 20.7062
92.1297 18.9187
92.8426 20.7669
92.2786 21.0999
93.2518 22.0995
94.183 23.1849
93.8567 23.5896
94.4317 22.67
93.5911 23.4971
94.3438 23.225
94.3745 24.8881
92.5496 25.1078
91.3281 25.3137
90.5346 24.7206
91.9913 25.3182
90.4138 25.0845
90.0004 25.5045
90.5298 27.9591
91.9921 30.0525
93.161 32.1716
91.4364 32.8642
90.033 32.0227
89.6483 32.6473
88.4186 31.7905
87.0655 32.1994
87.9636 32.4123
87.6376 33.454
86.6711 33.9267
85.173 33.6892
83.7286 34.8803
83.9973 35.7832
83.9822 37.4447
83.412 37.4654
83.1079 35.6187
83.8645 36.0865
84.562 37.3198
83.4448 37.3373
81.1911 36.7157
81.6677 35.5974
83.3125 35.3978
83.6077 34.5363
84.9446 33.7264
84.7038 33.3208
84.0571 31.6835
84.2686 31.5346
85.7459 31.5596
86.1129 32.0395
86.6106 30.7625
85.4218 29.5909
84.82 29.5703
83.9184 30.3716
82.6581 30.2945
83.635 29.288
84.1925 28.2448
84.5211 28.6609
83.77 29.9325
83.014 30.0746
82.649 29.0132
83.0755 28.7028
82.6057 30.4416
82.9725 32.2794
82.6295 31.7321
81.5622 31.7095
79.5819 30.8167
79.9819 30.9043
82.0898 29.3312
82.5687 29.0442
82.4385 29.7386
81.7916 29.4258
81.357 27.6303
81.0564 26.5219
81.1304 25.7538
80.4415 27.8107
80.2771 28.9358
80.5062 29.5677
80.4483 30.1969
81.9087 29.9967
81.8513 29.9131
83.0237 29.7767
82.4228 29.964
81.9703 30.3979
83.5114 30.4481
82.483 30.5929
82.3906 30.6127
84.5062 31.3682
85.0899 31.1763
84.2317 32.5615
83.7475 32.4017
83.0624 34.2867
82.4373 34.6225
82.9388 35.2361
81.1807 35.366
80.0694 35.2723
80.7238 36.7583
81.1534 35.251
81.1162 33.3232
80.8228 32.6845
81.3897 32.8457
81.6643 31.8273
81.3485 33.037
79.8007 34.5328
78.3803 35.322
77.9445 36.7312
78.9798 37.8158
80.6619 37.4747
81.1805 36.6847
81.2678 36.141
82.2383 37.418
83.0273 38.449
81.5383 38.1915
79.8023 39.5792
79.5077 39.3089
81.2 38.0297
84.4862 38.1258
85.3656 37.9587
85.6752 37.2477
86.3486 37.0789
86.2662 36.6441
85.1844 36.3484
85.4615 35.631
86.8705 36.0953
85.2712 36.9088
85.4867 35.8899
85.9141 35.7423
86.222 36.4255
87.1039 36.2419
85.8526 36.3378
85.8402 36.7771
84.9293 36.156
85.2241 35.0576
86.5284 33.7691
88.0697 32.8119
88.4552 31.4134
89.0291 31.6825
88.9063 31.9799
88.4865 31.7882
87.2719 31.0033
86.7333 30.7404
85.8967 31.289
85.2649 30.0579
85.2449 28.9724
85.8249 28.0051
85.6022 28.7755
85.4988 27.999
86.676 27.6889
86.375 27.0438
86.0063 27.3333
84.4831 28.375
85.4205 29.1436
84.8901 28.8193
82.5751 28.4598
81.9077 28.0399
81.9467 26.9232
82.4366 25.2645
81.0151 24.5875
81.0334 25.2685
81.1225 23.1128
81.0315 23.1881
80.726 23.2778
81.3155 23.1203
80.6632 22.6113
80.0177 21.9405
80.2867 22.9685
80.0904 23.7043
79.175 23.9167
78.7507 24.1438
80.4545 25.0144
80.5074 24.2489
80.6954 24.2183
80.5937 24.4583
81.6982 23.9132
83.8608 22.9703
84.3247 24.4308
83.9893 23.9707
84.7626 23.432
84.2026 23.42
84.1101 23.0094
84.7491 22.4148
83.6706 22.52
83.572 23.9259
83.7531 23.3822
84.5278 22.5162
84.5317 22.5536
84.1296 23.3752
84.1506 22.8886
82.9489 22.7662
83.1332 23.5015
83.15 22.7224
83.8515 22.5357
84.882 22.9325
86.6958 22.2925
87.7637 22.033
87.6034 21.5717
89.4578 24.3374
91.4334 25.8324
90.8364 25.9314
91.7948 25.61
91.941 25.0104
92.9555 25.0591
91.6768 25.5881
92.2636 25.6833
92.0925 27.2846
92.4032 26.6445
92.6913 24.2285
92.6451 22.4242
91.2596 21.0867
92.2574 20.9495
91.7364 20.1889
92.7249 20.5369
92.9077 19.9015
93.3619 19.5034
92.7577 19.1441
92.5992 18.1391
90.5751 17.5456
90.3281 17.0184
89.4828 17.1758
88.5335 17.7155
87.817 15.8144
87.8907 14.0513
88.0081 14.8205
86.5506 15.7769
85.8721 15.7035
86.7059 15.5042
87.5456 15.9819
86.4133 16.4852
86.3589 16.19
85.3506 17.0601
86.0369 18.3747
87.0196 18.2554
86.3401 18.1237
86.5898 18.6218
86.8682 18.5246
88.4738 18.4179
89.1804 18.584
89.4095 18.6979
91.7519 19.0829
94.6062 19.7603
96.3552 19.4221
95.7512 18.9943
97.0223 20.6746
96.886 22.5031
95.0995 22.0917
94.2068 20.86
93.4529 19.9036
92.696 20.1575
93.8625 20.419
94.4647 20.4614
94.0038 21.4469
93.3871 20.7864
92.7546 19.1284
92.7243 18.2291
92.4166 19.4033
92.5243 19.4135
93.9611 19.6534
94.3056 20.0857
95.1078 20.0623
95.2628 20.2206
95.5025 18.6372
97.1326 18.3872
96.1318 19.4042
94.863 19.4137
95.6238 18.3828
95.5656 19.7236
95.2569 19.5381
94.4866 19.8002
92.7223 18.9258
91.7559 18.1886
90.1852 19.5636
90.5953 21.1124
90.7558 21.2709
92.1726 19.0825
90.0852 18.0413
89.2518 16.4644
89.3269 15.448
90.4486 15.5203
89.8033 15.0818
90.1166 14.6196
91.4642 13.6047
92.2791 13.049
92.6863 13.5324
93.8847 12.7727
95.7233 13.9216
96.6546 15.4448
95.6957 17.0636
95.724 18.6168
95.7029 19.6453
97.1576 19.8526
96.9589 19.3053
94.8226 19.016
93.8434 18.8935
94.0267 18.101
93.6604 17.0912
92.7094 17.1026
91.5221 18.6207
90.773 20.106
88.6655 20.6855
87.96 21.9898
89.1688 22.8628
89.2186 24.3835
88.417 23.0548
89.1069 22.7085
87.8341 24.8691
88.9987 26.4862
88.1738 26.4065
87.965 26.8182
87.5333 25.7594
86.1065 25.3341
86.2659 27.1177
86.4301 27.0017
85.9034 26.0682
84.7149 26.2133
82.6357 27.2326
80.9897 26.1373
79.8471 25.8005
80.2682 25.677
81.0314 24.5408
80.2673 23.3746
79.2693 23.9223
78.9832 24.6447
79.7502 26.0772
80.8156 25.6958
82.1167 26.2336
80.8218 28.1538
80.7271 29.3168
79.8239 28.6607
80.1873 28.5357
80.4986 29.6807
79.7965 29.0979
78.5044 27.9025
76.9364 27.6282
75.6433 28.2125
74.3502 30.2538
74.5185 32.3938
74.8629 32.9185
74.2192 32.3695
72.2252 32.6751
72.5083 32.614
72.9621 33.6408
73.1634 34.5956
73.7955 34.531
73.5936 35.3097
73.5714 35.4318
72.0645 36.5918
71.4015 35.7689
71.2422 36.3874
70.8142 36.3
71.2247 36.3347
71.1009 37.2676
71.1839 36.7064
71.1919 35.7266
71.6516 35.9892
72.6745 35.8459
71.6117 36.5836
71.3863 35.7769
70.8534 35.581
69.853 34.5975
69.3784 32.8794
69.6382 31.8778
69.0256 32.8109
68.9063 33.4424
68.8101 34.5686
68.8098 34.1764
69.0312 36.1468
68.22 36.9148
69.3046 37.7722
68.3985 38.8306
69.301 38.0547
67.808 37.1185
68.7962 37.0448
69.4655 37.307
70.346 37.7593
70.6968 38.4701
71.9094 38.8318
72.0516 38.2545
71.7482 40.0233
71.2125 40.7018
71.3332 41.0164
71.6889 40.4121
71.5656 40.9256
73.05 41.5454
72.5424 41.9721
72.7653 42.1706
73.8228 42.0934
72.8977 42.6867
71.1118 42.7315
72.2868 44.173
71.8654 44.9539
69.8813 44.1332
71.1434 44.1365
70.6293 44.8253
71.2113 46.202
69.6411 46.5995
70.2977 45.4304
71.7289 46.3553
70.9489 45.2881
71.1055 43.7244
71.0208 42.8845
70.6165 42.8683
68.8635 41.6243
67.1983 40.6777
67.4507 39.2289
67.4311 37.8295
66.9556 38.2486
67.6451 37.9031
66.9432 38.1298
66.6877 39.1082
66.9698 39.0185
64.6462 37.8473
64.3202 35.4244
64.5294 34.5363
63.3836 36.0711
64.3229 35.775
63.4781 35.0562
63.9145 35.5208
64.8523 35.0514
65.8565 34.4343
66.6207 36.1345
66.4187 35.3122
66.4947 34.4416
67.6172 33.3356
67.8848 35.0289
66.48 35.1536
66.1065 34.8573
64.7616 32.9395
64.3078 32.5304
64.8911 32.4607
65.0672 33.9207
65.253 34.2579
65.4238 34.22
64.0633 34.28
64.2763 33.5123
64.1284 33.2298
64.2023 33.8192
65.1907 34.5755
65.0489 34.6276
65.2332 34.7035
66.5619 33.3011
68.5755 32.8716
69.3866 32.7755
68.9298 34.0307
69.015 35.7827
69.102 36.9422
68.2971 37.528
68.4551 37.1852
70.0278 38.1145
71.1548 36.7627
72.8941 36.1442
74.3718 35.8617
73.3743 35.0549
71.8163 36.352
71.3064 37.0687
70.8953 37.879
71.0762 38.8104
71.1916 40.2718
70.4724 41.0107
68.3329 41.4781
68.3323 40.4466
69.398 40.3894
70.361 40.9157
71.2651 40.5184
70.0464 42.4904
70.2793 41.9264
70.7755 41.5635
69.8494 43.2492
70.6535 45.0594
71.4053 45.3612
72.6468 47.0915
74.1774 47.7217
72.9217 48.8789
72.3954 50.13
71.7952 47.9821
71.6312 47.3777
72.8557 47.0918
71.2015 47.6501
69.6723 47.8599
70.6733 48.5131
70.5026 49.336
69.6257 50.0158
69.5996 50.7234
69.5845 50.4157
70.4579 50.2076
69.5642 48.2295
67.5813 47.3382
67.0644 45.6265
67.6366 45.4085
69.2187 46.6471
70.7178 47.4231
69.5464 49.4178
68.5986 50.8026
68.0213 50.597
68.8188 50.028
70.3013 52.7837
71.0331 53.1642
71.2428 53.7638
71.1673 53.9658
70.6199 54.1258
70.0353 53.0234
69.7547 53.4482
69.4527 52.9892
70.5445 52.9791
71.6689 51.7342
71.982 51.6107
71.7156 49.9229
70.724 49.2537
69.2521 46.6483
69.2067 46.5802
69.9214 46.4346
71.7435 46.1648
71.5273 46.8459
71.3916 46.8351
71.1833 46.0134
74.273 46.4741
75.3878 46.5331
75.7386 47.1619
76.6098 47.0752
77.6375 46.9798
77.777 46.688
77.8207 46.0185
76.7469 45.0091
76.6195 44.0296
76.2998 45.018
75.9861 45.8518
74.5029 45.392
73.5584 46.0169
74.3015 47.2821
73.8322 46.4353
72.9956 47.0552
72.0518 46.7005
72.5807 45.6553
73.118 45.1338
72.445 47.3156
72.5805 49.8758
73.7873 49.3427
75.2279 47.9445
75.4257 47.6876
75.2967 47.491
75.3446 47.5396
75.6104 48.9321
75.1525 49.2616
74.3564 50.8084
73.1547 49.9527
73.9109 48.7057
75.0992 49.3941
75.6595 49.439
74.8775 49.8783
73.293 47.6276
72.4758 47.5583
72.4865 46.1731
73.983 45.9749
73.2654 44.5578
72.106 45.3719
71.8135 46.3527
71.1113 46.5872
70.8875 46.0784
69.8305 45.7232
67.6262 44.8303
66.5033 44.0338
66.3018 42.669
67.0858 41.6358
68.135 40.9443
68.1183 40.1614
68.4203 40.7398
68.351 39.9437
70.1507 39.1446
70.2673 38.6963
70.2427 37.6815
69.307 38.9027
69.3899 39.6517
68.7832 40.524
69.6381 38.7443
68.9935 38.5197
67.4998 38.3611
66.7053 37.687
67.2469 37.3457
68.5601 35.4686
68.6964 35.4833
68.984 35.0669
69.8912 34.4543
70.8518 35.5217
70.2856 35.7894
69.5817 35.1519
69.0029 33.8682
69.1397 34.1624
67.9893 33.4769
68.6141 32.5744
69.002 33.046
69.7788 32.3566
70.2692 31.9225
70.2838 31.789
71.6966 31.3839
70.8317 31.194
69.8785 30.7843
69.0806 29.8
67.5407 29.8339
66.3065 29.5724
66.1892 30.2904
64.673 29.8753
63.8701 30.5078
63.45 30.0781
63.9968 28.2863
64.6354 27.1368
64.6763 27.5877
63.0624 28.1723
63.0083 29.3017
62.7752 28.6859
62.1377 28.9417
62.1655 27.6403
61.4945 27.104
63.6672 26.3485
64.8381 25.1091
66.24 24.0139
66.2773 23.7441
64.3012 23.2286
64.5175 22.6058
65.9347 23.4291
65.7101 23.8272
66.1053 23.4734
66.5667 23.151
67.2778 22.994
66.7582 22.3883
64.852 23.1314
63.889 22.384
63.0827 21.8433
63.4825 22.0488
64.7637 21.9485
64.9747 20.1745
64.7883 20.8403
64.5913 20.8935
63.6723 20.0394
63.2765 18.6987
64.3133 19.5023
63.9242 20.0575
63.9314 19.1147
64.3873 19.2045
62.8636 18.1883
63.9035 18.431
64.3911 18.6797
64.1265 18.8654
63.8826 17.2662
63.4186 16.068
64.9595 14.54
65.2538 13.5989
66.3981 13.2998
66.032 14.4526
66.4276 16.1833
66.6441 16.1025
65.1186 14.6194
65.0601 14.7895
65.2278 15.2334
67.0172 16.6612
67.0346 17.2566
65.8498 17.9549
64.8765 17.3528
65.7555 16.6667
65.6208 16.5696
65.8639 17.3539
65.9318 17.8446
66.7141 18.2536
66.7769 17.3735
65.9288 18.1213
64.8857 19.0578
65.0146 20.1786
63.8417 21.326
65.0185 21.5116
65.0555 23.9104
64.9007 23.3254
65.4602 23.7452
64.9865 23.676
64.5814 23.9695
62.1403 25.4871
62.5139 26.0592
62.2528 26.4259
61.4491 25.7784
60.2983 25.8432
61.2377 24.6721
62.4671 23.0817
64.3064 23.9
66.172 23.0296
67.0448 22.4209
67.0338 22.9522
66.5767 21.9868
66.7918 21.4584
68.043 21.3929
68.3582 20.1557
68.5085 20.0434
67.3966 19.8118
67.8784 17.9995
67.5147 16.3075
67.7149 15.1803
68.7264 13.4445
67.7881 13.3483
69.3858 14.7912
70.4473 15.4448
69.7021 13.5563
68.674 11.7015
68.0169 11.401
68.3201 13.0832
68.7634 13.2403
69.2598 14.2972
70.0675 14.3142
70.7025 14.7588
71.6384 13.4936
73.3167 14.7957
73.8117 16.1308
74.3116 15.9313
73.0186 18.0705
74.3543 18.9603
74.7006 19.8396
75.1562 20.625
76.9986 20.8537
77.5212 19.9721
76.711 18.2471
75.1594 17.5197
75.8612 15.9446
76.9449 16.3525
77.4424 16.1524
76.8106 15.3843
76.5218 16.4698
77.3627 16.7912
76.7006 18.2914
75.2123 17.6207
74.7689 17.1156
73.5358 16.7034
74.331 16.5234
75.138 15.6886
74.0844 13.53
73.7119 14.5018
75.2492 14.4855
75.2224 13.5625
75.4999 14.1616
75.9661 13.6456
74.1881 13.3956
73.8885 11.534
74.4292 10.5883
75.4508 11.0542
76.7432 9.89169
76.9437 8.9114
77.0925 9.96152
76.6881 9.41746
76.3187 10.2587
76.3663 11.4032
75.9209 10.6006
77.1727 9.67925
75.9618 9.86832
76.4545 9.03416
77.4382 8.24007
78.1312 8.69731
78.3689 7.35828
78.2017 6.83876
79.2596 7.43146
79.0134 7.24639
78.2039 7.47694
79.4537 6.90842
80.0189 6.26002
80.0415 5.39433
80.6903 3.9231
79.8792 1.97445
79.0725 1.69348
78.2192 1.48153
79.569 1.1841
81.3221 1.95149
82.4934 2.65561
81.66 2.54747
80.702 2.17983
79.8714 0.469981
81.28 -0.309122
80.7429 0.85255
80.233 2.31033
80.2187 4.09324
80.8436 5.72656
80.5192 6.86668
79.561 7.09509
80.0739 7.8549
79.9759 9.27454
80.6191 10.8828
81.3386 9.32733
81.6791 8.56643
81.6839 6.84244
81.5546 7.15425
81.1963 9.08494
80.6947 8.79804
80.0969 9.2118
80.6928 9.89389
81.0318 8.4648
81.094 9.03272
81.7548 9.42248
82.8196 10.432
85.4541 10.7227
87.3482 9.38091
86.9647 8.32599
87.7808 9.53845
86.8686 8.64313
86.2163 7.16444
86.744 5.87792
88.6518 6.47256
89.822 6.93631
89.001 8.28006
88.2764 10.193
87.4517 9.90057
86.69 10.176
87.0102 10.3035
86.7243 8.81947
86.3323 7.36939
85.9798 7.22066
86.4534 8.93734
85.5716 7.84405
87.0218 8.15515
87.9841 7.92615
87.8093 7.29245
86.6128 6.93195
86.1824 6.73128
87.0534 6.24227
87.5543 5.58782
87.5421 5.43368
87.5234 5.20682
87.0702 5.14206
87.7166 5.04036
87.6691 5.12391
86.2033 5.81792
86.0496 6.15231
86.4977 7.21601
88.185 5.90882
89.818 5.24254
89.1476 6.33063
87.7109 6.22302
88.1376 5.74665
88.2838 4.53498
89.4819 3.47844
90.1836 3.21157
88.7934 3.71195
88.7637 3.34846
88.4891 3.79682
87.4371 5.72573
86.4743 6.79381
85.9675 7.46503
86.2989 7.4199
85.764 8.16545
85.1433 8.93349
85.8138 8.76458
86.2882 9.93471
86.7397 9.69007
87.7347 9.92549
88.5141 11.5358
88.5045 11.1792
88.7754 9.68067
89.0988 8.58003
87.803 9.56179
87.5756 10.7504
88.4285 10.7581
89.4512 10.8843
91.8524 9.97408
92.2549 7.96821
90.8428 6.84306
91.0248 5.93387
89.9942 5.04152
89.1162 7.33313
87.3433 7.74848
85.7221 6.87141
84.7143 5.85429
85.3315 6.14843
87.1068 7.27064
87.0762 7.75517
87.5752 8.33268
87.5305 8.36827
84.6281 8.45081
83.4404 9.42412
83.3262 7.6515
83.2954 6.46876
83.8162 6.89395
84.9561 6.114
84.5026 4.83346
82.3356 5.0644
81.7582 4.99076
81.964 4.49356
80.6807 4.84109
81.9812 4.31638
84.763 3.07452
84.5925 1.59225
84.7619 0.926761
85.3335 0.945539
85.8937 0.460988
84.5889 -1.1135
82.7749 -1.06841
82.9506 -1.5849
83.1501 -2.33308
82.4801 -3.31237
82.2911 -3.36221
80.7454 -2.95247
80.0363 -2.72161
79.0728 -1.52901
78.592 -0.926258
76.8673 -0.670194
76.4542 0.306845
76.7993 0.541501
76.2864 1.32979
77.4058 1.17571
77.8481 0.985731
78.274 1.39701
77.767 1.89393
78.0277 2.78903
78.2301 3.52361
76.3728 2.14089
77.4751 1.71178
77.9371 2.03005
77.1095 0.910671
77.302 1.43337
75.308 2.20041
75.2401 2.6724
75.3834 1.31274
77.5132 -0.477913
76.9966 0.187802
76.3909 0.416462
74.9226 -0.0131101
74.0349 -1.46508
73.2613 -1.39421
73.6427 -1.32744
74.315 -2.46779
73.2431 -2.68745
73.359 -4.19398
73.2155 -3.50756
73.4363 -2.94856
72.7538 -2.98684
72.2252 -3.17332
72.6436 -2.63544
72.8087 -3.63921
74.189 -4.12026
73.7642 -4.40202
73.5353 -3.44323
75.2626 -3.57435
76.0834 -3.96603
76.3464 -2.56327
76.6054 -1.43212
76.8255 -2.53297
77.3799 -2.31223
75.4325 -4.32765
74.8595 -4.14326
74.7102 -4.42516
74.8664 -4.47774
74.8507 -4.80401
75.4709 -5.60671
74.7454 -5.95127
74.3274 -4.65447
74.1207 -3.4778
74.1792 -3.64505
74.6381 -4.3932
74.191 -5.39977
75.837 -5.7645
76.4952 -5.38864
75.7143 -4.05131
74.2139 -4.80903
74.946 -4.13434
75.4355 -5.06993
74.7087 -5.59677
74.8936 -7.07772
75.1759 -5.70023
74.1094 -3.04092
74.0112 -3.47158
72.7871 -3.02279
73.5331 -1.74045
75.7478 -0.357415
75.078 -0.955458
74.9694 -0.815252
74.2984 -0.416642
74.9023 1.21306
74.4554 1.91173
75.2156 3.90335
76.3676 4.427
75.9192 4.18241
75.4921 3.40953
74.3305 3.12963
72.7531 3.72198
73.5253 4.52825
71.4089 3.82649
71.8452 4.01125
71.5265 3.28852
72.5557 2.05774
71.7209 1.49455
70.2462 -0.362439
69.0766 0.422289
68.2158 -0.633922
67.8707 -2.23552
67.5901 -1.82575
65.8412 -1.33507
65.9051 -0.813412
66.7492 -1.67519
68.2622 0.0483584
68.524 0.236265
68.5235 0.937813
68.254 0.251614
68.9242 0.0330748
68.771 -1.43199
67.0356 -2.20518
65.2136 -2.7243
63.3809 -3.78452
61.7023 -3.32593
61.0426 -3.73711
61.6159 -3.50634
60.3154 -3.45528
58.7934 -3.60385
59.2159 -2.63414
59.6533 -2.89962
61.405 -3.52729
60.5128 -2.31072
59.1285 -2.98107
59.7124 -4.04355
58.9804 -4.28649
58.9162 -4.85365
58.2867 -5.05265
57.9055 -5.16834
58.252 -5.02893
59.4537 -6.83858
60.0014 -6.49243
60.2202 -7.23891
60.943 -6.50147
60.1707 -8.32326
60.4832 -7.27494
61.3522 -7.37771
61.2172 -7.4319
62.0621 -7.36025
60.8433 -6.95055
61.4065 -7.58026
61.8451 -7.58333
61.2431 -7.74932
62.1614 -7.26808
62.8348 -6.84864
62.2978 -6.07348
62.5677 -5.65944
61.7824 -6.43423
63.3037 -7.10713
62.9753 -5.06315
61.9218 -5.34565
59.9166 -4.34153
59.8607 -4.30711
60.2441 -4.41112
59.1205 -5.17809
59.5945 -5.67126
59.3164 -7.89147
61.0318 -9.25528
62.2401 -8.99653
61.2253 -7.78446
61.5148 -8.29551
59.1776 -8.01897
59.124 -8.92012
59.7277 -9.74346
59.0762 -9.84116
58.6175 -10.474
59.37 -10.0568
60.1067 -10.5029
59.5604 -9.21264
59.5359 -8.20069
57.6079 -6.99579
57.7933 -6.78233
57.9017 -6.02194
58.005 -6.34234
56.1017 -7.39671
55.8921 -7.61747
55.857 -8.74017
55.686 -8.17833
54.1866 -9.37693
53.2238 -10.137
51.1135 -8.41943
49.5905 -7.15494
49.7937 -6.76252
49.8015 -8.2748
49.6821 -9.17022
50.6124 -10.8654
50.9095 -10.9092
51.6506 -10.4523
51.7989 -10.5767
51.8097 -11.4619
52.5366 -11.385
53.8824 -11.4951
53.2132 -12.2942
52.2491 -11.7091
52.5527 -10.5915
49.6734 -9.58253
50.1516 -9.18439
50.2684 -11.2492
50.6575 -11.1642
49.4607 -11.6009
46.9975 -11.8736
46.449 -11.7204
46.4364 -12.568
45.4543 -12.8187
45.2586 -14.4408
47.4319 -14.1445
49.1015 -14.5337
49.6095 -13.6439
49.5771 -14.0212
49.6643 -14.3869
49.5917 -14.9084
49.7832 -14.904
48.8846 -14.6523
48.6219 -13.6394
48.4979 -14.0363
48.3114 -13.5254
49.2453 -12.6317
47.6763 -12.1133
47.0895 -12.8471
46.8556 -12.1626
46.5275 -12.4966
45.9213 -11.4738
45.4825 -11.463
45.168 -11.6393
44.9353 -10.5169
44.8225 -10.8639
45.634 -10.8356
45.6295 -8.9474
44.8743 -7.6385
44.5191 -8.26981
45.2736 -8.52137
46.3298 -8.77684
47.5215 -9.35399
46.8994 -8.66677
46.4118 -8.55944
45.5935 -7.69411
45.1925 -5.6863
45.1052 -4.47152
44.6902 -4.50933
47.3409 -2.45712
48.6183 -3.30024
47.7355 -3.66379
48.3291 -3.66953
49.125 -4.46761
49.4561 -3.27663
49.3278 -3.15445
50.199 -2.38788
50.8153 -2.49108
49.1938 -3.61188
47.4279 -4.12147
47.3795 -2.94455
46.2239 -2.84541
45.2388 -1.91386
45.5514 -2.81856
45.8317 -1.01991
44.8909 0.859812
45.65 1.50387
45.5204 1.3509
45.1917 0.929026
45.2592 0.441056
45.8525 0.215836
45.182 2.01589
45.7137 1.62747
45.9948 1.23835
45.3331 1.35804
44.6884 2.23604
44.019 2.37237
44.7328 3.31615
46.3764 2.45936
47.7956 2.84508
47.8889 3.39399
49.3926 3.3852
48.6031 1.97757
48.0681 1.02018
50.037 0.589586
52.3044 1.71861
49.8978 3.06197
48.2177 2.14553
48.2494 2.15096
46.4593 1.08538
44.0752 -0.285018
43.6951 0.101158
42.6606 -0.710528
42.9267 -1.08369
43.2584 -1.09498
43.6262 -0.579946
43.1756 0.0551641
44.7841 0.238519
45.9408 0.813578
46.3765 0.907988
45.7496 1.44371
45.055 0.954373
45.7857 1.81336
46.7233 3.1694
46.2373 1.89446
46.6255 2.68669
44.7322 1.60049
45.7685 1.83495
44.9822 2.23601
44.1922 1.28955
44.237 -0.407201
45.3745 -0.824597
46.5205 -0.487624
46.6318 -0.159209
47.8931 0.952331
47.2762 0.369966
46.1943 0.456154
46.8499 1.21602
46.4444 3.13684
45.3536 4.40238
45.2393 5.01302
44.5737 5.96477
44.8231 7.22513
44.4864 7.85864
45.7057 6.06511
47.294 6.52843
47.7547 5.71999
47.4752 4.82366
47.7161 5.64884
47.0226 4.45417
46.3401 3.10037
45.9946 3.02955
44.9017 4.91237
45.5677 5.40202
45.9825 5.72187
44.4187 5.93189
44.4873 6.75851
45.9626 7.21632
45.9487 7.58376
45.5481 7.85737
45.1867 8.01725
45.7937 6.72305
46.3972 3.98207
47.2712 3.48155
47.1617 3.166
46.3248 5.53427
47.3248 4.64422
46.8014 4.67425
46.2656 4.69404
47.4777 4.20629
47.1554 4.41379
48.4814 5.80406
48.6916 7.23137
48.3758 8.2299
49.4063 7.32697
50.3985 6.15294
50.3704 5.3782
49.1077 5.90503
48.9207 5.58519
49.7171 5.81366
51.1725 6.26992
51.914 4.72196
53.3794 3.28708
53.2162 2.74984
53.3596 3.58935
53.2444 2.5972
53.1675 1.81614
54.6613 2.75023
56.1294 3.08677
57.0108 3.29531
55.9685 1.23082
54.6407 -0.545039
54.96 0.620192
54.8327 1.56599
54.2906 0.941654
52.3937 0.97436
51.7013 0.59509
51.3094 0.45684
52.2094 -0.182077
53.3945 -0.802239
53.5877 -0.34394
53.3965 -0.615109
52.2125 -1.30622
50.5593 -0.612938
48.8983 0.763086
46.7 2.47094
47.8734 4.35055
47.9977 4.47485
47.1325 5.76453
47.3335 4.67809
45.6406 3.05396
43.6314 3.45729
44.0964 4.60788
43.3517 5.81728
41.778 4.88689
43.1225 3.37392
45.0428 3.93681
44.6955 3.05134
44.4428 3.38366
43.4182 2.91717
43.4124 3.13831
42.7192 3.38522
41.3958 2.7724
39.3937 1.96464
37.3683 1.27718
37.1888 0.839398
36.9199 0.113412
36.7129 0.0553951
38.088 1.60967
36.4163 2.58588
35.8033 1.93695
36.8552 2.3353
36.6114 1.5629
35.9964 1.08941
37.2195 1.50449
38.1319 1.08346
38.1005 1.01272
38.3816 0.345977
37.9845 1.44945
37.0831 1.47867
36.6287 0.812513
36.4398 -0.147979
35.2857 0.398937
35.9771 0.799698
35.7684 0.697964
34.3642 0.73664
34.561 1.35062
34.0455 1.81918
33.5736 0.831523
34.4573 0.127542
33.7124 0.0081474
33.0154 -0.0635941
33.0428 -1.01582
33.4194 -1.27249
31.5314 -1.40357
31.6305 -0.421617
32.3622 0.307879
31.4829 -1.34964
30.8255 -1.03252
30.5991 -0.749939
31.3153 -0.832371
31.3816 -1.60476
32.7655 -1.51965
34.1822 -0.816901
34.3217 -1.91117
34.6978 -2.14003
33.9409 -0.430988
34.1979 -0.73742
33.3276 0.0437154
32.9394 0.834063
33.1535 0.103239
32.9275 -0.436835
32.5842 -1.20704
32.9026 -2.42778
32.9795 -2.66095
32.8122 -2.65193
32.5933 -2.74874
33.3947 -4.08602
32.1346 -5.44383
31.5742 -5.42481
30.1737 -4.93168
31.5694 -5.13253
32.2001 -6.27256
31.5271 -5.41441
31.4393 -6.46384
30.706 -4.817
30.422 -4.66579
29.1871 -4.87315
29.5678 -4.71706
31.01 -5.63356
31.1431 -4.87339
29.335 -4.81169
28.7131 -6.73611
28.8743 -7.91398
29.3715 -7.99381
27.8442 -8.14931
26.8614 -7.36879
28.0254 -8.27674
27.3213 -7.33877
26.7473 -6.29382
27.6557 -6.91485
27.3329 -6.51256
26.0349 -6.69401
25.3988 -6.03185
25.0298 -5.78984
23.6826 -6.20832
21.839 -7.00706
22.4787 -6.80978
23.3038 -5.70307
23.5468 -7.04127
23.2017 -5.80415
23.4899 -5.50728
22.5241 -5.76462
21.7012 -5.91308
21.3033 -5.87085
20.7993 -4.42366
19.5117 -5.46563
21.0686 -5.48506
22.2682 -3.53337
22.6425 -3.11243
23.2302 -2.65372
22.6722 -2.61483
21.5262 -2.12559
21.4394 -1.93354
23.0929 -2.30462
24.3119 -3.18795
24.3505 -3.14532
26.5773 -2.87058
27.375 -2.94269
26.9688 -5.19967
27.5665 -5.84069
27.8621 -6.00354
27.4163 -5.67512
27.7798 -4.43958
27.127 -5.66691
27.067 -6.63822
25.6361 -5.69549
25.7364 -3.91464
27.0845 -3.61327
28.3294 -3.02447
28.3116 -2.04888
27.6393 -0.9913
26.5508 -0.916939
26.4955 1.02786
28.0104 2.47862
28.0535 4.6066
27.2665 3.88437
26.3314 4.35776
25.3142 3.88272
24.6182 4.11294
25.28 5.26564
23.8809 3.99763
21.8052 3.52091
21.0691 4.23588
20.4578 4.53857
18.6224 4.42363
18.4325 3.82538
19.7756 5.38861
20.128 6.6449
19.3614 5.60283
20.7195 5.47199
21.3667 6.2965
22.6035 6.28447
22.3867 6.84285
22.0663 4.99299
22.5511 5.79116
24.0029 5.38827
25.778 5.83033
27.2459 5.65733
28.1704 5.57113
27.1847 4.2286
26.6011 3.10231
25.527 2.81463
24.8875 3.52728
24.7301 4.21754
24.3223 4.52213
24.391 4.82327
24.225 4.965
24.8362 4.64773
24.894 3.76022
23.9128 2.79282
22.6728 2.01479
21.9121 2.65792
21.9122 3.0693
22.1535 2.51644
22.6616 2.35353
22.4757 1.78632
22.2971 0.869387
22.0336 -1.11834
21.6881 -1.08214
20.4787 -0.123636
21.4623 -0.401452
21.7117 -2.16077
19.9208 -2.35347
18.3225 -2.18903
18.5476 -2.08161
16.923 -3.55376
17.2232 -4.14633
16.6512 -3.65737
16.2417 -3.28513
16.7082 -2.62032
17.5737 -3.71476
17.908 -3.72569
16.4189 -3.21752
16.6039 -2.50749
17.1626 -1.79707
16.8775 -1.37548
16.65 -0.613096
18.3428 -0.423426
18.6559 0.732013
20.0297 2.70728
20.8419 0.789456
19.8752 -0.324885
21.0558 -0.924712
20.4541 0.015888
22.1974 0.902599
23.0564 0.0847181
22.3687 -2.09796
21.4082 -3.04428
23.2363 -3.81089
23.7461 -4.84678
25.1242 -3.79976
24.9265 -5.25861
24.7073 -5.01921
23.8599 -4.05344
23.8037 -4.48848
22.6287 -5.48377
22.4745 -6.01064
22.3112 -4.22804
20.9376 -4.43364
20.4359 -5.24863
19.7295 -5.046
19.0584 -4.41852
18.891 -5.0779
19.8854 -4.56479
20.8569 -5.07489
21.8443 -4.85351
20.6831 -3.6118
21.5135 -3.20937
21.2649 -2.34312
21.6297 -1.82366
24.2436 -0.590885
25.6908 0.935051
26.8808 1.38849
27.879 2.41211
27.928 2.815
28.8244 3.83465
29.5539 5.38269
29.6651 5.75261
28.9772 4.4557
28.3088 5.61894
27.7328 4.2814
28.3781 3.79571
28.9805 3.69028
30.2892 3.48821
29.8773 3.40274
29.9104 3.97256
31.5359 4.65938
32.224 5.74526
32.9501 6.74761
33.6544 5.66857
34.5464 5.16274
36.1111 4.91369
37.0065 6.02944
35.8854 7.51607
34.7546 5.92612
34.6756 5.18914
35.9989 4.1673
37.429 2.32315
35.9866 2.8375
36.2328 2.76769
36.0727 3.18776
35.2889 3.12804
34.4281 3.92813
33.8471 5.44439
34.6496 5.99639
32.6822 5.87366
31.7001 3.23077
31.6103 2.98644
32.0025 3.99325
31.9455 3.90093
32.8211 5.44762
33.3463 5.76186
35.0017 5.96703
36.2946 5.10658
36.0847 5.11348
35.6457 5.33419
35.9165 5.65008
36.2193 5.06389
37.2058 6.31154
37.1834 5.84576
38.0345 3.49473
38.1166 3.45492
38.4306 2.81888
38.7233 2.9498
40.1875 4.62623
40.7647 5.0952
40.9791 5.72692
43.1299 7.10433
44.1439 8.00916
45.4433 7.46013
46.1305 8.30368
47.2908 7.13886
48.8636 7.5834
49.6417 8.39323
50.0816 9.83487
51.3076 9.48679
51.999 9.11748
50.9901 9.06331
50.8413 8.60684
50.0957 6.8036
50.3733 5.75305
50.457 5.54889
51.3921 4.93832
52.1795 5.0278
52.4139 4.99461
53.9386 3.4613
53.2469 3.87889
51.0293 3.74773
49.3895 4.03076
50.0974 3.99659
51.066 3.02056
50.9796 2.31842
49.81 2.52796
48.4457 3.67328
48.557 3.88154
47.2661 3.72958
47.6654 2.69333
49.7559 2.42879
49.4663 2.02076
48.4073 1.38066
49.4311 0.0144765
48.9777 -0.272491
47.9748 1.29382
47.3513 3.61731
46.4888 3.79327
46.6873 2.63821
44.9624 2.36328
44.7447 2.84237
45.8404 3.47358
44.4111 3.49127
43.2028 4.31137
42.6581 5.00277
43.5848 6.40078
43.007 7.48836
41.4165 6.57424
41.732 6.0517
40.6469 6.97152
40.8389 8.22722
42.4652 7.99476
42.6396 6.6548
42.8239 8.05221
42.9461 8.69367
43.0438 9.35935
42.9081 10.6936
44.4391 9.95558
45.1229 9.7199
45.2293 9.89629
44.4423 11.3811
43.622 10.7647
45.294 10.5506
45.1247 9.68554
46.9107 8.92507
48.9299 9.66716
48.9254 9.19535
47.6017 7.04857
46.5206 7.0075
46.6669 7.56674
48.304 7.27035
47.7 6.83024
47.6895 6.16562
49.3921 6.91724
48.399 6.64287
49.1071 5.93096
49.6485 6.26317
50.4854 6.61768
51.6014 6.12662
49.9809 6.39112
48.7253 7.29038
48.5437 6.33602
47.7654 5.39339
47.0158 5.95605
45.6499 5.47889
46.0295 5.43844
47.0066 6.73954
47.596 8.12285
47.6035 9.34723
46.8766 8.42213
45.2962 7.03974
44.9329 7.54041
46.2404 7.41517
47.5991 8.47586
46.4639 8.90025
45.5116 9.93716
45.4635 10.9522
46.6237 10.4635
47.8834 8.20167
48.2926 8.02395
47.7019 7.77663
46.3076 9.14934
46.8317 9.7725
46.3122 8.78025
45.9567 9.49828
46.7113 10.8618
46.6079 10.1973
46.7412 9.92781
48.0391 8.7942
47.1803 8.10504
46.4128 8.05592
45.3108 8.60897
47.2707 8.15933
48.6499 7.33829
49.827 6.65494
50.6162 4.86022
51.8536 4.75748
52.2141 5.54864
52.7813 6.32969
52.8967 7.16422
52.8765 7.80611
51.5233 8.40318
50.1705 9.21058
48.9042 9.40948
49.9663 8.74693
50.0597 7.93476
48.732 8.75915
47.7679 9.22815
46.8316 9.51703
46.4237 9.11416
45.4258 10.3317
44.1396 11.2252
44.4168 10.6149
44.5491 10.3771
44.648 9.1294
45.891 9.27698
45.6504 9.26472
46.3302 8.23687
44.5593 7.46824
44.5524 8.2197
44.2731 8.23703
43.1197 7.38072
43.1491 7.64522
41.9146 7.26298
41.7063 7.96389
42.0598 8.03948
40.6059 8.43946
39.168 9.43241
37.7013 11.2327
36.4035 11.3846
35.964 10.8762
35.355 11.5945
36.0534 13.1018
35.4238 12.5073
34.8068 12.4266
35.2809 11.6585
34.8716 9.46014
32.3841 7.92703
30.7809 8.23614
30.8922 6.52276
29.8697 6.12972
30.0759 6.21602
30.3989 5.57642
31.2791 4.07086
29.5503 4.46766
27.1738 4.48347
26.7422 5.80842
26.9039 6.55791
26.0644 7.18336
25.9611 7.22923
25.4084 8.24695
24.9486 7.46328
24.7294 8.77598
23.3531 9.47353
22.6646 8.80418
22.1794 8.32903
22.2486 8.39808
21.5751 6.26891
22.2541 4.31578
22.0981 3.88875
22.1539 6.27953
21.0415 7.40109
21.9955 8.40374
21.9726 7.91683
21.0457 7.28372
20.8978 8.22155
22.7522 8.63781
23.5223 8.17216
24.1986 6.75322
23.462 5.908
23.8358 6.91539
23.2484 6.01292
23.4581 5.80806
24.0869 6.48288
22.4962 6.51744
22.2871 5.52936
22.9479 4.45451
25.1831 4.611
26.3772 3.18571
25.2408 2.07143
25.202 2.29741
24.2177 2.84522
24.5543 3.5335
24.384 3.95239
23.3689 4.13981
23.0805 4.31927
23.9497 4.15384
23.9146 4.37222
22.7829 3.48498
20.487 3.09524
20.0528 1.90356
18.6514 2.54271
18.343 4.81417
18.031 4.67889
17.9093 3.88891
18.5059 2.6791
19.0805 4.39124
18.9287 5.9044
21.7373 6.51793
22.2726 4.8743
22.1791 1.86291
22.162 2.49484
21.649 3.71394
22.5322 3.52611
23.8871 4.40544
25.3024 6.82005
25.446 5.94223
26.3171 3.95295
26.0474 4.8528
24.6689 3.1604
23.7204 3.18088
24.3211 1.99156
24.8385 0.754382
23.0297 -0.701684
20.7361 -0.919126
20.5085 -0.356821
20.4258 0.942087
20.6688 -0.0787385
21.0476 -0.613166
22.003 -1.93566
20.2658 -1.70265
19.3571 -0.0862671
18.453 0.196321
18.2022 -1.44127
17.0352 -0.974612
17.501 -1.14981
17.8388 -0.0355688
18.0008 0.87742
17.8112 0.479972
17.6844 1.96662
18.1679 1.92545
17.6189 3.04217
17.2008 3.46318
15.9106 2.51823
16.9207 2.54119
16.7165 2.13765
16.9251 3.32955
15.6294 4.01818
16.6556 4.13144
17.9641 5.20597
18.5281 4.44048
18.983 5.91557
19.3491 6.38436
17.6125 6.47269
18.2628 5.91582
18.342 5.25594
17.1185 5.90944
18.0709 4.22937
18.4386 3.17478
17.3226 1.7682
16.2254 1.32798
15.1277 -0.588033
15.3029 -1.14564
14.0837 -0.609534
13.9317 0.885575
14.8046 1.82673
15.8859 1.03464
15.8424 0.319374
16.5614 1.18749
15.8367 0.0825679
15.7153 -2.56405
17.1186 -4.25124
17.387 -4.16116
16.6207 -4.79342
15.9019 -4.23057
14.8546 -4.48307
16.4192 -5.67071
17.5677 -6.32583
18.169 -7.06373
18.3074 -8.09975
17.2078 -9.06332
17.246 -9.49868
19.2369 -10.0006
20.0774 -11.4348
18.6273 -11.1553
17.7229 -10.6558
18.9223 -10.3001
19.3327 -8.84877
18.2546 -7.60085
