76.3993 33.7383
76.5705 35.0509
74.1932 34.8088
74.7288 34.5779
74.3303 36.4757
73.7607 37.9589
73.0636 36.7913
72.7469 37.9271
72.8167 38.5245
73.5593 38.822
73.8557 40.1149
74.3755 42.424
75.0556 43.8004
75.4082 42.5333
74.1357 42.7779
75.2398 42.6774
73.4799 43.3353
71.3141 44.5224
71.159 44.7276
70.1656 44.2129
72.1535 41.9215
72.0543 41.4503
72.4605 41.6026
72.5189 43.8061
74.6307 46.2672
75.6498 46.5059
75.7687 45.0762
74.7391 45.9731
75.3058 45.7243
75.9436 44.6374
76.5435 43.3133
77.4604 42.8677
78.6559 41.831
78.3541 40.94
79.5298 38.8916
80.5094 39.8398
81.7098 41.1736
82.542 42.3134
82.4662 42.5027
82.8768 41.8945
82.3126 41.8113
82.9068 42.0793
81.2457 41.0612
81.4842 40.8423
82.4494 39.9314
83.9635 38.9513
84.8669 37.9309
85.1573 37.7951
84.3749 36.6565
83.9564 36.4272
83.7298 36.6507
83.2432 36.2459
83.7877 35.5348
83.1604 36.1819
81.8295 36.7856
80.9013 35.4069
80.1903 35.8465
81.1084 36.1031
81.3506 36.4878
79.6724 36.4456
78.5764 35.921
79.2922 35.7578
80.7736 35.8217
81.2057 38.3271
83.3715 39.8464
84.8842 40.9514
85.8522 41.8664
86.6592 40.8997
87.0226 39.8703
86.0115 39.5185
85.2735 40.4178
84.8797 40.5977
86.2878 42.6223
87.1997 43.4837
88.5602 44.2155
88.8345 44.0731
89.3194 43.4886
88.1541 43.3665
87.419 45.0039
87.6101 46.2216
89.5158 45.671
89.241 44.9005
89.1953 42.4266
89.4882 40.9215
88.6642 41.1132
87.5473 42.2702
88.6652 42.0413
90.4645 40.6064
89.902 38.758
89.9813 38.8275
90.7632 38.9225
91.1117 37.8015
90.9204 37.476
89.7697 39.111
89.0731 39.657
89.2765 40.0385
87.8787 39.4701
87.774 38.0741
88.1826 38.0938
88.7819 38.8319
89.4822 37.2779
90.4282 37.8249
89.5537 37.0194
88.7667 37.4078
87.8477 36.5228
85.6398 36.5542
85.8713 36.6289
86.5059 35.9331
88.4109 34.852
90.1403 35.7803
90.8916 35.6423
90.191 35.851
90.2915 34.4144
89.7517 35.2926
91.1017 35.2595
92.4817 34.9889
92.301 33.5357
92.6783 32.9652
93.7344 31.8101
93.3873 31.0886
93.4903 29.4436
92.4256 30.1269
91.6718 31.9745
92.5774 32.4117
92.9966 31.6384
92.6774 30.3046
91.6669 29.9347
91.345 30.6041
90.9661 30.655
89.56 32.1927
90.1561 31.7451
88.937 31.3647
88.9009 31.9563
88.9477 32.8794
90.247 33.7104
90.7228 31.9091
92.7177 31.0261
91.971 32.4274
91.1006 32.3934
89.3962 34.4272
87.9304 35.5
87.9044 36.7291
87.7965 36.8404
86.8561 38.1411
87.3226 38.0153
86.2941 35.836
85.5223 34.2285
85.6886 34.5762
85.9661 34.6248
86.3867 34.8153
88.2025 35.4729
89.9584 34.163
92.2195 32.4451
93.1495 31.5208
92.5826 30.765
92.5365 31.4857
92.4282 31.4971
94.5633 31.5392
94.0001 29.542
93.5736 28.9443
92.2702 29.8921
91.0632 28.4395
90.7928 29.0037
91.4597 27.9917
92.1056 28.2535
90.099 27.8228
89.9388 27.9994
91.1671 27.7459
91.8031 25.3305
91.9068 23.2023
92.7525 21.6532
92.9912 20.8335
94.1617 21.3504
92.3335 22.3315
90.7631 22.3857
90.6202 22.7382
91.8824 22.1881
91.3968 22.7126
91.9953 23.6509
91.942 23.5509
91.8767 23.857
93.0962 23.6909
91.2101 21.9156
91.6625 20.4946
91.1158 20.2206
90.229 21.3846
90.4857 20.9762
90.9458 19.9691
91.3646 21.1856
92.0629 21.5116
92.2226 21.6889
92.2527 22.7887
92.5455 21.9362
93.3849 21.4352
93.9792 21.4408
93.9999 21.1584
93.6591 22.2169
91.9265 21.8652
91.8638 20.4483
91.5626 20.7572
92.477 21.2172
92.6638 20.7062
92.1297 18.9187
92.8426 20.7669
92.2786 21.0999
93.2518 22.0995
94.183 23.1849
93.8567 23.5896
94.4317 22.67
93.5911 23.4971
94.3438 23.225
94.3745 24.8881
92.5496 25.1078
91.3281 25.3137
90.5346 24.7206
91.9913 25.3182
90.4138 25.0845
90.0004 25.5045
90.5298 27.9591
91.9921 30.0525
93.161 32.1716
91.4364 32.8642
90.033 32.0227
89.6483 32.6473
88.4186 31.7905
87.0655 32.1994
87.9636 32.4123
87.6376 33.454
86.6711 33.9267
85.173 33.6892
83.7286 34.8803
83.9973 35.7832
83.9822 37.4447
83.412 37.4654
83.1079 35.6187
83.8645 36.0865
84.562 37.3198
83.4448 37.3373
81.1911 36.7157
81.6677 35.5974
83.3125 35.3978
83.6077 34.5363
84.9446 33.7264
84.7038 33.3208
84.0571 31.6835
84.2686 31.5346
85.7459 31.5596
86.1129 32.0395
86.6106 30.7625
85.4218 29.5909
84.82 29.5703
83.9184 30.3716
82.6581 30.2945
83.635 29.288
84.1925 28.2448
84.5211 28.6609
83.77 29.9325
83.014 30.0746
82.649 29.0132
83.0755 28.7028
82.6057 30.4416
82.9725 32.2794
82.6295 31.7321
81.5622 31.7095
79.5819 30.8167
79.9819 30.9043
82.0898 29.3312
82.5687 29.0442
82.4385 29.7386
81.7916 29.4258
81.357 27.6303
81.0564 26.5219
81.1304 25.7538
80.4415 27.8107
80.2771 28.9358
80.5062 29.5677
80.4483 30.1969
81.9087 29.9967
81.8513 29.9131
83.0237 29.7767
82.4228 29.964
81.9703 30.3979
83.5114 30.4481
82.483 30.5929
82.3906 30.6127
84.5062 31.3682
85.0899 31.1763
84.2317 32.5615
83.7475 32.4017
83.0624 34.2867
82.4373 34.6225
82.9388 35.2361
81.1807 35.366
80.0694 35.2723
80.7238 36.7583
81.1534 35.251
81.1162 33.3232
80.8228 32.6845
81.3897 32.8457
81.6643 31.8273
81.3485 33.037
79.8007 34.5328
78.3803 35.322
77.9445 36.7312
78.9798 37.8158
80.6619 37.4747
81.1805 36.6847
81.2678 36.141
82.2383 37.418
83.0273 38.449
81.5383 38.1915
79.8023 39.5792
79.5077 39.3089
81.2 38.0297
84.4862 38.1258
85.3656 37.9587
85.6752 37.2477
86.3486 37.0789
86.2662 36.6441
85.1844 36.3484
85.4615 35.631
86.8705 36.0953
85.2712 36.9088
85.4867 35.8899
85.9141 35.7423
86.222 36.4255
87.1039 36.2419
85.8526 36.3378
85.8402 36.7771
84.9293 36.156
85.2241 35.0576
86.5284 33.7691
88.0697 32.8119
88.4552 31.4134
89.0291 31.6825
88.9063 31.9799
88.4865 31.7882
87.2719 31.0033
86.7333 30.7404
85.8967 31.289
85.2649 30.0579
85.2449 28.9724
85.8249 28.0051
85.6022 28.7755
85.4988 27.999
86.676 27.6889
86.375 27.0438
86.0063 27.3333
84.4831 28.375
85.4205 29.1436
84.8901 28.8193
82.5751 28.4598
81.9077 28.0399
81.9467 26.9232
82.4366 25.2645
81.0151 24.5875
81.0334 25.2685
81.1225 23.1128
81.0315 23.1881
80.726 23.2778
81.3155 23.1203
80.6632 22.6113
80.0177 21.9405
80.2867 22.9685
80.0904 23.7043
79.175 23.9167
78.7507 24.1438
80.4545 25.0144
80.5074 24.2489
80.6954 24.2183
80.5937 24.4583
81.6982 23.9132
83.8608 22.9703
84.3247 24.4308
83.9893 23.9707
84.7626 23.432
84.2026 23.42
84.1101 23.0094
84.7491 22.4148
83.6706 22.52
83.572 23.9259
83.7531 23.3822
84.5278 22.5162
84.5317 22.5536
84.1296 23.3752
84.1506 22.8886
82.9489 22.7662
83.1332 23.5015
83.15 22.7224
83.8515 22.5357
84.882 22.9325
86.6958 22.2925
87.7637 22.033
87.6034 21.5717
89.4578 24.3374
91.4334 25.8324
90.8364 25.9314
91.7948 25.61
91.941 25.0104
92.9555 25.0591
91.6768 25.5881
92.2636 25.6833
92.0925 27.2846
92.4032 26.6445
92.6913 24.2285
92.6451 22.4242
91.2596 21.0867
92.2574 20.9495
91.7364 20.1889
92.7249 20.5369
92.9077 19.9015
93.3619 19.5034
92.7577 19.1441
92.5992 18.1391
90.5751 17.5456
90.3281 17.0184
89.4828 17.1758
88.5335 17.7155
87.817 15.8144
87.8907 14.0513
88.0081 14.8205
86.5506 15.7769
85.8721 15.7035
86.7059 15.5042
87.5456 15.9819
86.4133 16.4852
86.3589 16.19
85.3506 17.0601
86.0369 18.3747
87.0196 18.2554
86.3401 18.1237
86.5898 18.6218
86.8682 18.5246
88.4738 18.4179
89.1804 18.584
89.4095 18.6979
91.7519 19.0829
94.6062 19.7603
96.3552 19.4221
95.7512 18.9943
97.0223 20.6746
96.886 22.5031
95.0995 22.0917
94.2068 20.86
93.4529 19.9036
92.696 20.1575
93.8625 20.419
94.4647 20.4614
94.0038 21.4469
93.3871 20.7864
92.7546 19.1284
92.7243 18.2291
92.4166 19.4033
92.5243 19.4135
93.9611 19.6534
94.3056 20.0857
95.1078 20.0623
95.2628 20.2206
95.5025 18.6372
97.1326 18.3872
96.1318 19.4042
94.863 19.4137
95.6238 18.3828
95.5656 19.7236
95.2569 19.5381
94.4866 19.8002
92.7223 18.9258
91.7559 18.1886
90.1852 19.5636
90.5953 21.1124
90.7558 21.2709
92.1726 19.0825
90.0852 18.0413
89.2518 16.4644
89.3269 15.448
90.4486 15.5203
89.8033 15.0818
90.1166 14.6196
91.4642 13.6047
92.2791 13.049
92.6863 13.5324
93.8847 12.7727
95.7233 13.9216
96.6546 15.4448
95.6957 17.0636
95.724 18.6168
95.7029 19.6453
97.1576 19.8526
96.9589 19.3053
94.8226 19.016
93.8434 18.8935
94.0267 18.101
93.6604 17.0912
92.7094 17.1026
91.5221 18.6207
90.773 20.106
88.6655 20.6855
87.96 21.9898
89.1688 22.8628
89.2186 24.3835
88.417 23.0548
89.1069 22.7085
87.8341 24.8691
88.9987 26.4862
88.1738 26.4065
87.965 26.8182
87.5333 25.7594
86.1065 25.3341
86.2659 27.1177
86.4301 27.0017
85.9034 26.0682
84.7149 26.2133
82.6357 27.2326
80.9897 26.1373
79.8471 25.8005
80.2682 25.677
81.0314 24.5408
80.2673 23.3746
79.2693 23.9223
78.9832 24.6447
79.7502 26.0772
80.8156 25.6958
82.1167 26.2336
80.8218 28.1538
80.7271 29.3168
79.8239 28.6607
80.1873 28.5357
80.4986 29.6807
79.7965 29.0979
78.5044 27.9025
76.9364 27.6282
75.6433 28.2125
74.3502 30.2538
74.5185 32.3938
74.8629 32.9185
74.2192 32.3695
72.2252 32.6751
72.5083 32.614
72.9621 33.6408
73.1634 34.5956
73.7955 34.531
73.5936 35.3097
73.5714 35.4318
72.0645 36.5918
71.4015 35.7689
71.2422 36.3874
70.8142 36.3
71.2247 36.3347
71.1009 37.2676
71.1839 36.7064
71.1919 35.7266
71.6516 35.9892
72.6745 35.8459
71.6117 36.5836
71.3863 35.7769
70.8534 35.581
69.853 34.5975
69.3784 32.8794
69.6382 31.8778
69.0256 32.8109
68.9063 33.4424
68.8101 34.5686
68.8098 34.1764
69.0312 36.1468
68.22 36.9148
69.3046 37.7722
68.3985 38.8306
69.301 38.0547
67.808 37.1185
68.7962 37.0448
69.4655 37.307
70.346 37.7593
70.6968 38.4701
71.9094 38.8318
72.0516 38.2545
71.7482 40.0233
71.2125 40.7018
71.3332 41.0164
71.6889 40.4121
71.5656 40.9256
73.05 41.5454
72.5424 41.9721
72.7653 42.1706
73.8228 42.0934
72.8977 42.6867
71.1118 42.7315
72.2868 44.173
71.8654 44.9539
69.8813 44.1332
71.1434 44.1365
70.6293 44.8253
71.2113 46.202
69.6411 46.5995
70.2977 45.4304
71.7289 46.3553
70.9489 45.2881
71.1055 43.7244
71.0208 42.8845
70.6165 42.8683
68.8635 41.6243
67.1983 40.6777
67.4507 39.2289
67.4311 37.8295
66.9556 38.2486
67.6451 37.9031
66.9432 38.1298
66.6877 39.1082
66.9698 39.0185
64.6462 37.8473
64.3202 35.4244
64.5294 34.5363
63.3836 36.0711
64.3229 35.775
63.4781 35.0562
63.9145 35.5208
64.8523 35.0514
65.8565 34.4343
66.6207 36.1345
66.4187 35.3122
66.4947 34.4416
67.6172 33.3356
67.8848 35.0289
66.48 35.1536
66.1065 34.8573
64.7616 32.9395
64.3078 32.5304
64.8911 32.4607
65.0672 33.9207
65.253 34.2579
65.4238 34.22
64.0633 34.28
64.2763 33.5123
64.1284 33.2298
64.2023 33.8192
65.1907 34.5755
65.0489 34.6276
65.2332 34.7035
66.5619 33.3011
68.5755 32.8716
69.3866 32.7755
68.9298 34.0307
69.015 35.7827
69.102 36.9422
68.2971 37.528
68.4551 37.1852
70.0278 38.1145
71.1548 36.7627
72.8941 36.1442
74.3718 35.8617
73.3743 35.0549
71.8163 36.352
71.3064 37.0687
70.8953 37.879
71.0762 38.8104
71.1916 40.2718
70.4724 41.0107
68.3329 41.4781
68.3323 40.4466
69.398 40.3894
70.361 40.9157
71.2651 40.5184
70.0464 42.4904
70.2793 41.9264
70.7755 41.5635
69.8494 43.2492
70.6535 45.0594
71.4053 45.3612
72.6468 47.0915
74.1774 47.7217
72.9217 48.8789
72.3954 50.13
71.7952 47.9821
71.6312 47.3777
72.8557 47.0918
71.2015 47.6501
69.6723 47.8599
70.6733 48.5131
70.5026 49.336
69.6257 50.0158
69.5996 50.7234
69.5845 50.4157
70.4579 50.2076
69.5642 48.2295
67.5813 47.3382
67.0644 45.6265
67.6366 45.4085
69.2187 46.6471
70.7178 47.4231
69.5464 49.4178
68.5986 50.8026
68.0213 50.597
68.8188 50.028
70.3013 52.7837
71.0331 53.1642
71.2428 53.7638
71.1673 53.9658
70.6199 54.1258
70.0353 53.0234
69.7547 53.4482
69.4527 52.9892
70.5445 52.9791
71.6689 51.7342
71.982 51.6107
71.7156 49.9229
70.724 49.2537
69.2521 46.6483
69.2067 46.5802
69.9214 46.4346
71.7435 46.1648
71.5273 46.8459
71.3916 46.8351
71.1833 46.0134
74.273 46.4741
75.3878 46.5331
75.7386 47.1619
76.6098 47.0752
77.6375 46.9798
77.777 46.688
77.8207 46.0185
76.7469 45.0091
76.6195 44.0296
76.2998 45.018
75.9861 45.8518
74.5029 45.392
73.5584 46.0169
74.3015 47.2821
73.8322 46.4353
72.9956 47.0552
72.0518 46.7005
72.5807 45.6553
73.118 45.1338
72.445 47.3156
72.5805 49.8758
73.7873 49.3427
75.2279 47.9445
75.4257 47.6876
75.2967 47.491
75.3446 47.5396
75.6104 48.9321
75.1525 49.2616
74.3564 50.8084
73.1547 49.9527
73.9109 48.7057
75.0992 49.3941
75.6595 49.439
74.8775 49.8783
73.293 47.6276
72.4758 47.5583
72.4865 46.1731
73.983 45.9749
73.2654 44.5578
72.106 45.3719
71.8135 46.3527
71.1113 46.5872
70.8875 46.0784
69.8305 45.7232
67.6262 44.8303
66.5033 44.0338
66.3018 42.669
67.0858 41.6358
68.135 40.9443
68.1183 40.1614
68.4203 40.7398
68.351 39.9437
70.1507 39.1446
70.2673 38.6963
70.2427 37.6815
69.307 38.9027
69.3899 39.6517
68.7832 40.524
69.6381 38.7443
68.9935 38.5197
67.4998 38.3611
66.7053 37.687
67.2469 37.3457
68.5601 35.4686
68.6964 35.4833
68.984 35.0669
69.8912 34.4543
70.8518 35.5217
70.2856 35.7894
69.5817 35.1519
69.0029 33.8682
69.1397 34.1624
67.9893 33.4769
68.6141 32.5744
69.002 33.046
69.7788 32.3566
70.2692 31.9225
70.2838 31.789
71.6966 31.3839
70.8317 31.194
69.8785 30.7843
69.0806 29.8
67.5407 29.8339
66.3065 29.5724
66.1892 30.2904
64.673 29.8753
63.8701 30.5078
63.45 30.0781
63.9968 28.2863
64.6354 27.1368
64.6763 27.5877
63.0624 28.1723
63.0083 29.3017
62.7752 28.6859
62.1377 28.9417
62.1655 27.6403
61.4945 27.104
63.6672 26.3485
64.8381 25.1091
66.24 24.0139
66.2773 23.7441
64.3012 23.2286
64.5175 22.6058
65.9347 23.4291
65.7101 23.8272
66.1053 23.4734
66.5667 23.151
67.2778 22.994
66.7582 22.3883
64.852 23.1314
63.889 22.384
63.0827 21.8433
63.4825 22.0488
64.7637 21.9485
64.9747 20.1745
64.7883 20.8403
64.5913 20.8935
63.6723 20.0394
63.2765 18.6987
64.3133 19.5023
63.9242 20.0575
63.9314 19.1147
64.3873 19.2045
62.8636 18.1883
63.9035 18.431
64.3911 18.6797
64.1265 18.8654
63.8826 17.2662
63.4186 16.068
64.9595 14.54
65.2538 13.5989
66.3981 13.2998
66.032 14.4526
66.4276 16.1833
66.6441 16.1025
65.1186 14.6194
65.0601 14.7895
65.2278 15.2334
67.0172 16.6612
67.0346 17.2566
65.8498 17.9549
64.8765 17.3528
65.7555 16.6667
65.6208 16.5696
65.8639 17.3539
65.9318 17.8446
66.7141 18.2536
66.7769 17.3735
65.9288 18.1213
64.8857 19.0578
65.0146 20.1786
63.8417 21.326
65.0185 21.5116
65.0555 23.9104
64.9007 23.3254
65.4602 23.7452
64.9865 23.676
64.5814 23.9695
62.1403 25.4871
62.5139 26.0592
62.2528 26.4259
61.4491 25.7784
60.2983 25.8432
61.2377 24.6721
62.4671 23.0817
64.3064 23.9
66.172 23.0296
67.0448 22.4209
67.0338 22.9522
66.5767 21.9868
66.7918 21.4584
68.043 21.3929
68.3582 20.1557
68.5085 20.0434
67.3966 19.8118
67.8784 17.9995
67.5147 16.3075
67.7149 15.1803
68.7264 13.4445
67.7881 13.3483
69.3858 14.7912
70.4473 15.4448
69.7021 13.5563
68.674 11.7015
68.0169 11.401
68.3201 13.0832
68.7634 13.2403
69.2598 14.2972
70.0675 14.3142
70.7025 14.7588
71.6384 13.4936
73.3167 14.7957
73.8117 16.1308
74.3116 15.9313
73.0186 18.0705
74.3543 18.9603
74.7006 19.8396
75.1562 20.625
76.9986 20.8537
77.5212 19.9721
76.711 18.2471
75.1594 17.5197
75.8612 15.9446
76.9449 16.3525
77.4424 16.1524
76.8106 15.3843
76.5218 16.4698
77.3627 16.7912
76.7006 18.2914
75.2123 17.6207
74.7689 17.1156
73.5358 16.7034
74.331 16.5234
75.138 15.6886
74.0844 13.53
73.7119 14.5018
75.2492 14.4855
75.2224 13.5625
75.4999 14.1616
75.9661 13.6456
74.1881 13.3956
73.8885 11.534
74.4292 10.5883
75.4508 11.0542
76.7432 9.89169
76.9437 8.9114
77.0925 9.96152
76.6881 9.41746
76.3187 10.2587
76.3663 11.4032
75.9209 10.6006
77.1727 9.67925
75.9618 9.86832
76.4545 9.03416
77.4382 8.24007
78.1312 8.69731
78.3689 7.35828
78.2017 6.83876
79.2596 7.43146
79.0134 7.24639
78.2039 7.47694
79.4537 6.90842
80.0189 6.26002
80.0415 5.39433
80.6903 3.9231
79.8792 1.97445
79.0725 1.69348
78.2192 1.48153
79.569 1.1841
81.3221 1.95149
82.4934 2.65561
81.66 2.54747
80.702 2.17983
79.8714 0.469981
81.28 -0.309122
80.7429 0.85255
80.233 2.31033
80.2187 4.09324
80.8436 5.72656
80.5192 6.86668
79.561 7.09509
80.0739 7.8549
79.9759 9.27454
80.6191 10.8828
81.3386 9.32733
81.6791 8.56643
81.6839 6.84244
81.5546 7.15425
81.1963 9.08494
80.6947 8.79804
80.0969 9.2118
80.6928 9.89389
81.0318 8.4648
81.094 9.03272
81.7548 9.42248
82.8196 10.432
85.4541 10.7227
87.3482 9.38091
86.9647 8.32599
87.7808 9.53845
86.8686 8.64313
86.2163 7.16444
86.744 5.87792
88.6518 6.47256
89.822 6.93631
89.001 8.28006
88.2764 10.193
87.4517 9.90057
86.69 10.176
87.0102 10.3035
86.7243 8.81947
86.3323 7.36939
85.9798 7.22066
86.4534 8.93734
85.5716 7.84405
87.0218 8.15515
87.9841 7.92615
87.8093 7.29245
86.6128 6.93195
86.1824 6.73128
87.0534 6.24227
87.5543 5.58782
87.5421 5.43368
87.5234 5.20682
87.0702 5.14206
87.7166 5.04036
87.6691 5.12391
86.2033 5.81792
86.0496 6.15231
86.4977 7.21601
88.185 5.90882
89.818 5.24254
