74.7051 34.6044
75.5614 41.1684
63.6745 39.9561
66.3529 38.8039
64.3594 48.2887
61.5131 55.7126
58.0269 49.8716
56.4425 55.5452
56.7923 58.5365
60.505 60.0218
61.9871 66.4876
64.5864 78.0329
67.9867 84.9156
69.7497 78.5785
63.3873 79.8023
68.9078 79.3014
60.1085 82.5905
49.279 88.5235
48.5042 89.5543
43.537 86.981
53.476 75.5206
52.9798 73.1617
55.0105 73.9233
55.3037 84.9459
65.8621 97.2477
70.9582 98.4458
71.5522 91.2943
66.4046 95.78
69.2379 94.5351
72.4267 89.1008
75.4263 82.4804
80.0104 80.2509
85.9887 75.0696
84.4782 70.6083
90.3576 60.371
95.2553 65.1085
101.258 71.7836
105.419 77.482
105.04 78.4264
107.093 75.3862
104.271 74.9654
107.242 76.3089
98.9377 71.2209
100.129 70.1243
104.956 65.5695
112.527 60.6721
117.043 55.5659
118.496 54.8925
114.582 49.1888
112.491 48.0509
111.357 49.163
108.925 47.1406
111.647 43.5854
108.51 46.8166
101.856 49.8414
97.215 42.9476
93.6595 45.1417
98.2508 46.4283
99.4616 48.3529
91.0701 48.1392
85.591 45.5205
89.1689 44.699
96.577 45.0244
98.7369 57.5481
109.567 65.1485
117.129 70.6689
121.968 75.2379
126.006 70.4232
127.822 65.2711
122.766 63.5033
119.075 67.9934
117.108 68.9038
124.148 79.027
128.706 83.3265
135.509 86.9872
136.881 86.2761
139.306 83.3539
133.48 82.7511
129.804 90.9375
130.759 97.0217
140.289 94.2712
138.917 90.4306
138.685 78.0446
140.15 70.5235
136.029 71.4753
130.446 77.2692
136.037 76.1311
145.031 68.9434
142.218 59.7026
142.614 60.044
146.524 60.5202
148.266 54.9144
147.31 53.2881
141.554 61.4522
138.073 64.1908
139.089 66.097
132.103 63.2673
131.579 56.283
133.621 56.377
136.619 60.0723
140.12 52.3043
144.848 55.0303
140.476 51.0069
136.541 52.9435
131.949 48.5386
120.907 48.6834
122.066 49.063
125.237 45.5726
134.762 40.1667
143.409 44.8099
147.167 44.1272
143.664 45.1735
144.168 37.9937
141.469 42.3856
148.217 42.2076
155.118 40.8605
154.214 33.5943
156.101 30.7375
161.379 24.9549
159.646 21.3624
160.162 13.1402
154.835 16.5402
151.067 25.7786
155.596 27.9714
157.693 24.1071
156.099 17.4507
151.045 15.5938
149.434 18.9345
147.541 19.195
140.51 26.882
143.491 24.6456
137.392 22.7288
137.213 25.692
137.448 30.3121
143.942 34.4568
146.321 25.4486
156.297 21.0446
152.565 28.0548
148.212 27.8752
139.691 38.0547
132.359 43.4018
132.232 49.5654
131.69 50.1099
126.989 56.6198
129.321 55.9843
124.179 45.096
120.32 37.0529
121.151 38.7906
122.539 39.0383
124.641 39.9849
133.725 43.296
142.503 36.7379
153.805 28.1348
158.457 23.516
155.62 19.7346
155.39 23.3349
154.85 23.4004
165.523 23.5985
162.708 13.6172
160.575 10.6301
154.061 15.3779
148.025 8.11504
146.672 10.9286
150.005 5.86181
153.237 7.18118
143.203 5.02281
142.405 5.92145
148.545 4.65105
151.726 -7.42581
152.241 -18.089
156.471 -25.8302
157.665 -29.9174
163.522 -27.3149
154.375 -22.4314
146.525 -22.1571
145.813 -20.3788
152.118 -23.1641
149.691 -20.5352
152.687 -15.8238
152.416 -16.3488
152.093 -14.805
158.192 -15.6224
148.759 -24.5052
151.024 -31.6018
148.284 -33.0077
143.852 -27.1728
145.139 -29.1957
147.434 -34.2578
149.532 -28.1631
153.022 -26.5252
153.823 -25.6295
153.975 -20.1327
155.436 -24.4044
159.626 -26.9477
162.602 -26.8951
162.709 -28.2858
161.004 -22.9984
152.342 -24.7593
152.029 -31.8418
150.52 -30.3151
155.09 -28.0111
156.029 -30.5511
153.357 -39.4932
156.923 -30.247
154.102 -28.5891
158.97 -23.5768
163.623 -18.1684
161.991 -16.1456
164.868 -20.73
160.67 -16.5637
164.431 -17.942
164.585 -9.62604
155.456 -8.55294
149.351 -7.51238
145.382 -10.4813
152.665 -7.49981
144.776 -8.67416
142.708 -6.57747
145.362 5.73275
152.669 16.1731
158.513 26.7649
149.888 30.222
142.875 26.0347
140.949 29.1449
134.801 24.8575
128.037 26.9159
132.525 27.9666
130.899 33.1912
126.065 35.5533
118.573 34.3545
111.351 40.3094
112.695 44.8284
112.62 53.1403
109.769 53.241
108.248 44.0038
112.032 46.3463
115.519 52.512
109.933 52.5971
98.664 49.4903
101.048 43.9045
109.271 42.9013
110.746 38.5889
117.43 34.5379
116.228 32.5167
112.994 24.3316
114.051 23.5836
121.439 23.7117
123.273 26.1069
125.761 19.7218
119.817 13.8631
116.809 13.7622
112.302 17.777
105.998 17.3776
110.884 12.357
113.671 7.13807
115.314 9.21122
111.557 15.5669
107.778 16.2834
105.954 10.9841
108.086 9.42416
105.737 18.1195
107.57 27.306
105.857 24.5752
100.519 24.4573
90.6176 19.9933
92.6166 20.4263
103.157 12.567
105.553 11.137
104.9 14.5982
101.667 13.046
99.496 4.07894
97.9909 -1.47559
98.3595 -5.32389
94.9168 4.96914
94.0929 10.5833
95.2407 13.7579
94.9502 16.896
102.252 15.9011
101.965 15.476
107.827 14.7943
104.822 15.7315
102.56 17.8999
110.265 18.1498
105.124 18.8753
104.662 18.9794
115.24 22.7535
118.158 21.7945
113.868 28.7265
111.446 27.9167
108.021 37.348
104.894 39.0209
107.403 42.0926
98.613 42.7486
93.0555 42.2739
96.3277 49.7063
98.4757 42.1667
98.2899 32.5304
96.8234 29.3402
99.6574 30.1422
101.03 25.0512
99.4515 31.0987
91.7116 38.5726
84.6105 42.5243
82.431 49.5691
87.6079 54.9914
96.019 53.2906
98.6108 49.3349
99.0476 46.6189
103.9 53.0022
107.845 58.1553
100.4 56.8708
91.7207 63.8122
90.2479 62.4609
98.7086 56.0619
115.139 56.5425
119.538 55.7103
121.085 52.1568
124.452 51.308
124.04 49.1329
118.63 47.652
120.017 44.072
127.061 46.3914
119.064 50.4498
120.142 45.3605
122.28 44.632
123.818 48.039
128.229 47.1265
121.972 47.6009
121.91 49.8034
117.354 46.6886
118.83 41.2046
125.351 34.7603
133.055 29.9623
134.984 22.9778
137.854 24.3267
137.241 25.8203
135.144 24.8675
129.068 20.9315
126.377 19.6281
122.192 22.3606
119.033 16.2001
118.931 10.764
121.834 5.94467
120.719 9.78798
120.205 5.91765
126.088 4.35
124.583 1.12911
122.739 2.57726
115.124 7.78696
119.812 11.633
117.161 10.0188
105.586 8.22577
102.247 6.11115
102.441 0.521167
104.89 -7.77339
97.7856 -11.1397
97.8733 -7.7568
98.3234 -18.5089
97.8653 -18.1519
96.3402 -17.6881
99.2867 -18.485
96.0235 -21.0391
92.7961 -24.388
94.1416 -19.2516
93.1613 -15.5638
88.5823 -14.5092
86.462 -13.3704
94.9826 -9.00909
95.2447 -12.8458
96.1885 -12.9792
95.677 -11.7957
101.2 -14.5186
112.012 -19.2442
114.33 -11.9407
112.653 -14.2401
116.525 -16.9104
113.723 -16.9805
113.262 -19.027
116.452 -22.0202
111.06 -21.4959
110.567 -14.4654
111.479 -17.1548
115.351 -21.4925
115.367 -21.3229
113.352 -17.2297
113.464 -19.632
107.453 -20.2543
108.376 -16.573
108.459 -20.4761
111.971 -21.3883
117.117 -19.4315
126.189 -22.6201
131.526 -23.9266
130.725 -26.2317
140.004 -12.3766
149.873 -4.93704
146.891 -4.42845
151.682 -6.03737
152.414 -9.03763
157.481 -8.8154
151.091 -6.1555
154.024 -5.68246
153.171 2.33608
154.728 -0.848348
156.169 -12.922
155.934 -21.9649
149.007 -28.6544
153.996 -29.3305
151.386 -33.1752
156.33 -31.4196
157.252 -34.5499
159.515 -36.5831
156.498 -38.3681
155.707 -43.3751
145.583 -46.3645
144.349 -48.9939
140.125 -48.2003
135.381 -45.4734
131.79 -55.041
132.155 -63.8631
132.749 -59.9811
125.461 -55.2107
122.067 -55.5838
126.243 -56.5337
130.438 -54.1652
124.77 -51.6942
124.504 -53.1319
119.462 -48.785
122.897 -42.1942
127.807 -42.8062
124.408 -43.4758
125.658 -40.9818
127.048 -41.4746
135.079 -41.9874
138.609 -41.1702
139.757 -40.5934
151.467 -38.6735
165.747 -35.2409
174.484 -36.9854
171.459 -39.1508
177.822 -30.7069
177.14 -21.5653
168.205 -23.6361
163.741 -29.8038
159.972 -34.5752
156.189 -33.3041
162.019 -31.9939
165.03 -31.7918
162.731 -26.841
159.643 -30.1622
156.48 -38.464
156.33 -42.935
154.785 -37.1096
155.334 -37.0022
162.511 -35.8441
164.228 -33.7066
168.246 -33.7779
169.022 -32.9868
170.22 -40.9109
178.376 -42.1292
173.371 -37.0401
167.022 -37.0354
170.821 -42.2119
170.538 -35.4573
168.999 -36.3601
165.144 -35.074
156.316 -39.4851
151.487 -43.1456
143.637 -36.2528
145.687 -28.5112
146.487 -27.7305
153.569 -38.6957
143.138 -43.8607
138.971 -51.7503
139.341 -56.8509
144.949 -56.5007
141.723 -58.6923
143.293 -60.9896
150.027 -66.0756
154.103 -68.8409
156.139 -66.4306
162.14 -70.1842
171.327 -64.4702
175.981 -56.8711
171.189 -48.7577
171.324 -41.0302
171.229 -35.8295
178.496 -34.8268
177.504 -37.5566
166.818 -39.0239
161.922 -39.6332
162.839 -43.603
161.011 -48.6272
156.261 -48.5493
150.322 -40.9601
146.57 -33.5795
136.041 -30.6382
132.511 -24.1261
138.549 -19.7906
138.802 -12.1641
134.792 -18.823
138.245 -20.532
131.878 -9.74756
137.703 -1.65499
133.58 -2.04365
132.533 -0.00205883
130.374 -5.29777
123.24 -7.41759
124.04 1.50828
124.859 0.918699
122.226 -3.74533
116.283 -3.02084
105.886 2.06999
97.6569 -3.40141
91.9442 -5.08175
94.0504 -5.69631
97.8641 -11.3877
94.0431 -17.2242
89.0545 -14.4788
87.6222 -10.8751
91.4603 -3.69761
96.7864 -5.61149
103.29 -2.92771
96.8181 6.68433
96.3449 12.5007
91.8284 9.21899
93.6452 8.589
95.2009 14.3112
91.6912 11.4014
85.2301 5.42167
77.3896 4.04719
70.9255 6.97795
64.4594 17.179
65.301 27.8795
67.0231 30.5045
63.8041 27.7566
53.8347 29.2877
55.2502 28.9831
57.5193 34.1191
58.5257 38.8923
61.6867 38.5692
60.677 42.4625
60.566 43.073
53.031 48.8709
49.7159 44.7576
48.9195 47.8489
46.7803 47.4156
48.8321 47.5859
48.2132 52.2519
48.6286 49.4466
48.6682 44.5467
50.9667 45.8598
56.0811 45.1424
50.7675 48.8313
49.6408 44.8007
46.9758 43.819
41.9737 38.9013
39.6014 30.3112
40.8999 25.3031
37.8367 29.9665
37.2399 33.1243
36.7587 38.754
36.7575 36.7943
37.8647 46.6476
33.8093 50.4911
39.2313 54.7716
34.7008 60.0655
39.214 56.1873
31.7487 51.5045
36.6894 51.1365
40.0366 52.4491
44.4382 54.7074
46.1924 58.2629
52.2559 60.0734
52.9668 57.1861
51.4496 66.0296
48.7707 69.4198
49.3749 70.9967
51.1526 67.9708
50.5366 70.5407
57.9581 73.6367
55.4206 75.775
56.5356 76.7682
61.8221 76.3761
57.1974 79.3474
48.2675 79.57
54.1418 86.7745
52.0356 90.6815
42.1151 86.5792
48.4256 86.5938
45.855 90.0382
48.7658 96.9249
40.9146 98.9117
44.1968 93.0633
51.353 97.6882
47.4534 92.3556
48.2359 84.5346
47.8129 80.3372
45.7913 80.2542
37.0261 74.0353
28.7005 69.3026
29.9624 62.0599
29.8644 55.0632
27.4866 57.1549
30.934 55.4291
27.4248 56.5637
26.1468 61.4515
27.5582 61.0076
15.94 55.1497
14.3091 43.0337
15.3561 38.5981
9.62716 46.2731
14.3231 44.7885
10.0996 41.1948
12.2813 43.5162
16.9704 41.1718
21.9919 38.0869
25.8122 46.587
24.8018 42.4731
25.182 38.1204
30.7945 32.5898
32.1333 41.0603
25.1078 41.678
23.2418 40.2035
16.5174 30.6133
14.2478 28.5648
17.1639 28.2149
18.0437 35.5129
18.9742 37.2043
19.8275 37.014
13.0247 37.3116
14.0902 33.4742
13.351 32.0623
13.7201 35.008
18.662 38.7907
17.9534 39.0507
18.8752 39.4326
25.5186 32.4199
35.5864 30.2713
39.6416 29.7892
37.3579 36.0687
37.7832 44.8243
38.2182 50.6228
34.1946 53.5542
34.9842 51.84
42.8476 56.4867
48.4822 49.7242
57.1793 46.6341
64.5677 45.2203
59.5801 41.1848
51.79 47.673
49.2401 51.252
47.1857 55.31
48.0904 59.9683
48.6668 67.2722
45.0708 70.9681
34.373 73.3033
34.3701 68.1452
39.6991 67.862
44.5137 70.4911
49.0342 68.5052
42.9405 78.3653
44.1052 75.5444
46.586 73.7285
41.9555 82.1591
45.9763 91.2102
49.7349 92.7177
55.942 101.369
63.5958 104.522
57.3172 110.307
54.6855 116.562
51.6846 105.823
50.8647 102.802
56.9869 101.37
48.7161 104.162
41.0702 105.213
46.0752 108.478
45.2223 112.596
40.8369 115.991
40.7068 119.53
40.6314 117.992
44.9984 116.951
40.5291 107.06
30.6149 102.602
28.0309 94.0471
30.8918 92.9555
38.8024 99.1486
46.2976 103.029
40.4405 113.002
35.7018 119.927
32.815 118.898
36.8025 116.053
44.2155 129.833
47.8743 131.735
48.9227 134.731
48.5448 135.742
45.8082 136.543
42.8851 131.029
41.4827 133.155
39.9722 130.858
45.4315 130.811
51.0531 124.583
52.6183 123.965
51.2863 115.527
46.3289 112.181
38.9693 99.1546
38.7424 98.8162
42.3159 98.0881
51.4263 96.737
50.3451 100.143
49.6669 100.09
48.6257 95.9813
64.0735 98.2816
69.647 98.5759
71.4012 101.721
75.7579 101.291
80.8965 100.812
81.5935 99.3542
81.8123 96.006
76.4432 90.9593
75.8058 86.059
74.2077 91.0046
72.6393 95.1729
65.2233 92.875
60.5003 95.9956
64.2166 102.327
61.8697 98.0897
57.6867 101.189
52.9677 99.4146
55.6128 94.1914
58.2984 91.582
54.9338 102.492
55.6111 115.291
61.6451 112.626
68.8483 105.634
69.8366 104.349
69.1926 103.371
69.4317 103.611
70.7608 110.574
68.4707 112.218
64.4905 119.955
58.4821 115.675
62.2629 109.44
68.2043 112.883
71.0062 113.108
67.0963 115.306
59.174 104.052
55.0882 103.706
55.1409 96.7771
62.6237 95.7886
59.0359 88.7026
53.2383 92.7714
51.7764 97.6776
48.2653 98.8488
47.1462 96.3062
41.8609 94.5275
30.8397 90.0661
25.2252 86.0816
24.2177 79.2571
28.1378 74.093
33.3838 70.6347
33.3 66.7199
34.8103 69.6132
34.4635 65.6293
43.462 61.6348
44.0451 59.3941
43.9224 54.322
39.2434 60.424
39.6578 64.1693
36.625 68.5334
40.8992 59.6349
37.6761 58.5122
30.2075 57.7177
26.2353 54.3484
28.9435 52.6435
35.5092 43.2573
36.1907 43.33
37.6289 41.2468
42.165 38.185
46.9674 43.5208
44.1369 44.8612
40.6168 41.672
37.7232 35.2532
38.4066 36.723
32.6553 33.2991
35.779 28.7818
37.7183 31.1421
41.603 27.6961
44.054 25.523
44.1272 24.8569
51.1914 22.8304
46.8662 21.8785
42.1019 19.8373
38.1115 14.912
30.4128 15.0846
24.2409 13.7742
23.6544 17.3647
16.0739 15.2907
12.0589 18.4506
9.95883 16.3048
12.6923 7.34234
15.8861 1.59937
16.0901 3.84995
8.01967 6.77126
7.75106 12.4251
6.58381 9.33996
3.39718 10.6224
3.5371 4.11842
0.181078 1.431
11.0459 -2.34111
16.8988 -8.54572
23.9116 -14.0048
24.0949 -15.3672
14.2165 -17.9356
15.2952 -21.0623
22.3815 -16.9442
21.2599 -14.9479
23.2372 -16.7107
25.5416 -18.335
29.0947 -19.1326
26.5007 -22.1421
16.9672 -18.4373
12.1567 -22.1542
8.12234 -24.8687
10.118 -23.8607
16.5254 -24.3524
17.5833 -33.2115
16.6485 -29.8921
15.6661 -29.6153
11.0699 -33.8908
9.08674 -40.612
14.2753 -36.5744
12.3274 -33.8124
12.3612 -38.5317
14.6436 -38.0746
7.02391 -43.1554
12.2242 -41.9463
14.6661 -40.6808
13.3446 -39.7463
12.1204 -47.7615
9.79991 -53.7555
17.5087 -61.3689
18.9833 -66.07
24.6962 -67.5999
22.8678 -61.8278
24.846 -53.1707
25.9273 -53.5904
18.302 -60.988
18.0075 -60.1451
18.8473 -57.9222
27.7938 -50.7848
27.8797 -47.8106
21.9561 -44.3268
17.093 -47.3089
21.4856 -50.7556
20.8121 -51.2402
22.0294 -47.3129
22.366 -44.8751
26.2806 -42.811
26.5946 -47.2118
22.3549 -43.4718
17.1373 -38.7963
17.7792 -33.2055
11.9151 -27.466
17.8009 -26.5286
17.9852 -14.5392
17.2133 -17.4565
20.0107 -15.3562
17.6415 -15.7065
15.6141 -14.2475
3.41015 -6.65244
5.27743 -3.79383
3.97272 -1.95778
-0.0462785 -5.19548
-5.79989 -4.86888
-1.10232 -10.7245
5.04592 -18.6715
14.2427 -14.5745
23.5693 -18.9365
27.9331 -21.9836
27.8789 -19.3198
25.5905 -24.1615
26.6662 -26.8044
32.9246 -27.1167
34.4985 -33.3127
35.2519 -33.8696
29.6943 -35.0177
32.1033 -44.0764
30.2768 -52.5731
31.2828 -58.1861
36.3409 -66.8625
31.6494 -67.3422
39.6366 -60.1333
44.9454 -56.8596
41.2218 -66.2936
36.0733 -75.6003
32.7946 -77.0777
34.309 -68.6712
36.5254 -67.8851
39.0047 -62.6116
43.0494 -62.503
46.2198 -60.2984
50.9022 -66.6164
59.2951 -60.0966
61.7663 -53.4385
64.2664 -54.4302
57.8044 -43.7185
64.4809 -39.2848
66.2092 -34.9008
68.4917 -30.9495
77.7037 -29.8072
80.3158 -34.2171
76.261 -42.8654
68.5047 -46.4911
72.0142 -54.3655
77.4364 -52.3104
79.9202 -53.3286
76.7634 -57.1575
75.3167 -51.7421
79.5239 -50.1177
76.2114 -42.6293
68.7704 -45.985
66.5498 -48.5265
60.3859 -50.5787
64.3631 -51.4722
68.3972 -55.6511
63.1304 -66.4442
61.2682 -61.5747
68.9543 -61.6572
68.8188 -66.2819
70.2078 -63.2822
72.5405 -65.8537
63.6493 -67.1123
62.1491 -76.426
64.8569 -81.1347
69.9649 -78.8069
76.4219 -84.6441
77.4305 -89.5054
78.1712 -84.2765
76.1503 -86.9916
74.2978 -82.8165
74.536 -77.0871
72.313 -81.0889
78.5761 -85.6763
72.5197 -84.7406
74.9782 -88.9327
79.8977 -92.8979
83.362 -90.6243
84.5526 -97.3104
83.7161 -99.8993
89.0043 -96.9422
87.7755 -97.8612
83.7291 -96.6907
89.9815 -99.5114
92.8032 -102.783
92.9099 -107.152
96.1636 -114.458
92.0957 -124.27
88.0702 -125.631
83.8055 -126.678
90.5643 -128.107
99.3187 -124.324
105.177 -120.805
101.007 -121.351
96.2157 -123.206
92.0608 -131.769
99.1079 -135.633
96.4195 -129.845
93.8718 -122.544
93.801 -113.63
96.9235 -105.476
95.3014 -99.7819
90.5231 -98.5556
93.083 -94.7819
92.5893 -87.7074
95.8031 -79.6829
99.4015 -87.4563
101.103 -91.2718
101.126 -99.8881
100.484 -98.309
98.6959 -88.6296
96.1806 -90.112
93.1908 -88.0373
96.1666 -84.6526
97.8634 -91.7761
98.1733 -88.9494
101.484 -86.9642
106.813 -81.8921
119.985 -80.4366
129.453 -87.1563
127.535 -92.436
131.615 -86.3852
127.052 -90.8613
123.786 -98.2956
126.431 -104.688
135.968 -101.716
141.822 -99.3921
137.714 -92.6933
134.088 -83.1226
129.965 -84.5913
126.157 -83.2327
127.76 -82.5678
126.336 -89.969
124.364 -97.2778
122.611 -97.9678
124.979 -89.3792
120.565 -94.876
127.81 -93.3615
132.636 -94.4121
131.756 -97.6192
125.767 -99.457
123.624 -100.415
127.977 -102.868
130.483 -106.138
130.424 -106.892
130.326 -108.05
128.064 -108.351
131.286 -108.914
131.06 -108.436
123.73 -104.953
122.958 -103.32
125.192 -98.0489
133.64 -104.515
141.791 -107.926
